      0s    0,0+ Opened C:\Users\hakan\Documents\C#\CEM\MyFirstApp\bin\Debug\net9.0-windows\Log\2026-01-06_14-40-32\PicoGK.log
      0s    0,0+ 
      0s    0,0+ ----------------------------------------
      0s    0,0+ 
      0s    0,0+ Current time (UTC): 2026-01-06 13:40:32 (UTC)
      0s    0,0+ Current local time: 2026-01-06 14:40:32 (+01:00)
      0s    0,0+ 
      0s    0,0+ ----------------------------------------
      0s    0,0+ 
      0s    0,0+ System Info:
      0s    0,0+ 
      0s    0,0+ Machine Name:         GENJU
      0s    0,0+ Operating System      Microsoft Windows 10.0.26100
      0s    0,0+ Version:              Microsoft Windows NT 10.0.26100.0
      0s    0,0+ OS Architecture:      X64
      0s    0,0+ Proc Architecture:    X64
      0s    0,0+ 64 Bit OS:            Yes
      0s    0,0+ 64 Bit Process:       Yes
      0s    0,0+ Processor Count:      24
      0s    0,0+ Working Set:          27MB
      0s    0,0+ C# Framework:         .NET 9.0.11
      0s    0,0+ C# CLR Version:       9.0.11
      0s    0,0+ PicoGK Path:          picogk.1.7
      0s    0,0+ Command Line:         C:\Users\hakan\Documents\C#\CEM\MyFirstApp\bin\Debug\net9.0-windows\MyFirstApp.dll
      0s    0,0+ 
      0s    0,0+ ----------------------------------------
      0s    0,0+ 
      0s    0,0+ Welcome to PicoGK
      0s    0,0+ Creating Viewer
      0s    0,1+ PicoGK:    PicoGK Core Library
      0s    0,0+            1.7.1
      0s    0,0+            2024-08-03 22:17:59 picogk.1.7
      0s    0,0+ 
      0s    0,0+ VoxelSize: 0,5 (mm)
      0s    0,0+ Happy Computational Engineering!
      0s    0,0+ 
      0s    0,0+ 
      0s    0,0+ Loading lights embedded environment
      0s    0,0+ Starting tasks.
      0s    0,0+ 
      0s    0,0+ Loading Lights
      9s    8,9+ [..] Generating Hairpins...
     12s    2,6+ [OK] Generating Hairpins: 2563ms
     12s    0,0+ [..] Generating Stator Core...
     12s    0,2+ [OK] Generating Stator Core: 186ms
     12s    0,0+ [..] Generating Magnets...
     12s    0,1+ [OK] Generating Magnets: 128ms
     82s   70,2+ [..] Generating Hairpins...
     92s    9,8+ [OK] Generating Hairpins: 9825ms
     92s    0,0+ [..] Generating Stator Core...
     93s    0,6+ [OK] Generating Stator Core: 558ms
     93s    0,0+ [..] Generating Magnets...
     93s    0,7+ [OK] Generating Magnets: 668ms
     94s    1,0+ [..] Generating Hairpins...
    104s    9,4+ [OK] Generating Hairpins: 9409ms
    104s    0,0+ [..] Generating Stator Core...
    104s    0,6+ [OK] Generating Stator Core: 557ms
    104s    0,0+ [..] Generating Magnets...
    105s    0,4+ [OK] Generating Magnets: 397ms
    106s    1,3+ [..] Generating Hairpins...
    118s   11,8+ [OK] Generating Hairpins: 11779ms
    118s    0,0+ [..] Generating Stator Core...
    118s    0,5+ [OK] Generating Stator Core: 515ms
    118s    0,0+ [..] Generating Magnets...
    118s    0,4+ [OK] Generating Magnets: 356ms
    119s    0,5+ [..] Generating Hairpins...
    123s    4,3+ [OK] Generating Hairpins: 4348ms
    123s    0,0+ [..] Generating Stator Core...
    124s    0,5+ [OK] Generating Stator Core: 456ms
    124s    0,0+ [..] Generating Magnets...
    124s    0,3+ [OK] Generating Magnets: 317ms
    137s   12,6+ [..] Generating Hairpins...
    140s    3,3+ [OK] Generating Hairpins: 3341ms
    140s    0,0+ [..] Generating Stator Core...
    140s    0,3+ [OK] Generating Stator Core: 339ms
    140s    0,0+ [..] Generating Magnets...
    141s    0,2+ [OK] Generating Magnets: 234ms
    160s   18,8+ [..] Generating Hairpins...
    163s    3,0+ [OK] Generating Hairpins: 3035ms
    163s    0,0+ [..] Generating Stator Core...
    163s    0,3+ [OK] Generating Stator Core: 346ms
    163s    0,0+ [..] Generating Magnets...
    163s    0,2+ [OK] Generating Magnets: 216ms
    169s    5,9+ [..] Generating Hairpins...
    183s   13,8+ [OK] Generating Hairpins: 13752ms
    183s    0,0+ [..] Generating Stator Core...
    183s    0,4+ [OK] Generating Stator Core: 407ms
    183s    0,0+ [..] Generating Magnets...
    183s    0,3+ [OK] Generating Magnets: 250ms
    196s   12,3+ [..] Generating Hairpins...
    198s    2,6+ [OK] Generating Hairpins: 2616ms
    198s    0,0+ [..] Generating Stator Core...
    199s    0,3+ [OK] Generating Stator Core: 337ms
    199s    0,0+ [..] Generating Magnets...
    199s    0,2+ [OK] Generating Magnets: 213ms
    268s   69,2+ [..] Generating Hairpins...
    279s   10,9+ [OK] Generating Hairpins: 10899ms
    279s    0,0+ [..] Generating Stator Core...
    280s    1,1+ [OK] Generating Stator Core: 1121ms
    280s    0,0+ [..] Generating Magnets...
    281s    0,9+ [OK] Generating Magnets: 853ms
    367s   86,0+ [..] Generating Hairpins...
    377s    9,8+ [OK] Generating Hairpins: 9841ms
    377s    0,0+ [..] Generating Stator Core...
    378s    1,0+ [OK] Generating Stator Core: 984ms
    378s    0,0+ [..] Generating Magnets...
    379s    0,7+ [OK] Generating Magnets: 734ms
