      0s    0,0+ Opened C:\Users\hakan\Documents\C#\CEM\MyFirstApp\bin\Debug\net9.0-windows\Log\2026-01-03_06-29-00\PicoGK.log
      0s    0,0+ 
      0s    0,0+ ----------------------------------------
      0s    0,0+ 
      0s    0,0+ Current time (UTC): 2026-01-03 05:29:00 (UTC)
      0s    0,0+ Current local time: 2026-01-03 06:29:00 (+01:00)
      0s    0,0+ 
      0s    0,0+ ----------------------------------------
      0s    0,0+ 
      0s    0,0+ System Info:
      0s    0,0+ 
      0s    0,0+ Machine Name:         GENJU
      0s    0,0+ Operating System      Microsoft Windows 10.0.26100
      0s    0,0+ Version:              Microsoft Windows NT 10.0.26100.0
      0s    0,0+ OS Architecture:      X64
      0s    0,0+ Proc Architecture:    X64
      0s    0,0+ 64 Bit OS:            Yes
      0s    0,0+ 64 Bit Process:       Yes
      0s    0,0+ Processor Count:      24
      0s    0,0+ Working Set:          27MB
      0s    0,0+ C# Framework:         .NET 9.0.11
      0s    0,0+ C# CLR Version:       9.0.11
      0s    0,0+ PicoGK Path:          picogk.1.7
      0s    0,0+ Command Line:         C:\Users\hakan\Documents\C#\CEM\MyFirstApp\bin\Debug\net9.0-windows\MyFirstApp.dll
      0s    0,0+ 
      0s    0,0+ ----------------------------------------
      0s    0,0+ 
      0s    0,0+ Welcome to PicoGK
      0s    0,0+ Creating Viewer
      0s    0,2+ PicoGK:    PicoGK Core Library
      0s    0,0+            1.7.1
      0s    0,0+            2024-08-03 22:17:59 picogk.1.7
      0s    0,0+ 
      0s    0,0+ VoxelSize: 1 (mm)
      0s    0,0+ Happy Computational Engineering!
      0s    0,0+ 
      0s    0,0+ 
      0s    0,0+ Loading lights embedded environment
      0s    0,0+ Starting tasks.
      0s    0,0+ 
      0s    0,0+ Loading Lights
      7s    6,6+ 
      7s    6,6+ --- Starting Scaled-Down BWB Construction ---
     11s    4,4+ --- Construction Complete ---
     21s    9,6+ 
     21s    9,6+ --- Starting Scaled-Down BWB Construction ---
     26s    5,3+ --- Construction Complete ---
     30s    4,2+ 
     30s    4,2+ --- Starting Scaled-Down BWB Construction ---
     36s    5,4+ --- Construction Complete ---
     49s   13,5+ 
     49s   13,5+ --- Starting Scaled-Down BWB Construction ---
     56s    6,5+ --- Construction Complete ---
     58s    1,9+ 
     58s    1,9+ --- Starting Scaled-Down BWB Construction ---
     65s    7,9+ --- Construction Complete ---
     69s    3,7+ 
     69s    3,7+ --- Starting Scaled-Down BWB Construction ---
     73s    4,1+ --- Construction Complete ---
     75s    2,1+ 
     75s    2,1+ --- Starting Scaled-Down BWB Construction ---
     81s    5,4+ --- Construction Complete ---
     83s    2,1+ 
     83s    2,1+ --- Starting Scaled-Down BWB Construction ---
     88s    5,1+ --- Construction Complete ---
     90s    2,2+ 
     90s    2,2+ --- Starting Scaled-Down BWB Construction ---
     95s    5,1+ --- Construction Complete ---
    108s   12,8+ 
    108s   12,8+ --- Starting Scaled-Down BWB Construction ---
    113s    5,0+ --- Construction Complete ---
    115s    1,8+ 
    115s    1,8+ --- Starting Scaled-Down BWB Construction ---
    120s    5,5+ --- Construction Complete ---
    124s    3,8+ 
    124s    3,8+ --- Starting Scaled-Down BWB Construction ---
    130s    5,8+ --- Construction Complete ---
    535s  405,3+ 
    535s  405,3+ --- Starting Scaled-Down BWB Construction ---
    543s    7,4+ --- Construction Complete ---
