      0s    0,0+ Opened C:\Users\hakan\Documents\C#\CEM\MyFirstApp\bin\Debug\net9.0-windows\Log\2026-01-02_04-52-49\PicoGK.log
      0s    0,0+ 
      0s    0,0+ ----------------------------------------
      0s    0,0+ 
      0s    0,0+ Current time (UTC): 2026-01-02 03:52:49 (UTC)
      0s    0,0+ Current local time: 2026-01-02 04:52:49 (+01:00)
      0s    0,0+ 
      0s    0,0+ ----------------------------------------
      0s    0,0+ 
      0s    0,0+ System Info:
      0s    0,0+ 
      0s    0,0+ Machine Name:         GENJU
      0s    0,0+ Operating System      Microsoft Windows 10.0.26100
      0s    0,0+ Version:              Microsoft Windows NT 10.0.26100.0
      0s    0,0+ OS Architecture:      X64
      0s    0,0+ Proc Architecture:    X64
      0s    0,0+ 64 Bit OS:            Yes
      0s    0,0+ 64 Bit Process:       Yes
      0s    0,0+ Processor Count:      24
      0s    0,0+ Working Set:          27MB
      0s    0,0+ C# Framework:         .NET 9.0.11
      0s    0,0+ C# CLR Version:       9.0.11
      0s    0,0+ PicoGK Path:          picogk.1.7
      0s    0,0+ Command Line:         C:\Users\hakan\Documents\C#\CEM\MyFirstApp\bin\Debug\net9.0-windows\MyFirstApp.dll
      0s    0,0+ 
      0s    0,0+ ----------------------------------------
      0s    0,0+ 
      0s    0,0+ Welcome to PicoGK
      0s    0,0+ Creating Viewer
      0s    0,1+ PicoGK:    PicoGK Core Library
      0s    0,0+            1.7.1
      0s    0,0+            2024-08-03 22:17:59 picogk.1.7
      0s    0,0+ 
      0s    0,0+ VoxelSize: 1 (mm)
      0s    0,0+ Happy Computational Engineering!
      0s    0,0+ 
      0s    0,0+ 
      0s    0,0+ Loading lights embedded environment
      0s    0,0+ Starting tasks.
      0s    0,0+ 
      0s    0,0+ Loading Lights
      5s    4,5+ 
      5s    4,5+ --- Starting Explicit BWB Lofting ---
      5s    0,0+ Grid of 31 ribs created.
      5s    0,0+ Constructing skin mesh explicitly...
      5s    0,0+ Mesh created with 3000 triangles.
      5s    0,0+ Voxelizing...
      7s    2,0+ Shelling final airframe...
      7s    0,5+ --- BWB Construction Complete ---
     17s    9,8+ 
     17s    9,8+ --- Starting Explicit BWB Lofting ---
     17s    0,0+ Grid of 31 ribs created.
     17s    0,0+ Constructing skin mesh explicitly...
     17s    0,0+ Mesh created with 3000 triangles.
     17s    0,0+ Voxelizing...
     19s    1,9+ Shelling final airframe...
     19s    0,4+ --- BWB Construction Complete ---
     25s    5,6+ 
     25s    5,6+ --- Starting Explicit BWB Lofting ---
     25s    0,0+ Grid of 31 ribs created.
     25s    0,0+ Constructing skin mesh explicitly...
     25s    0,0+ Mesh created with 3000 triangles.
     25s    0,0+ Voxelizing...
     27s    1,9+ Shelling final airframe...
     27s    0,4+ --- BWB Construction Complete ---
