      0s    0,0+ Opened C:\Users\hakan\Documents\C#\CEM\MyFirstApp\bin\Debug\net9.0-windows\Log\2026-01-03_13-14-54\PicoGK.log
      0s    0,0+ 
      0s    0,0+ ----------------------------------------
      0s    0,0+ 
      0s    0,0+ Current time (UTC): 2026-01-03 12:14:54 (UTC)
      0s    0,0+ Current local time: 2026-01-03 13:14:54 (+01:00)
      0s    0,0+ 
      0s    0,0+ ----------------------------------------
      0s    0,0+ 
      0s    0,0+ System Info:
      0s    0,0+ 
      0s    0,0+ Machine Name:         GENJU
      0s    0,0+ Operating System      Microsoft Windows 10.0.26100
      0s    0,0+ Version:              Microsoft Windows NT 10.0.26100.0
      0s    0,0+ OS Architecture:      X64
      0s    0,0+ Proc Architecture:    X64
      0s    0,0+ 64 Bit OS:            Yes
      0s    0,0+ 64 Bit Process:       Yes
      0s    0,0+ Processor Count:      24
      0s    0,0+ Working Set:          27MB
      0s    0,0+ C# Framework:         .NET 9.0.11
      0s    0,0+ C# CLR Version:       9.0.11
      0s    0,0+ PicoGK Path:          picogk.1.7
      0s    0,0+ Command Line:         C:\Users\hakan\Documents\C#\CEM\MyFirstApp\bin\Debug\net9.0-windows\MyFirstApp.dll
      0s    0,0+ 
      0s    0,0+ ----------------------------------------
      0s    0,0+ 
      0s    0,0+ Welcome to PicoGK
      0s    0,0+ Creating Viewer
      0s    0,1+ PicoGK:    PicoGK Core Library
      0s    0,0+            1.7.1
      0s    0,0+            2024-08-03 22:17:59 picogk.1.7
      0s    0,0+ 
      0s    0,0+ VoxelSize: 3 (mm)
      0s    0,0+ Happy Computational Engineering!
      0s    0,0+ 
      0s    0,0+ 
      0s    0,0+ Loading lights embedded environment
      0s    0,0+ Starting tasks.
      0s    0,0+ 
      0s    0,0+ Loading Lights
      6s    5,9+ --- Generating BWB Final ---
     20s   13,7+ --- Generating BWB Final ---
     24s    4,2+ --- Generating BWB Final ---
     37s   12,9+ --- Generating BWB Final ---
     41s    4,3+ --- Generating BWB Final ---
     47s    5,5+ --- Generating BWB Final ---
     55s    8,2+ --- Generating BWB Final ---
     61s    5,7+ --- Generating BWB Final ---
     65s    4,8+ --- Generating BWB Final ---
     72s    7,1+ --- Generating BWB Final ---
     78s    5,7+ --- Generating BWB Final ---
     84s    5,8+ --- Generating BWB Final ---
     96s   11,6+ --- Generating BWB Final ---
    108s   12,4+ --- Generating BWB Final ---
    115s    7,1+ --- Generating BWB Final ---
    126s   10,8+ --- Generating BWB Final ---
    141s   15,1+ --- Generating BWB Final ---
    145s    4,3+ --- Generating BWB Final ---
    153s    8,3+ --- Generating BWB Final ---
    162s    8,3+ --- Generating BWB Final ---
    168s    6,0+ --- Generating BWB Final ---
    176s    8,3+ --- Generating BWB Final ---
    181s    5,5+ --- Generating BWB Final ---
    190s    8,6+ --- Generating BWB Final ---
    251s   61,1+ --- Generating BWB Final ---
    255s    4,1+ --- Generating BWB Final ---
    353s   98,2+ --- Generating BWB Final ---
    357s    3,9+ --- Generating BWB Final ---
    363s    6,1+ --- Generating BWB Final ---
    368s    4,4+ --- Generating BWB Final ---
    378s   10,1+ --- Generating BWB Final ---
    387s    8,9+ --- Generating BWB Final ---
    395s    7,8+ --- Generating BWB Final ---
    402s    6,9+ --- Generating BWB Final ---
    406s    4,5+ --- Generating BWB Final ---
    416s   10,3+ --- Generating BWB Final ---
    424s    7,8+ --- Generating BWB Final ---
    433s    8,4+ --- Generating BWB Final ---
    446s   12,8+ --- Generating BWB Final ---
    455s    9,1+ --- Generating BWB Final ---
    463s    8,8+ --- Generating BWB Final ---
    479s   16,1+ --- Generating BWB Final ---
    529s   49,8+ --- Generating BWB Final ---
    546s   17,1+ --- Generating BWB Final ---
    618s   71,9+ --- Generating BWB Final ---
    629s   10,7+ --- Generating BWB Final ---
    641s   11,7+ --- Generating BWB Final ---
    649s    7,9+ --- Generating BWB Final ---
