      0s    0,0+ Opened C:\Users\hakan\Documents\C#\CEM\MyFirstApp\bin\Debug\net9.0-windows\Log\2026-01-08_22-43-40\PicoGK.log
      0s    0,0+ 
      0s    0,0+ ----------------------------------------
      0s    0,0+ 
      0s    0,0+ Current time (UTC): 2026-01-08 21:43:40 (UTC)
      0s    0,0+ Current local time: 2026-01-08 22:43:40 (+01:00)
      0s    0,0+ 
      0s    0,0+ ----------------------------------------
      0s    0,0+ 
      0s    0,0+ System Info:
      0s    0,0+ 
      0s    0,0+ Machine Name:         GENJU
      0s    0,0+ Operating System      Microsoft Windows 10.0.26100
      0s    0,0+ Version:              Microsoft Windows NT 10.0.26100.0
      0s    0,0+ OS Architecture:      X64
      0s    0,0+ Proc Architecture:    X64
      0s    0,0+ 64 Bit OS:            Yes
      0s    0,0+ 64 Bit Process:       Yes
      0s    0,0+ Processor Count:      24
      0s    0,0+ Working Set:          27MB
      0s    0,0+ C# Framework:         .NET 9.0.11
      0s    0,0+ C# CLR Version:       9.0.11
      0s    0,0+ PicoGK Path:          picogk.1.7
      0s    0,0+ Command Line:         C:\Users\hakan\Documents\C#\CEM\MyFirstApp\bin\Debug\net9.0-windows\MyFirstApp.dll
      0s    0,0+ 
      0s    0,0+ ----------------------------------------
      0s    0,0+ 
      0s    0,0+ Welcome to PicoGK
      0s    0,1+ Creating Viewer
      0s    0,2+ PicoGK:    PicoGK Core Library
      0s    0,0+            1.7.1
      0s    0,0+            2024-08-03 22:17:59 picogk.1.7
      0s    0,0+ 
      0s    0,0+ VoxelSize: 1 (mm)
      0s    0,0+ Happy Computational Engineering!
      0s    0,0+ 
      0s    0,0+ 
      0s    0,0+ Loading lights embedded environment
      0s    0,0+ Starting tasks.
      0s    0,0+ 
      0s    0,0+ Loading Lights
     20s   19,8+ [..] Generative Motor Construction...
     21s    1,0+ [OK] Generative Motor Construction: 989ms
     21s    0,0+ [..] Generating Rotor...
     21s    0,2+ [OK] Generating Rotor: 178ms
    610s  588,9+ 
    610s  588,9+ --- Starting Supershape Construction ---
    610s    0,0+ Constructing Supershape...
    610s    0,4+ --- Supershape Construction Complete ---
    621s   10,6+ 
    621s   10,6+ --- Starting Supershape Construction ---
    621s    0,0+ Constructing Supershape...
    622s    0,4+ --- Supershape Construction Complete ---
    625s    3,4+ 
    625s    3,4+ --- Starting Supershape Construction ---
    625s    0,0+ Constructing Supershape...
    625s    0,5+ --- Supershape Construction Complete ---
    628s    2,1+ 
    628s    2,1+ --- Starting Supershape Construction ---
    628s    0,0+ Constructing Supershape...
    628s    0,5+ --- Supershape Construction Complete ---
    630s    1,7+ 
    630s    1,7+ --- Starting Supershape Construction ---
    630s    0,0+ Constructing Supershape...
    630s    0,5+ --- Supershape Construction Complete ---
    631s    0,5+ 
    631s    0,5+ --- Starting Supershape Construction ---
    631s    0,0+ Constructing Supershape...
    631s    0,5+ --- Supershape Construction Complete ---
    633s    1,2+ 
    633s    1,2+ --- Starting Supershape Construction ---
    633s    0,0+ Constructing Supershape...
    633s    0,5+ --- Supershape Construction Complete ---
    634s    0,9+ 
    634s    0,9+ --- Starting Supershape Construction ---
    634s    0,0+ Constructing Supershape...
    635s    0,6+ --- Supershape Construction Complete ---
    637s    2,8+ 
    637s    2,8+ --- Starting Supershape Construction ---
    637s    0,0+ Constructing Supershape...
    638s    0,6+ --- Supershape Construction Complete ---
    640s    2,4+ 
    640s    2,4+ --- Starting Supershape Construction ---
    640s    0,0+ Constructing Supershape...
    641s    0,7+ --- Supershape Construction Complete ---
    643s    2,0+ 
    643s    2,0+ --- Starting Supershape Construction ---
    643s    0,0+ Constructing Supershape...
    644s    0,7+ --- Supershape Construction Complete ---
    651s    7,2+ 
    651s    7,2+ --- Starting Supershape Construction ---
    651s    0,0+ Constructing Supershape...
    652s    0,6+ --- Supershape Construction Complete ---
    658s    6,1+ 
    658s    6,1+ --- Starting Supershape Construction ---
    658s    0,0+ Constructing Supershape...
    659s    0,9+ --- Supershape Construction Complete ---
    660s    1,0+ 
    660s    1,0+ --- Starting Supershape Construction ---
    660s    0,0+ Constructing Supershape...
    661s    1,1+ --- Supershape Construction Complete ---
    667s    6,3+ 
    667s    6,3+ --- Starting Supershape Construction ---
    667s    0,0+ Constructing Supershape...
    668s    0,9+ --- Supershape Construction Complete ---
    674s    6,2+ 
    674s    6,2+ --- Starting Supershape Construction ---
    674s    0,0+ Constructing Supershape...
    675s    0,9+ --- Supershape Construction Complete ---
    685s    9,8+ 
    685s    9,8+ --- Starting Supershape Construction ---
    685s    0,0+ Constructing Supershape...
    686s    0,8+ --- Supershape Construction Complete ---
