      0s    0,0+ Opened C:\Users\hakan\Documents\C#\CEM\MyFirstApp\bin\Debug\net9.0-windows\Log\2026-01-06_14-18-26\PicoGK.log
      0s    0,0+ 
      0s    0,0+ ----------------------------------------
      0s    0,0+ 
      0s    0,0+ Current time (UTC): 2026-01-06 13:18:26 (UTC)
      0s    0,0+ Current local time: 2026-01-06 14:18:26 (+01:00)
      0s    0,0+ 
      0s    0,0+ ----------------------------------------
      0s    0,0+ 
      0s    0,0+ System Info:
      0s    0,0+ 
      0s    0,0+ Machine Name:         GENJU
      0s    0,0+ Operating System      Microsoft Windows 10.0.26100
      0s    0,0+ Version:              Microsoft Windows NT 10.0.26100.0
      0s    0,0+ OS Architecture:      X64
      0s    0,0+ Proc Architecture:    X64
      0s    0,0+ 64 Bit OS:            Yes
      0s    0,0+ 64 Bit Process:       Yes
      0s    0,0+ Processor Count:      24
      0s    0,0+ Working Set:          27MB
      0s    0,0+ C# Framework:         .NET 9.0.11
      0s    0,0+ C# CLR Version:       9.0.11
      0s    0,0+ PicoGK Path:          picogk.1.7
      0s    0,0+ Command Line:         C:\Users\hakan\Documents\C#\CEM\MyFirstApp\bin\Debug\net9.0-windows\MyFirstApp.dll
      0s    0,0+ 
      0s    0,0+ ----------------------------------------
      0s    0,0+ 
      0s    0,0+ Welcome to PicoGK
      0s    0,0+ Creating Viewer
      0s    0,1+ PicoGK:    PicoGK Core Library
      0s    0,0+            1.7.1
      0s    0,0+            2024-08-03 22:17:59 picogk.1.7
      0s    0,0+ 
      0s    0,0+ VoxelSize: 0,5 (mm)
      0s    0,0+ Happy Computational Engineering!
      0s    0,0+ 
      0s    0,0+ 
      0s    0,0+ Loading lights embedded environment
      0s    0,0+ Starting tasks.
      0s    0,0+ 
      0s    0,0+ Loading Lights
     17s   17,3+ [..] Generating Halbach Rotor...
     18s    0,6+ [OK] Generating Halbach Rotor: 642ms
     18s    0,0+ [..] Generating Liquid Cooled Coils...
     18s    0,4+ [OK] Generating Liquid Cooled Coils: 376ms
     40s   21,6+ [..] Generating Halbach Rotor...
     41s    0,9+ [OK] Generating Halbach Rotor: 851ms
     41s    0,0+ [..] Generating Liquid Cooled Coils...
     41s    0,5+ [OK] Generating Liquid Cooled Coils: 480ms
     63s   22,1+ [..] Generating Halbach Rotor...
     64s    0,9+ [OK] Generating Halbach Rotor: 915ms
     64s    0,0+ [..] Generating Liquid Cooled Coils...
     65s    0,5+ [OK] Generating Liquid Cooled Coils: 522ms
     72s    7,0+ [..] Generating Halbach Rotor...
     72s    0,5+ [OK] Generating Halbach Rotor: 488ms
     72s    0,0+ [..] Generating Liquid Cooled Coils...
     73s    0,7+ [OK] Generating Liquid Cooled Coils: 671ms
     82s    9,2+ [..] Generating Halbach Rotor...
     83s    0,6+ [OK] Generating Halbach Rotor: 611ms
     83s    0,0+ [..] Generating Liquid Cooled Coils...
     84s    0,8+ [OK] Generating Liquid Cooled Coils: 785ms
     93s    9,6+ [..] Generating Halbach Rotor...
     94s    0,7+ [OK] Generating Halbach Rotor: 661ms
     94s    0,0+ [..] Generating Liquid Cooled Coils...
     94s    0,4+ [OK] Generating Liquid Cooled Coils: 448ms
    109s   15,0+ [..] Generating Halbach Rotor...
    110s    0,6+ [OK] Generating Halbach Rotor: 629ms
    110s    0,0+ [..] Generating Liquid Cooled Coils...
    111s    0,9+ [OK] Generating Liquid Cooled Coils: 862ms
