      0s    0,0+ Opened C:\Users\hakan\Documents\C#\CEM\MyFirstApp\bin\Debug\net9.0-windows\Log\2026-01-03_09-52-34\PicoGK.log
      0s    0,0+ 
      0s    0,0+ ----------------------------------------
      0s    0,0+ 
      0s    0,0+ Current time (UTC): 2026-01-03 08:52:34 (UTC)
      0s    0,0+ Current local time: 2026-01-03 09:52:34 (+01:00)
      0s    0,0+ 
      0s    0,0+ ----------------------------------------
      0s    0,0+ 
      0s    0,0+ System Info:
      0s    0,0+ 
      0s    0,0+ Machine Name:         GENJU
      0s    0,0+ Operating System      Microsoft Windows 10.0.26100
      0s    0,0+ Version:              Microsoft Windows NT 10.0.26100.0
      0s    0,0+ OS Architecture:      X64
      0s    0,0+ Proc Architecture:    X64
      0s    0,0+ 64 Bit OS:            Yes
      0s    0,0+ 64 Bit Process:       Yes
      0s    0,0+ Processor Count:      24
      0s    0,0+ Working Set:          27MB
      0s    0,0+ C# Framework:         .NET 9.0.11
      0s    0,0+ C# CLR Version:       9.0.11
      0s    0,0+ PicoGK Path:          picogk.1.7
      0s    0,0+ Command Line:         C:\Users\hakan\Documents\C#\CEM\MyFirstApp\bin\Debug\net9.0-windows\MyFirstApp.dll
      0s    0,0+ 
      0s    0,0+ ----------------------------------------
      0s    0,0+ 
      0s    0,0+ Welcome to PicoGK
      0s    0,0+ Creating Viewer
      0s    0,1+ PicoGK:    PicoGK Core Library
      0s    0,0+            1.7.1
      0s    0,0+            2024-08-03 22:17:59 picogk.1.7
      0s    0,0+ 
      0s    0,0+ VoxelSize: 3 (mm)
      0s    0,0+ Happy Computational Engineering!
      0s    0,0+ 
      0s    0,0+ 
      0s    0,0+ Loading lights embedded environment
      0s    0,0+ Starting tasks.
      0s    0,0+ 
      0s    0,0+ Loading Lights
      5s    4,7+ 
      5s    4,7+ --- Starting Generative Airframe Construction ---
      9s    3,8+ --- Construction Complete ---
     21s   12,7+ 
     21s   12,7+ --- Starting Generative Airframe Construction ---
     25s    3,5+ --- Construction Complete ---
     28s    3,1+ 
     28s    3,1+ --- Starting Generative Airframe Construction ---
     31s    3,4+ --- Construction Complete ---
     35s    3,6+ 
     35s    3,6+ --- Starting Generative Airframe Construction ---
     38s    3,5+ --- Construction Complete ---
     44s    5,9+ 
     44s    5,9+ --- Starting Generative Airframe Construction ---
     48s    3,5+ --- Construction Complete ---
     54s    6,4+ 
     54s    6,4+ --- Starting Generative Airframe Construction ---
     58s    3,4+ --- Construction Complete ---
     61s    3,8+ 
     61s    3,8+ --- Starting Generative Airframe Construction ---
     65s    3,4+ --- Construction Complete ---
     71s    6,2+ 
     71s    6,2+ --- Starting Generative Airframe Construction ---
     74s    3,4+ --- Construction Complete ---
     78s    3,4+ 
     78s    3,4+ --- Starting Generative Airframe Construction ---
     81s    3,5+ --- Construction Complete ---
     83s    1,7+ 
     83s    1,7+ --- Starting Generative Airframe Construction ---
     86s    3,5+ --- Construction Complete ---
     90s    3,2+ 
     90s    3,2+ --- Starting Generative Airframe Construction ---
     93s    3,5+ --- Construction Complete ---
    100s    6,5+ 
    100s    6,5+ --- Starting Generative Airframe Construction ---
    103s    3,4+ --- Construction Complete ---
    105s    2,2+ 
    105s    2,2+ --- Starting Generative Airframe Construction ---
    109s    3,4+ --- Construction Complete ---
    121s   12,1+ 
    121s   12,1+ --- Starting Generative Airframe Construction ---
    124s    3,4+ --- Construction Complete ---
    226s  101,9+ 
    226s  101,9+ --- Starting Generative Airframe Construction ---
    230s    3,4+ --- Construction Complete ---
    233s    3,6+ 
    233s    3,6+ --- Starting Generative Airframe Construction ---
    237s    3,5+ --- Construction Complete ---
    242s    5,3+ 
    242s    5,3+ --- Starting Generative Airframe Construction ---
    246s    3,5+ --- Construction Complete ---
    250s    4,5+ 
    250s    4,5+ --- Starting Generative Airframe Construction ---
    254s    3,5+ --- Construction Complete ---
