      0s    0,0+ Opened C:\Users\hakan\Documents\C#\CEM\MyFirstApp\bin\Debug\net9.0-windows\Log\2026-01-03_18-23-39\PicoGK.log
      0s    0,0+ 
      0s    0,0+ ----------------------------------------
      0s    0,0+ 
      0s    0,0+ Current time (UTC): 2026-01-03 17:23:39 (UTC)
      0s    0,0+ Current local time: 2026-01-03 18:23:39 (+01:00)
      0s    0,0+ 
      0s    0,0+ ----------------------------------------
      0s    0,0+ 
      0s    0,0+ System Info:
      0s    0,0+ 
      0s    0,0+ Machine Name:         GENJU
      0s    0,0+ Operating System      Microsoft Windows 10.0.26100
      0s    0,0+ Version:              Microsoft Windows NT 10.0.26100.0
      0s    0,0+ OS Architecture:      X64
      0s    0,0+ Proc Architecture:    X64
      0s    0,0+ 64 Bit OS:            Yes
      0s    0,0+ 64 Bit Process:       Yes
      0s    0,0+ Processor Count:      24
      0s    0,0+ Working Set:          27MB
      0s    0,0+ C# Framework:         .NET 9.0.11
      0s    0,0+ C# CLR Version:       9.0.11
      0s    0,0+ PicoGK Path:          picogk.1.7
      0s    0,0+ Command Line:         C:\Users\hakan\Documents\C#\CEM\MyFirstApp\bin\Debug\net9.0-windows\MyFirstApp.dll
      0s    0,0+ 
      0s    0,0+ ----------------------------------------
      0s    0,0+ 
      0s    0,0+ Welcome to PicoGK
      0s    0,0+ Creating Viewer
      0s    0,2+ PicoGK:    PicoGK Core Library
      0s    0,0+            1.7.1
      0s    0,0+            2024-08-03 22:17:59 picogk.1.7
      0s    0,0+ 
      0s    0,0+ VoxelSize: 3 (mm)
      0s    0,0+ Happy Computational Engineering!
      0s    0,0+ 
      0s    0,0+ 
      0s    0,0+ Loading lights embedded environment
      0s    0,0+ Starting tasks.
      0s    0,0+ 
      0s    0,0+ Loading Lights
      5s    4,8+ --- Generating B-21 S-Duct Configuration ---
     42s   37,0+ --- Generating B-21 S-Duct Configuration ---
     64s   22,5+ --- Generating B-21 S-Duct Configuration ---
    109s   44,1+ --- Generating B-21 S-Duct Configuration ---
    131s   22,6+ --- Generating B-21 S-Duct Configuration ---
    151s   20,3+ --- Generating B-21 S-Duct Configuration ---
    180s   28,3+ --- Generating B-21 S-Duct Configuration ---
    207s   27,0+ --- Generating B-21 S-Duct Configuration ---
    221s   14,5+ --- Generating B-21 S-Duct Configuration ---
    236s   15,1+ --- Generating B-21 S-Duct Configuration ---
    252s   15,5+ --- Generating B-21 S-Duct Configuration ---
    272s   20,5+ --- Generating B-21 S-Duct Configuration ---
    295s   22,9+ --- Generating B-21 S-Duct Configuration ---
    316s   20,7+ --- Generating B-21 S-Duct Configuration ---
    333s   17,0+ --- Generating B-21 S-Duct Configuration ---
    367s   34,5+ --- Generating B-21 S-Duct Configuration ---
    393s   26,1+ --- Generating B-21 S-Duct Configuration ---
    421s   27,5+ --- Generating B-21 S-Duct Configuration ---
    453s   31,8+ --- Generating B-21 S-Duct Configuration ---
    478s   25,8+ --- Generating B-21 S-Duct Configuration ---
    506s   27,8+ --- Generating B-21 S-Duct Configuration ---
    533s   26,2+ --- Generating B-21 S-Duct Configuration ---
    554s   21,8+ --- Generating B-21 S-Duct Configuration ---
    581s   26,5+ --- Generating B-21 S-Duct Configuration ---
    632s   51,5+ --- Generating B-21 S-Duct Configuration ---
    663s   31,1+ --- Generating B-21 S-Duct Configuration ---
    755s   91,5+ --- Generating B-21 S-Duct Configuration ---
    790s   35,2+ --- Generating B-21 S-Duct Configuration ---
    814s   23,7+ --- Generating B-21 S-Duct Configuration ---
    849s   34,7+ --- Generating B-21 S-Duct Configuration ---
    955s  106,3+ --- Generating B-21 S-Duct Configuration ---
   1107s  152,4+ --- Generating B-21 S-Duct Configuration ---
