      0s    0,0+ Opened C:\Users\hakan\Documents\C#\CEM\MyFirstApp\bin\Debug\net9.0-windows\Log\2026-01-05_19-16-39\PicoGK.log
      0s    0,0+ 
      0s    0,0+ ----------------------------------------
      0s    0,0+ 
      0s    0,0+ Current time (UTC): 2026-01-05 18:16:39 (UTC)
      0s    0,0+ Current local time: 2026-01-05 19:16:39 (+01:00)
      0s    0,0+ 
      0s    0,0+ ----------------------------------------
      0s    0,0+ 
      0s    0,0+ System Info:
      0s    0,0+ 
      0s    0,0+ Machine Name:         GENJU
      0s    0,0+ Operating System      Microsoft Windows 10.0.26100
      0s    0,0+ Version:              Microsoft Windows NT 10.0.26100.0
      0s    0,0+ OS Architecture:      X64
      0s    0,0+ Proc Architecture:    X64
      0s    0,0+ 64 Bit OS:            Yes
      0s    0,0+ 64 Bit Process:       Yes
      0s    0,0+ Processor Count:      24
      0s    0,0+ Working Set:          27MB
      0s    0,0+ C# Framework:         .NET 9.0.11
      0s    0,0+ C# CLR Version:       9.0.11
      0s    0,0+ PicoGK Path:          picogk.1.7
      0s    0,0+ Command Line:         C:\Users\hakan\Documents\C#\CEM\MyFirstApp\bin\Debug\net9.0-windows\MyFirstApp.dll
      0s    0,0+ 
      0s    0,0+ ----------------------------------------
      0s    0,0+ 
      0s    0,0+ Welcome to PicoGK
      0s    0,1+ Creating Viewer
      0s    0,2+ PicoGK:    PicoGK Core Library
      0s    0,0+            1.7.1
      0s    0,0+            2024-08-03 22:17:59 picogk.1.7
      0s    0,0+ 
      0s    0,0+ VoxelSize: 1 (mm)
      0s    0,0+ Happy Computational Engineering!
      0s    0,0+ 
      0s    0,0+ 
      0s    0,0+ Loading lights embedded environment
      0s    0,0+ Starting tasks.
      0s    0,0+ 
      0s    0,0+ Loading Lights
     17s   16,6+ [..] START: Full Generation
     17s    0,0+ [..] START: Base Hull Mesh
     24s    6,7+ [OK] DONE : Base Hull Mesh (Took 6,7s)
     24s    0,0+ [..] START: Engines
     51s   27,8+ [OK] DONE : Engines (Took 27,8s)
     51s    0,0+ [..] START: Zones & Cargo Bay
     89s   37,4+ [OK] DONE : Zones & Cargo Bay (Took 37,4s)
     89s    0,0+ [..] START: Smart Flow Lattice
    106s   17,1+ [OK] DONE : Smart Flow Lattice (Took 17,1s)
    106s    0,0+ [..] START: Final Assembly
    106s    0,0+ [OK] DONE : Final Assembly (Took 0,0s)
    106s    0,0+ [OK] DONE : Full Generation (Took 89,1s)
    120s   13,7+ [..] START: Full Generation
    120s    0,0+ [..] START: Base Hull Mesh
    127s    7,7+ [OK] DONE : Base Hull Mesh (Took 7,7s)
    127s    0,0+ [..] START: Engines
    164s   36,4+ [OK] DONE : Engines (Took 36,4s)
    164s    0,0+ [..] START: Zones & Cargo Bay
    204s   40,1+ [OK] DONE : Zones & Cargo Bay (Took 40,1s)
    204s    0,0+ [..] START: Smart Flow Lattice
    221s   16,8+ [OK] DONE : Smart Flow Lattice (Took 16,8s)
    221s    0,0+ [..] START: Final Assembly
    221s    0,0+ [OK] DONE : Final Assembly (Took 0,0s)
    221s    0,0+ [OK] DONE : Full Generation (Took 101,0s)
    298s   77,3+ [..] START: Full Generation
    298s    0,0+ [..] START: Base Hull Mesh
    305s    7,3+ [OK] DONE : Base Hull Mesh (Took 7,3s)
    305s    0,0+ [..] START: Engines
    347s   41,9+ [OK] DONE : Engines (Took 41,9s)
    347s    0,0+ [..] START: Zones & Cargo Bay
    389s   41,7+ [OK] DONE : Zones & Cargo Bay (Took 41,7s)
    389s    0,0+ [..] START: Smart Flow Lattice
    405s   16,4+ [OK] DONE : Smart Flow Lattice (Took 16,4s)
    405s    0,0+ [..] START: Final Assembly
    405s    0,0+ [OK] DONE : Final Assembly (Took 0,0s)
    405s    0,0+ [OK] DONE : Full Generation (Took 107,3s)
    459s   53,8+ [..] START: Full Generation
    459s    0,0+ [..] START: Base Hull Mesh
    467s    7,4+ [OK] DONE : Base Hull Mesh (Took 7,4s)
    467s    0,0+ [..] START: Engines
    510s   43,1+ [OK] DONE : Engines (Took 43,1s)
    510s    0,0+ [..] START: Zones & Cargo Bay
    553s   43,0+ [OK] DONE : Zones & Cargo Bay (Took 43,0s)
    553s    0,0+ [..] START: Smart Flow Lattice
    570s   17,0+ [OK] DONE : Smart Flow Lattice (Took 17,0s)
    570s    0,0+ [..] START: Final Assembly
    570s    0,0+ [OK] DONE : Final Assembly (Took 0,0s)
    570s    0,0+ [OK] DONE : Full Generation (Took 110,5s)
