      0s    0,0+ Opened C:\Users\hakan\Documents\C#\CEM\MyFirstApp\bin\Debug\net9.0-windows\Log\2026-01-04_07-34-08\PicoGK.log
      0s    0,0+ 
      0s    0,0+ ----------------------------------------
      0s    0,0+ 
      0s    0,0+ Current time (UTC): 2026-01-04 06:34:08 (UTC)
      0s    0,0+ Current local time: 2026-01-04 07:34:08 (+01:00)
      0s    0,0+ 
      0s    0,0+ ----------------------------------------
      0s    0,0+ 
      0s    0,0+ System Info:
      0s    0,0+ 
      0s    0,0+ Machine Name:         GENJU
      0s    0,0+ Operating System      Microsoft Windows 10.0.26100
      0s    0,0+ Version:              Microsoft Windows NT 10.0.26100.0
      0s    0,0+ OS Architecture:      X64
      0s    0,0+ Proc Architecture:    X64
      0s    0,0+ 64 Bit OS:            Yes
      0s    0,0+ 64 Bit Process:       Yes
      0s    0,0+ Processor Count:      24
      0s    0,0+ Working Set:          27MB
      0s    0,0+ C# Framework:         .NET 9.0.11
      0s    0,0+ C# CLR Version:       9.0.11
      0s    0,0+ PicoGK Path:          picogk.1.7
      0s    0,0+ Command Line:         C:\Users\hakan\Documents\C#\CEM\MyFirstApp\bin\Debug\net9.0-windows\MyFirstApp.dll
      0s    0,0+ 
      0s    0,0+ ----------------------------------------
      0s    0,0+ 
      0s    0,0+ Welcome to PicoGK
      0s    0,0+ Creating Viewer
      0s    0,1+ PicoGK:    PicoGK Core Library
      0s    0,0+            1.7.1
      0s    0,0+            2024-08-03 22:17:59 picogk.1.7
      0s    0,0+ 
      0s    0,0+ VoxelSize: 3 (mm)
      0s    0,0+ Happy Computational Engineering!
      0s    0,0+ 
      0s    0,0+ 
      0s    0,0+ Loading lights embedded environment
      0s    0,0+ Starting tasks.
      0s    0,0+ 
      0s    0,0+ Loading Lights
     23s   23,3+ --- Generating Conformal BWB ---
    154s  130,6+ --- Generating Conformal BWB ---
    233s   78,6+ --- Generating Conformal BWB ---
    399s  166,6+ --- Generating Conformal BWB ---
    439s   40,2+ --- Generating Conformal BWB ---
    463s   23,7+ --- Generating Conformal BWB ---
    488s   25,3+ --- Generating Conformal BWB ---
    515s   26,1+ --- Generating Conformal BWB ---
    595s   80,3+ --- Generating Conformal BWB ---
    617s   22,0+ --- Generating Conformal BWB ---
    703s   85,9+ --- Generating Conformal BWB ---
    743s   40,2+ --- Generating Conformal BWB ---
   1174s  430,9+ --- Generating Conformal BWB ---
   1258s   84,5+ --- Generating Conformal BWB ---
   1308s   49,3+ --- Generating Conformal BWB ---
   1338s   30,7+ --- Generating Conformal BWB ---
   1576s  237,5+ --- Generating Conformal BWB ---
   1703s  127,7+ --- Generating Conformal BWB ---
   1735s   31,7+ --- Generating Conformal BWB ---
   1846s  110,7+ --- Generating Conformal BWB ---
   1872s   26,5+ --- Generating Conformal BWB ---
   1918s   45,6+ --- Generating Conformal BWB ---
   2147s  229,3+ --- Generating Conformal BWB ---
   2159s   11,3+ --- Generating Conformal BWB ---
   2185s   26,3+ --- Generating Conformal BWB ---
   2249s   63,7+ --- Generating Conformal BWB ---
