      0s    0,0+ Opened C:\Users\hakan\Documents\C#\CEM\MyFirstApp\bin\Debug\net9.0-windows\Log\2026-01-05_18-50-44\PicoGK.log
      0s    0,0+ 
      0s    0,0+ ----------------------------------------
      0s    0,0+ 
      0s    0,0+ Current time (UTC): 2026-01-05 17:50:44 (UTC)
      0s    0,0+ Current local time: 2026-01-05 18:50:44 (+01:00)
      0s    0,0+ 
      0s    0,0+ ----------------------------------------
      0s    0,0+ 
      0s    0,0+ System Info:
      0s    0,0+ 
      0s    0,0+ Machine Name:         GENJU
      0s    0,0+ Operating System      Microsoft Windows 10.0.26100
      0s    0,0+ Version:              Microsoft Windows NT 10.0.26100.0
      0s    0,0+ OS Architecture:      X64
      0s    0,0+ Proc Architecture:    X64
      0s    0,0+ 64 Bit OS:            Yes
      0s    0,0+ 64 Bit Process:       Yes
      0s    0,0+ Processor Count:      24
      0s    0,0+ Working Set:          27MB
      0s    0,0+ C# Framework:         .NET 9.0.11
      0s    0,0+ C# CLR Version:       9.0.11
      0s    0,0+ PicoGK Path:          picogk.1.7
      0s    0,0+ Command Line:         C:\Users\hakan\Documents\C#\CEM\MyFirstApp\bin\Debug\net9.0-windows\MyFirstApp.dll
      0s    0,0+ 
      0s    0,0+ ----------------------------------------
      0s    0,0+ 
      0s    0,0+ Welcome to PicoGK
      0s    0,0+ Creating Viewer
      0s    0,2+ PicoGK:    PicoGK Core Library
      0s    0,0+            1.7.1
      0s    0,0+            2024-08-03 22:17:59 picogk.1.7
      0s    0,0+ 
      0s    0,0+ VoxelSize: 1 (mm)
      0s    0,0+ Happy Computational Engineering!
      0s    0,0+ 
      0s    0,0+ 
      0s    0,0+ Loading lights embedded environment
      0s    0,0+ Starting tasks.
      0s    0,0+ 
      0s    0,0+ Loading Lights
      6s    5,3+ [..] START: Full Generation
      6s    0,0+ [..] START: Base Hull Mesh
     12s    6,8+ [OK] DONE : Base Hull Mesh (Took 6,8s)
     12s    0,0+ [..] START: Engines
     41s   28,8+ [OK] DONE : Engines (Took 28,8s)
     41s    0,0+ [..] START: Zones & Cargo Bay
     78s   37,3+ [OK] DONE : Zones & Cargo Bay (Took 37,3s)
     78s    0,0+ [..] START: Smart Flow Lattice
     95s   16,3+ [OK] DONE : Smart Flow Lattice (Took 16,3s)
     95s    0,0+ [..] START: Final Assembly
     95s    0,0+ [OK] DONE : Final Assembly (Took 0,0s)
     95s    0,0+ [OK] DONE : Full Generation (Took 89,2s)
    103s    7,9+ [..] START: Full Generation
    103s    0,0+ [..] START: Base Hull Mesh
    110s    7,8+ [OK] DONE : Base Hull Mesh (Took 7,8s)
    110s    0,0+ [..] START: Engines
    147s   36,5+ [OK] DONE : Engines (Took 36,5s)
    147s    0,0+ [OK] DONE : Full Generation (Took 44,3s)
