      0s    0,0+ Opened C:\Users\hakan\Documents\C#\CEM\MyFirstApp\bin\Debug\net9.0-windows\Log\2026-01-03_21-35-10\PicoGK.log
      0s    0,0+ 
      0s    0,0+ ----------------------------------------
      0s    0,0+ 
      0s    0,0+ Current time (UTC): 2026-01-03 20:35:10 (UTC)
      0s    0,0+ Current local time: 2026-01-03 21:35:10 (+01:00)
      0s    0,0+ 
      0s    0,0+ ----------------------------------------
      0s    0,0+ 
      0s    0,0+ System Info:
      0s    0,0+ 
      0s    0,0+ Machine Name:         GENJU
      0s    0,0+ Operating System      Microsoft Windows 10.0.26100
      0s    0,0+ Version:              Microsoft Windows NT 10.0.26100.0
      0s    0,0+ OS Architecture:      X64
      0s    0,0+ Proc Architecture:    X64
      0s    0,0+ 64 Bit OS:            Yes
      0s    0,0+ 64 Bit Process:       Yes
      0s    0,0+ Processor Count:      24
      0s    0,0+ Working Set:          27MB
      0s    0,0+ C# Framework:         .NET 9.0.11
      0s    0,0+ C# CLR Version:       9.0.11
      0s    0,0+ PicoGK Path:          picogk.1.7
      0s    0,0+ Command Line:         C:\Users\hakan\Documents\C#\CEM\MyFirstApp\bin\Debug\net9.0-windows\MyFirstApp.dll
      0s    0,0+ 
      0s    0,0+ ----------------------------------------
      0s    0,0+ 
      0s    0,0+ Welcome to PicoGK
      0s    0,0+ Creating Viewer
      0s    0,2+ PicoGK:    PicoGK Core Library
      0s    0,0+            1.7.1
      0s    0,0+            2024-08-03 22:17:59 picogk.1.7
      0s    0,0+ 
      0s    0,0+ VoxelSize: 3 (mm)
      0s    0,0+ Happy Computational Engineering!
      0s    0,0+ 
      0s    0,0+ 
      0s    0,0+ Loading lights embedded environment
      0s    0,0+ Starting tasks.
      0s    0,0+ 
      0s    0,0+ Loading Lights
      5s    4,5+ --- Generating B-21 Submerged Engines ---
     38s   32,9+ --- Generating B-21 Submerged Engines ---
     53s   15,8+ --- Generating B-21 Submerged Engines ---
     68s   14,4+ --- Generating B-21 Submerged Engines ---
    128s   59,9+ --- Generating B-21 Submerged Engines ---
    147s   19,6+ --- Generating B-21 Submerged Engines ---
    225s   77,3+ --- Generating B-21 Submerged Engines ---
    259s   34,3+ --- Generating B-21 Submerged Engines ---
    285s   26,5+ --- Generating B-21 Submerged Engines ---
    310s   24,8+ --- Generating B-21 Submerged Engines ---
    354s   44,1+ --- Generating B-21 Submerged Engines ---
    397s   42,3+ --- Generating B-21 Submerged Engines ---
    437s   40,3+ --- Generating B-21 Submerged Engines ---
    455s   18,3+ --- Generating B-21 Submerged Engines ---
    488s   33,2+ --- Generating B-21 Submerged Engines ---
    533s   44,6+ --- Generating B-21 Submerged Engines ---
    563s   29,9+ --- Generating B-21 Submerged Engines ---
    647s   84,0+ --- Generating B-21 Submerged Engines ---
    673s   26,3+ --- Generating B-21 Submerged Engines ---
