      0s    0,0+ Opened C:\Users\hakan\Documents\C#\CEM\MyFirstApp\bin\Debug\net9.0-windows\Log\2026-01-02_02-46-07\PicoGK.log
      0s    0,0+ 
      0s    0,0+ ----------------------------------------
      0s    0,0+ 
      0s    0,0+ Current time (UTC): 2026-01-02 01:46:07 (UTC)
      0s    0,0+ Current local time: 2026-01-02 02:46:07 (+01:00)
      0s    0,0+ 
      0s    0,0+ ----------------------------------------
      0s    0,0+ 
      0s    0,0+ System Info:
      0s    0,0+ 
      0s    0,0+ Machine Name:         GENJU
      0s    0,0+ Operating System      Microsoft Windows 10.0.26100
      0s    0,0+ Version:              Microsoft Windows NT 10.0.26100.0
      0s    0,0+ OS Architecture:      X64
      0s    0,0+ Proc Architecture:    X64
      0s    0,0+ 64 Bit OS:            Yes
      0s    0,0+ 64 Bit Process:       Yes
      0s    0,0+ Processor Count:      24
      0s    0,0+ Working Set:          27MB
      0s    0,0+ C# Framework:         .NET 9.0.11
      0s    0,0+ C# CLR Version:       9.0.11
      0s    0,0+ PicoGK Path:          picogk.1.7
      0s    0,0+ Command Line:         C:\Users\hakan\Documents\C#\CEM\MyFirstApp\bin\Debug\net9.0-windows\MyFirstApp.dll
      0s    0,0+ 
      0s    0,0+ ----------------------------------------
      0s    0,0+ 
      0s    0,0+ Welcome to PicoGK
      0s    0,0+ Creating Viewer
      0s    0,1+ PicoGK:    PicoGK Core Library
      0s    0,0+            1.7.1
      0s    0,0+            2024-08-03 22:17:59 picogk.1.7
      0s    0,0+ 
      0s    0,0+ VoxelSize: 3 (mm)
      0s    0,0+ Happy Computational Engineering!
      0s    0,0+ 
      0s    0,0+ 
      0s    0,0+ Loading lights embedded environment
      0s    0,0+ Starting tasks.
      0s    0,0+ 
      0s    0,0+ Loading Lights
      8s    8,0+ --- Starting PipeWingUCAV (1-Meter Scale) ---
      8s    0,1+ Step 1: Spine created.
      8s    0,0+ Step 2: Modulation function created.
      8s    0,0+ Voxelizing the final mesh...
      8s    0,1+ Shelling the final object...
      9s    0,6+ --- OnConstruct Finished Successfully ---
     85s   75,9+ --- Starting PipeWingUCAV (1-Meter Scale) ---
     85s    0,1+ Step 1: Spine created.
     85s    0,0+ Step 2: Modulation function created.
     85s    0,0+ Voxelizing the final mesh...
     85s    0,1+ Shelling the final object...
     86s    0,7+ --- OnConstruct Finished Successfully ---
     90s    4,6+ --- Starting PipeWingUCAV (1-Meter Scale) ---
     90s    0,1+ Step 1: Spine created.
     90s    0,0+ Step 2: Modulation function created.
     90s    0,0+ Voxelizing the final mesh...
     91s    0,1+ Shelling the final object...
     91s    0,9+ --- OnConstruct Finished Successfully ---
     93s    1,9+ --- Starting PipeWingUCAV (1-Meter Scale) ---
     93s    0,1+ Step 1: Spine created.
     93s    0,0+ Step 2: Modulation function created.
     93s    0,0+ Voxelizing the final mesh...
     93s    0,1+ Shelling the final object...
     94s    0,6+ --- OnConstruct Finished Successfully ---
     99s    5,2+ --- Starting PipeWingUCAV (1-Meter Scale) ---
     99s    0,1+ Step 1: Spine created.
     99s    0,0+ Step 2: Modulation function created.
     99s    0,0+ Voxelizing the final mesh...
    100s    0,1+ Shelling the final object...
    100s    0,5+ --- OnConstruct Finished Successfully ---
    102s    1,9+ --- Starting PipeWingUCAV (1-Meter Scale) ---
    102s    0,2+ Step 1: Spine created.
    102s    0,0+ Step 2: Modulation function created.
    102s    0,0+ Voxelizing the final mesh...
    102s    0,2+ Shelling the final object...
    104s    1,2+ --- OnConstruct Finished Successfully ---
    105s    1,8+ --- Starting PipeWingUCAV (1-Meter Scale) ---
    105s    0,1+ Step 1: Spine created.
    105s    0,0+ Step 2: Modulation function created.
    105s    0,0+ Voxelizing the final mesh...
    106s    0,1+ Shelling the final object...
    106s    0,9+ --- OnConstruct Finished Successfully ---
