      0s    0,0+ Opened C:\Users\hakan\Documents\C#\CEM\MyFirstApp\bin\Debug\net9.0-windows\Log\2026-01-05_18-56-25\PicoGK.log
      0s    0,0+ 
      0s    0,0+ ----------------------------------------
      0s    0,0+ 
      0s    0,0+ Current time (UTC): 2026-01-05 17:56:25 (UTC)
      0s    0,0+ Current local time: 2026-01-05 18:56:25 (+01:00)
      0s    0,0+ 
      0s    0,0+ ----------------------------------------
      0s    0,0+ 
      0s    0,0+ System Info:
      0s    0,0+ 
      0s    0,0+ Machine Name:         GENJU
      0s    0,0+ Operating System      Microsoft Windows 10.0.26100
      0s    0,0+ Version:              Microsoft Windows NT 10.0.26100.0
      0s    0,0+ OS Architecture:      X64
      0s    0,0+ Proc Architecture:    X64
      0s    0,0+ 64 Bit OS:            Yes
      0s    0,0+ 64 Bit Process:       Yes
      0s    0,0+ Processor Count:      24
      0s    0,0+ Working Set:          27MB
      0s    0,0+ C# Framework:         .NET 9.0.11
      0s    0,0+ C# CLR Version:       9.0.11
      0s    0,0+ PicoGK Path:          picogk.1.7
      0s    0,0+ Command Line:         C:\Users\hakan\Documents\C#\CEM\MyFirstApp\bin\Debug\net9.0-windows\MyFirstApp.dll
      0s    0,0+ 
      0s    0,0+ ----------------------------------------
      0s    0,0+ 
      0s    0,0+ Welcome to PicoGK
      0s    0,0+ Creating Viewer
      0s    0,1+ PicoGK:    PicoGK Core Library
      0s    0,0+            1.7.1
      0s    0,0+            2024-08-03 22:17:59 picogk.1.7
      0s    0,0+ 
      0s    0,0+ VoxelSize: 1 (mm)
      0s    0,0+ Happy Computational Engineering!
      0s    0,0+ 
      0s    0,0+ 
      0s    0,0+ Loading lights embedded environment
      0s    0,0+ Starting tasks.
      0s    0,0+ 
      0s    0,0+ Loading Lights
    425s  424,8+ [..] START: Full Generation
    425s    0,0+ [..] START: Base Hull Mesh
    432s    7,1+ [OK] DONE : Base Hull Mesh (Took 7,1s)
    432s    0,0+ [..] START: Engines
    461s   28,4+ [OK] DONE : Engines (Took 28,4s)
    461s    0,0+ [..] START: Zones & Cargo Bay
    499s   38,0+ [OK] DONE : Zones & Cargo Bay (Took 38,0s)
    499s    0,0+ [..] START: Smart Flow Lattice
    515s   16,6+ [OK] DONE : Smart Flow Lattice (Took 16,6s)
    515s    0,0+ [..] START: Final Assembly
    515s    0,0+ [OK] DONE : Final Assembly (Took 0,0s)
    515s    0,0+ [OK] DONE : Full Generation (Took 90,2s)
    555s   39,6+ [..] START: Full Generation
    555s    0,0+ [..] START: Base Hull Mesh
    562s    7,5+ [OK] DONE : Base Hull Mesh (Took 7,5s)
    562s    0,0+ [..] START: Engines
    597s   34,4+ [OK] DONE : Engines (Took 34,4s)
    597s    0,0+ [..] START: Zones & Cargo Bay
    655s   58,1+ [OK] DONE : Zones & Cargo Bay (Took 58,1s)
    655s    0,0+ [..] START: Smart Flow Lattice
    686s   31,0+ [OK] DONE : Smart Flow Lattice (Took 31,0s)
    686s    0,0+ [..] START: Final Assembly
    686s    0,0+ [OK] DONE : Final Assembly (Took 0,0s)
    686s    0,0+ [OK] DONE : Full Generation (Took 131,2s)
    759s   73,5+ [..] START: Full Generation
    759s    0,0+ [..] START: Base Hull Mesh
    767s    7,2+ [OK] DONE : Base Hull Mesh (Took 7,2s)
    767s    0,0+ [..] START: Engines
    805s   38,1+ [OK] DONE : Engines (Took 38,1s)
    805s    0,0+ [..] START: Zones & Cargo Bay
    846s   41,3+ [OK] DONE : Zones & Cargo Bay (Took 41,3s)
    846s    0,0+ [..] START: Smart Flow Lattice
    862s   16,5+ [OK] DONE : Smart Flow Lattice (Took 16,5s)
    862s    0,0+ [..] START: Final Assembly
    862s    0,0+ [OK] DONE : Final Assembly (Took 0,0s)
    862s    0,0+ [OK] DONE : Full Generation (Took 103,1s)
