      0s    0,0+ Opened C:\Users\hakan\Documents\C#\CEM\MyFirstApp\bin\Debug\net9.0-windows\Log\2026-02-10_17-23-40\PicoGK.log
      0s    0,0+ 
      0s    0,0+ ----------------------------------------
      0s    0,0+ 
      0s    0,0+ Current time (UTC): 2026-02-10 16:23:40 (UTC)
      0s    0,0+ Current local time: 2026-02-10 17:23:40 (+01:00)
      0s    0,0+ 
      0s    0,0+ ----------------------------------------
      0s    0,0+ 
      0s    0,0+ System Info:
      0s    0,0+ 
      0s    0,0+ Machine Name:         GENJU
      0s    0,0+ Operating System      Microsoft Windows 10.0.26100
      0s    0,0+ Version:              Microsoft Windows NT 10.0.26100.0
      0s    0,0+ OS Architecture:      X64
      0s    0,0+ Proc Architecture:    X64
      0s    0,0+ 64 Bit OS:            Yes
      0s    0,0+ 64 Bit Process:       Yes
      0s    0,0+ Processor Count:      24
      0s    0,0+ Working Set:          27MB
      0s    0,0+ C# Framework:         .NET 9.0.12
      0s    0,0+ C# CLR Version:       9.0.12
      0s    0,0+ PicoGK Path:          picogk.1.7
      0s    0,0+ Command Line:         C:\Users\hakan\Documents\C#\CEM\MyFirstApp\bin\Debug\net9.0-windows\MyFirstApp.dll
      0s    0,0+ 
      0s    0,0+ ----------------------------------------
      0s    0,0+ 
      0s    0,0+ Welcome to PicoGK
      0s    0,0+ Creating Viewer
      0s    0,2+ PicoGK:    PicoGK Core Library
      0s    0,0+            1.7.1
      0s    0,0+            2024-08-03 22:17:59 picogk.1.7
      0s    0,0+ 
      0s    0,0+ VoxelSize: 0,5 (mm)
      0s    0,0+ Happy Computational Engineering!
      0s    0,0+ 
      0s    0,0+ 
      0s    0,0+ Loading lights embedded environment
      0s    0,0+ Starting tasks.
      0s    0,0+ 
      0s    0,0+ Loading Lights
     15s   14,7+ 
     15s   14,7+ --- Starting Phyllotaxis Construction ---
     15s    0,0+ 500 spheres added to lattice.
     15s    0,1+ --- Phyllotaxis Construction Complete ---
     48s   33,0+ 
     48s   33,0+ --- Starting Phyllotaxis Construction ---
     48s    0,0+ 1342 spheres added to lattice.
     48s    0,3+ --- Phyllotaxis Construction Complete ---
     80s   31,5+ 
     80s   31,5+ --- Starting Phyllotaxis Construction ---
     80s    0,0+ 1350 spheres added to lattice.
     80s    0,3+ --- Phyllotaxis Construction Complete ---
     81s    0,9+ 
     81s    0,9+ --- Starting Phyllotaxis Construction ---
     81s    0,0+ 508 spheres added to lattice.
     81s    0,1+ --- Phyllotaxis Construction Complete ---
     90s    9,0+ 
     90s    9,0+ --- Starting True Voronoi Injector ---
     90s    0,0+ 100 seed points generated.
     90s    0,0+ Rendering Voronoi field...
    101s   10,8+ Voronoi plate constructed.
    104s    3,1+ --- Injector Construction Complete ---
