      0s    0,0+ Opened C:\Users\hakan\Documents\C#\CEM\MyFirstApp\bin\Debug\net9.0-windows\Log\2026-01-06_14-06-14\PicoGK.log
      0s    0,0+ 
      0s    0,0+ ----------------------------------------
      0s    0,0+ 
      0s    0,0+ Current time (UTC): 2026-01-06 13:06:14 (UTC)
      0s    0,0+ Current local time: 2026-01-06 14:06:14 (+01:00)
      0s    0,0+ 
      0s    0,0+ ----------------------------------------
      0s    0,0+ 
      0s    0,0+ System Info:
      0s    0,0+ 
      0s    0,0+ Machine Name:         GENJU
      0s    0,0+ Operating System      Microsoft Windows 10.0.26100
      0s    0,0+ Version:              Microsoft Windows NT 10.0.26100.0
      0s    0,0+ OS Architecture:      X64
      0s    0,0+ Proc Architecture:    X64
      0s    0,0+ 64 Bit OS:            Yes
      0s    0,0+ 64 Bit Process:       Yes
      0s    0,0+ Processor Count:      24
      0s    0,0+ Working Set:          27MB
      0s    0,0+ C# Framework:         .NET 9.0.11
      0s    0,0+ C# CLR Version:       9.0.11
      0s    0,0+ PicoGK Path:          picogk.1.7
      0s    0,0+ Command Line:         C:\Users\hakan\Documents\C#\CEM\MyFirstApp\bin\Debug\net9.0-windows\MyFirstApp.dll
      0s    0,0+ 
      0s    0,0+ ----------------------------------------
      0s    0,0+ 
      0s    0,0+ Welcome to PicoGK
      0s    0,0+ Creating Viewer
      0s    0,1+ PicoGK:    PicoGK Core Library
      0s    0,0+            1.7.1
      0s    0,0+            2024-08-03 22:17:59 picogk.1.7
      0s    0,0+ 
      0s    0,0+ VoxelSize: 0,5 (mm)
      0s    0,0+ Happy Computational Engineering!
      0s    0,0+ 
      0s    0,0+ 
      0s    0,0+ Loading lights embedded environment
      0s    0,0+ Starting tasks.
      0s    0,0+ 
      0s    0,0+ Loading Lights
     32s   31,8+ [..] Weaving Hairpins...
     38s    6,0+ [OK] Weaving Hairpins: 5975ms
     38s    0,0+ [..] Generating Stator Core...
     38s    0,2+ [OK] Generating Stator Core: 204ms
    440s  402,2+ [..] Weaving Hairpins...
    453s   12,3+ [OK] Weaving Hairpins: 12270ms
    453s    0,0+ [..] Generating Stator Core...
    453s    0,4+ [OK] Generating Stator Core: 393ms
    486s   33,5+ [..] Weaving Hairpins...
    501s   14,7+ [OK] Weaving Hairpins: 14746ms
    501s    0,0+ [..] Generating Stator Core...
    502s    0,5+ [OK] Generating Stator Core: 535ms
    515s   13,7+ [..] Weaving Hairpins...
    531s   15,5+ [OK] Weaving Hairpins: 15480ms
    531s    0,0+ [..] Generating Stator Core...
    531s    0,5+ [OK] Generating Stator Core: 495ms
    557s   25,4+ [..] Weaving Hairpins...
    567s   10,1+ [OK] Weaving Hairpins: 10087ms
    567s    0,0+ [..] Generating Stator Core...
    567s    0,4+ [OK] Generating Stator Core: 432ms
    591s   24,0+ [..] Weaving Hairpins...
    600s    8,3+ [OK] Weaving Hairpins: 8294ms
    600s    0,0+ [..] Generating Stator Core...
    600s    0,5+ [OK] Generating Stator Core: 471ms
    610s   10,4+ [..] Weaving Hairpins...
    624s   13,9+ [OK] Weaving Hairpins: 13849ms
    624s    0,0+ [..] Generating Stator Core...
    625s    0,5+ [OK] Generating Stator Core: 519ms
    642s   17,6+ [..] Weaving Hairpins...
    665s   22,6+ [OK] Weaving Hairpins: 22583ms
    665s    0,0+ [..] Generating Stator Core...
    666s    0,7+ [OK] Generating Stator Core: 714ms
