      0s    0,0+ Opened C:\Users\hakan\Documents\C#\CEM\MyFirstApp\bin\Debug\net9.0-windows\Log\2026-01-03_21-14-20\PicoGK.log
      0s    0,0+ 
      0s    0,0+ ----------------------------------------
      0s    0,0+ 
      0s    0,0+ Current time (UTC): 2026-01-03 20:14:20 (UTC)
      0s    0,0+ Current local time: 2026-01-03 21:14:20 (+01:00)
      0s    0,0+ 
      0s    0,0+ ----------------------------------------
      0s    0,0+ 
      0s    0,0+ System Info:
      0s    0,0+ 
      0s    0,0+ Machine Name:         GENJU
      0s    0,0+ Operating System      Microsoft Windows 10.0.26100
      0s    0,0+ Version:              Microsoft Windows NT 10.0.26100.0
      0s    0,0+ OS Architecture:      X64
      0s    0,0+ Proc Architecture:    X64
      0s    0,0+ 64 Bit OS:            Yes
      0s    0,0+ 64 Bit Process:       Yes
      0s    0,0+ Processor Count:      24
      0s    0,0+ Working Set:          27MB
      0s    0,0+ C# Framework:         .NET 9.0.11
      0s    0,0+ C# CLR Version:       9.0.11
      0s    0,0+ PicoGK Path:          picogk.1.7
      0s    0,0+ Command Line:         C:\Users\hakan\Documents\C#\CEM\MyFirstApp\bin\Debug\net9.0-windows\MyFirstApp.dll
      0s    0,0+ 
      0s    0,0+ ----------------------------------------
      0s    0,0+ 
      0s    0,0+ Welcome to PicoGK
      0s    0,0+ Creating Viewer
      0s    0,2+ PicoGK:    PicoGK Core Library
      0s    0,0+            1.7.1
      0s    0,0+            2024-08-03 22:17:59 picogk.1.7
      0s    0,0+ 
      0s    0,0+ VoxelSize: 3 (mm)
      0s    0,0+ Happy Computational Engineering!
      0s    0,0+ 
      0s    0,0+ 
      0s    0,0+ Loading lights embedded environment
      0s    0,0+ Starting tasks.
      0s    0,0+ 
      0s    0,0+ Loading Lights
     30s   29,5+ --- Generating B-21 S-Duct Configuration ---
     62s   32,0+ --- Generating B-21 S-Duct Configuration ---
    122s   60,9+ --- Generating B-21 S-Duct Configuration ---
    141s   18,9+ --- Generating B-21 S-Duct Configuration ---
    572s  430,2+ --- Generating B-21 S-Duct Configuration ---
    609s   37,2+ --- Generating B-21 S-Duct Configuration ---
    658s   49,4+ --- Generating B-21 S-Duct Configuration ---
    732s   74,3+ --- Generating B-21 S-Duct Configuration ---
    758s   25,2+ --- Generating B-21 S-Duct Configuration ---
    783s   25,3+ --- Generating B-21 S-Duct Configuration ---
    808s   24,7+ --- Generating B-21 S-Duct Configuration ---
    834s   26,1+ --- Generating B-21 S-Duct Configuration ---
