      0s    0,0+ Opened C:\Users\hakan\Documents\C#\CEM\MyFirstApp\bin\Debug\net9.0-windows\Log\2026-01-03_07-11-47\PicoGK.log
      0s    0,0+ 
      0s    0,0+ ----------------------------------------
      0s    0,0+ 
      0s    0,0+ Current time (UTC): 2026-01-03 06:11:47 (UTC)
      0s    0,0+ Current local time: 2026-01-03 07:11:47 (+01:00)
      0s    0,0+ 
      0s    0,0+ ----------------------------------------
      0s    0,0+ 
      0s    0,0+ System Info:
      0s    0,0+ 
      0s    0,0+ Machine Name:         GENJU
      0s    0,0+ Operating System      Microsoft Windows 10.0.26100
      0s    0,0+ Version:              Microsoft Windows NT 10.0.26100.0
      0s    0,0+ OS Architecture:      X64
      0s    0,0+ Proc Architecture:    X64
      0s    0,0+ 64 Bit OS:            Yes
      0s    0,0+ 64 Bit Process:       Yes
      0s    0,0+ Processor Count:      24
      0s    0,0+ Working Set:          27MB
      0s    0,0+ C# Framework:         .NET 9.0.11
      0s    0,0+ C# CLR Version:       9.0.11
      0s    0,0+ PicoGK Path:          picogk.1.7
      0s    0,0+ Command Line:         C:\Users\hakan\Documents\C#\CEM\MyFirstApp\bin\Debug\net9.0-windows\MyFirstApp.dll
      0s    0,0+ 
      0s    0,0+ ----------------------------------------
      0s    0,0+ 
      0s    0,0+ Welcome to PicoGK
      0s    0,0+ Creating Viewer
      0s    0,1+ PicoGK:    PicoGK Core Library
      0s    0,0+            1.7.1
      0s    0,0+            2024-08-03 22:17:59 picogk.1.7
      0s    0,0+ 
      0s    0,0+ VoxelSize: 1 (mm)
      0s    0,0+ Happy Computational Engineering!
      0s    0,0+ 
      0s    0,0+ 
      0s    0,0+ Loading lights embedded environment
      0s    0,0+ Starting tasks.
      0s    0,0+ 
      0s    0,0+ Loading Lights
      6s    6,1+ 
      6s    6,1+ --- Starting Unified BWB Construction (Corrected) ---
      6s    0,0+ Constructing airframe...
     22s   16,0+ --- Unified BWB Construction Complete ---
     37s   15,2+ 
     37s   15,2+ --- Starting Unified BWB Construction (Corrected) ---
     37s    0,0+ Constructing airframe...
     69s   31,4+ --- Unified BWB Construction Complete ---
    137s   67,7+ 
    137s   67,7+ --- Starting Unified BWB Construction (Corrected) ---
    137s    0,0+ Constructing airframe...
    171s   34,9+ --- Unified BWB Construction Complete ---
    290s  118,8+ 
    290s  118,8+ --- Starting Unified BWB Construction (Corrected) ---
    290s    0,0+ Constructing airframe...
    325s   34,5+ --- Unified BWB Construction Complete ---
    349s   24,7+ 
    349s   24,7+ --- Starting Unified BWB Construction (Corrected) ---
    349s    0,0+ Constructing airframe...
    361s   11,7+ --- Unified BWB Construction Complete ---
