      0s    0,0+ Opened C:\Users\hakan\Documents\C#\CEM\MyFirstApp\bin\Debug\net9.0-windows\Log\2026-01-02_02-16-45\PicoGK.log
      0s    0,0+ 
      0s    0,0+ ----------------------------------------
      0s    0,0+ 
      0s    0,0+ Current time (UTC): 2026-01-02 01:16:45 (UTC)
      0s    0,0+ Current local time: 2026-01-02 02:16:45 (+01:00)
      0s    0,0+ 
      0s    0,0+ ----------------------------------------
      0s    0,0+ 
      0s    0,0+ System Info:
      0s    0,0+ 
      0s    0,0+ Machine Name:         GENJU
      0s    0,0+ Operating System      Microsoft Windows 10.0.26100
      0s    0,0+ Version:              Microsoft Windows NT 10.0.26100.0
      0s    0,0+ OS Architecture:      X64
      0s    0,0+ Proc Architecture:    X64
      0s    0,0+ 64 Bit OS:            Yes
      0s    0,0+ 64 Bit Process:       Yes
      0s    0,0+ Processor Count:      24
      0s    0,0+ Working Set:          27MB
      0s    0,0+ C# Framework:         .NET 9.0.11
      0s    0,0+ C# CLR Version:       9.0.11
      0s    0,0+ PicoGK Path:          picogk.1.7
      0s    0,0+ Command Line:         C:\Users\hakan\Documents\C#\CEM\MyFirstApp\bin\Debug\net9.0-windows\MyFirstApp.dll
      0s    0,0+ 
      0s    0,0+ ----------------------------------------
      0s    0,0+ 
      0s    0,0+ Welcome to PicoGK
      0s    0,0+ Creating Viewer
      0s    0,2+ PicoGK:    PicoGK Core Library
      0s    0,0+            1.7.1
      0s    0,0+            2024-08-03 22:17:59 picogk.1.7
      0s    0,0+ 
      0s    0,0+ VoxelSize: 1 (mm)
      0s    0,0+ Happy Computational Engineering!
      0s    0,0+ 
      0s    0,0+ 
      0s    0,0+ Loading lights embedded environment
      0s    0,0+ Starting tasks.
      0s    0,0+ 
      0s    0,0+ Loading Lights
      9s    8,7+ --- Starting PipeWingUCAV OnConstruct ---
      9s    0,0+ Parameters: Span=12000, Sweep=40, RootChord=4000, TipChord=1000
      9s    0,0+ Spine Root: <1000. 0. 0>
      9s    0,0+ Spine Tip:  <5284,5977. 6000. 0>
      9s    0,1+ Step 1: Spine Frames object created successfully.
      9s    0,0+ Step 2: Airfoil modulation function created successfully.
      9s    0,0+ Step 3: BasePipe object configured. About to call voxConstruct...
      9s    0,0+ Modulation Calc #0: Phi=0,00, LenRatio=1,00 -> Radius=250,00
      9s    0,0+ Modulation Calc #1: Phi=0,00, LenRatio=1,00 -> Radius=250,00
      9s    0,0+ Modulation Calc #2: Phi=0,06, LenRatio=1,00 -> Radius=249,06
      9s    0,0+ Modulation Calc #3: Phi=0,06, LenRatio=1,00 -> Radius=249,06
      9s    0,0+ Modulation Calc #4: Phi=0,00, LenRatio=1,00 -> Radius=250,00
     44s   34,8+ Step 3.1: voxConstruct completed. Half-wing voxels created.
     70s   26,0+ Step 3.2: Converted half-wing to mesh.
     89s   19,2+ Step 3.3: Mirrored mesh.
