      0s    0,0+ Opened C:\Users\hakan\Documents\C#\CEM\MyFirstApp\bin\Debug\net9.0-windows\Log\2026-01-06_08-07-50\PicoGK.log
      0s    0,0+ 
      0s    0,0+ ----------------------------------------
      0s    0,0+ 
      0s    0,0+ Current time (UTC): 2026-01-06 07:07:50 (UTC)
      0s    0,0+ Current local time: 2026-01-06 08:07:50 (+01:00)
      0s    0,0+ 
      0s    0,0+ ----------------------------------------
      0s    0,0+ 
      0s    0,0+ System Info:
      0s    0,0+ 
      0s    0,0+ Machine Name:         GENJU
      0s    0,0+ Operating System      Microsoft Windows 10.0.26100
      0s    0,0+ Version:              Microsoft Windows NT 10.0.26100.0
      0s    0,0+ OS Architecture:      X64
      0s    0,0+ Proc Architecture:    X64
      0s    0,0+ 64 Bit OS:            Yes
      0s    0,0+ 64 Bit Process:       Yes
      0s    0,0+ Processor Count:      24
      0s    0,0+ Working Set:          27MB
      0s    0,0+ C# Framework:         .NET 9.0.11
      0s    0,0+ C# CLR Version:       9.0.11
      0s    0,0+ PicoGK Path:          picogk.1.7
      0s    0,0+ Command Line:         C:\Users\hakan\Documents\C#\CEM\MyFirstApp\bin\Debug\net9.0-windows\MyFirstApp.dll
      0s    0,0+ 
      0s    0,0+ ----------------------------------------
      0s    0,0+ 
      0s    0,0+ Welcome to PicoGK
      0s    0,0+ Creating Viewer
      0s    0,1+ PicoGK:    PicoGK Core Library
      0s    0,0+            1.7.1
      0s    0,0+            2024-08-03 22:17:59 picogk.1.7
      0s    0,0+ 
      0s    0,0+ VoxelSize: 1 (mm)
      0s    0,0+ Happy Computational Engineering!
      0s    0,0+ 
      0s    0,0+ 
      0s    0,0+ Loading lights embedded environment
      0s    0,0+ Starting tasks.
      0s    0,0+ 
      0s    0,0+ Loading Lights
     14s   13,4+ [..] START: Full Generation
     14s    0,0+ [..] START: Base Hull Mesh
     20s    6,8+ [OK] DONE : Base Hull Mesh (Took 6,8s)
     20s    0,0+ [..] START: Engines
     47s   26,9+ [OK] DONE : Engines (Took 26,9s)
     47s    0,0+ [..] START: Zones & Cargo Bay
     84s   37,1+ [OK] DONE : Zones & Cargo Bay (Took 37,1s)
     84s    0,0+ [..] START: Smart Flow Lattice
    101s   16,6+ [OK] DONE : Smart Flow Lattice (Took 16,6s)
    101s    0,0+ [..] START: Final Assembly
    101s    0,0+ [OK] DONE : Final Assembly (Took 0,0s)
    101s    0,0+ [OK] DONE : Full Generation (Took 87,5s)
