      0s    0,0+ Opened C:\Users\hakan\Documents\C#\CEM\MyFirstApp\bin\Debug\net9.0-windows\Log\2026-01-02_14-14-29\PicoGK.log
      0s    0,0+ 
      0s    0,0+ ----------------------------------------
      0s    0,0+ 
      0s    0,0+ Current time (UTC): 2026-01-02 13:14:29 (UTC)
      0s    0,0+ Current local time: 2026-01-02 14:14:29 (+01:00)
      0s    0,0+ 
      0s    0,0+ ----------------------------------------
      0s    0,0+ 
      0s    0,0+ System Info:
      0s    0,0+ 
      0s    0,0+ Machine Name:         GENJU
      0s    0,0+ Operating System      Microsoft Windows 10.0.26100
      0s    0,0+ Version:              Microsoft Windows NT 10.0.26100.0
      0s    0,0+ OS Architecture:      X64
      0s    0,0+ Proc Architecture:    X64
      0s    0,0+ 64 Bit OS:            Yes
      0s    0,0+ 64 Bit Process:       Yes
      0s    0,0+ Processor Count:      24
      0s    0,0+ Working Set:          27MB
      0s    0,0+ C# Framework:         .NET 9.0.11
      0s    0,0+ C# CLR Version:       9.0.11
      0s    0,0+ PicoGK Path:          picogk.1.7
      0s    0,0+ Command Line:         C:\Users\hakan\Documents\C#\CEM\MyFirstApp\bin\Debug\net9.0-windows\MyFirstApp.dll
      0s    0,0+ 
      0s    0,0+ ----------------------------------------
      0s    0,0+ 
      0s    0,0+ Welcome to PicoGK
      0s    0,0+ Creating Viewer
      0s    0,2+ PicoGK:    PicoGK Core Library
      0s    0,0+            1.7.1
      0s    0,0+            2024-08-03 22:17:59 picogk.1.7
      0s    0,0+ 
      0s    0,0+ VoxelSize: 1 (mm)
      0s    0,0+ Happy Computational Engineering!
      0s    0,0+ 
      0s    0,0+ 
      0s    0,0+ Loading lights embedded environment
      0s    0,0+ Starting tasks.
      0s    0,0+ 
      0s    0,0+ Loading Lights
     19s   19,1+ 
     19s   19,1+ --- Starting True Voronoi Injector ---
     19s    0,0+ 100 seed points generated.
     19s    0,0+ Rendering Voronoi field...
     21s    1,6+ Voronoi plate constructed.
     22s    1,5+ --- Injector Construction Complete ---
     51s   28,8+ 
     51s   28,8+ --- Starting True Voronoi Injector ---
     51s    0,0+ 100 seed points generated.
     51s    0,0+ Rendering Voronoi field...
     55s    3,9+ Voronoi plate constructed.
     57s    1,6+ --- Injector Construction Complete ---
     58s    1,5+ 
     58s    1,5+ --- Starting True Voronoi Injector ---
     58s    0,0+ 100 seed points generated.
     58s    0,0+ Rendering Voronoi field...
     60s    1,7+ Voronoi plate constructed.
     62s    1,7+ --- Injector Construction Complete ---
    146s   84,6+ 
    146s   84,6+ --- Starting True Voronoi Injector ---
    146s    0,0+ 100 seed points generated.
    146s    0,0+ Rendering Voronoi field...
    148s    1,7+ Voronoi plate constructed.
    150s    1,6+ --- Injector Construction Complete ---
    157s    6,9+ 
    157s    6,9+ --- Starting True Voronoi Injector ---
    157s    0,0+ 100 seed points generated.
    157s    0,0+ Rendering Voronoi field...
    157s    0,4+ Voronoi plate constructed.
    159s    1,7+ --- Injector Construction Complete ---
    163s    4,5+ 
    163s    4,5+ --- Starting True Voronoi Injector ---
    163s    0,0+ 30 seed points generated.
    163s    0,0+ Rendering Voronoi field...
    163s    0,1+ Voronoi plate constructed.
    164s    0,7+ --- Injector Construction Complete ---
    166s    1,9+ 
    166s    1,9+ --- Starting True Voronoi Injector ---
    166s    0,0+ 300 seed points generated.
    166s    0,0+ Rendering Voronoi field...
    167s    1,2+ Voronoi plate constructed.
    176s    8,7+ --- Injector Construction Complete ---
