      0s    0,0+ Opened C:\Users\hakan\Documents\C#\CEM\MyFirstApp\bin\Debug\net9.0-windows\Log\2026-01-03_10-04-08\PicoGK.log
      0s    0,0+ 
      0s    0,0+ ----------------------------------------
      0s    0,0+ 
      0s    0,0+ Current time (UTC): 2026-01-03 09:04:08 (UTC)
      0s    0,0+ Current local time: 2026-01-03 10:04:08 (+01:00)
      0s    0,0+ 
      0s    0,0+ ----------------------------------------
      0s    0,0+ 
      0s    0,0+ System Info:
      0s    0,0+ 
      0s    0,0+ Machine Name:         GENJU
      0s    0,0+ Operating System      Microsoft Windows 10.0.26100
      0s    0,0+ Version:              Microsoft Windows NT 10.0.26100.0
      0s    0,0+ OS Architecture:      X64
      0s    0,0+ Proc Architecture:    X64
      0s    0,0+ 64 Bit OS:            Yes
      0s    0,0+ 64 Bit Process:       Yes
      0s    0,0+ Processor Count:      24
      0s    0,0+ Working Set:          27MB
      0s    0,0+ C# Framework:         .NET 9.0.11
      0s    0,0+ C# CLR Version:       9.0.11
      0s    0,0+ PicoGK Path:          picogk.1.7
      0s    0,0+ Command Line:         C:\Users\hakan\Documents\C#\CEM\MyFirstApp\bin\Debug\net9.0-windows\MyFirstApp.dll
      0s    0,0+ 
      0s    0,0+ ----------------------------------------
      0s    0,0+ 
      0s    0,0+ Welcome to PicoGK
      0s    0,0+ Creating Viewer
      0s    0,1+ PicoGK:    PicoGK Core Library
      0s    0,0+            1.7.1
      0s    0,0+            2024-08-03 22:17:59 picogk.1.7
      0s    0,0+ 
      0s    0,0+ VoxelSize: 3 (mm)
      0s    0,0+ Happy Computational Engineering!
      0s    0,0+ 
      0s    0,0+ 
      0s    0,0+ Loading lights embedded environment
      0s    0,0+ Starting tasks.
      0s    0,0+ 
      0s    0,0+ Loading Lights
     70s   69,5+ 
     70s   69,5+ --- Starting Generative Airframe Construction ---
     73s    3,7+ --- Construction Complete ---
     78s    5,1+ 
     78s    5,1+ --- Starting Generative Airframe Construction ---
     82s    3,5+ --- Construction Complete ---
     84s    1,7+ 
     84s    1,7+ --- Starting Generative Airframe Construction ---
     87s    3,5+ --- Construction Complete ---
     91s    4,1+ 
     91s    4,1+ --- Starting Generative Airframe Construction ---
     95s    3,5+ --- Construction Complete ---
     98s    3,6+ 
     98s    3,6+ --- Starting Generative Airframe Construction ---
    102s    3,5+ --- Construction Complete ---
    103s    1,4+ 
    103s    1,4+ --- Starting Generative Airframe Construction ---
    107s    3,7+ --- Construction Complete ---
    111s    4,2+ 
    111s    4,2+ --- Starting Generative Airframe Construction ---
    115s    3,9+ --- Construction Complete ---
    122s    6,5+ 
    122s    6,5+ --- Starting Generative Airframe Construction ---
    125s    3,6+ --- Construction Complete ---
    130s    4,7+ 
    130s    4,7+ --- Starting Generative Airframe Construction ---
    134s    3,7+ --- Construction Complete ---
    206s   72,6+ 
    206s   72,6+ --- Starting Generative Airframe Construction ---
    210s    3,7+ --- Construction Complete ---
    219s    8,8+ 
    219s    8,8+ --- Starting Generative Airframe Construction ---
    222s    3,7+ --- Construction Complete ---
    226s    3,9+ 
    226s    3,9+ --- Starting Generative Airframe Construction ---
    230s    3,6+ --- Construction Complete ---
