      0s    0,0+ Opened C:\Users\hakan\Documents\C#\CEM\MyFirstApp\bin\Debug\net9.0-windows\Log\2026-01-03_15-51-10\PicoGK.log
      0s    0,0+ 
      0s    0,0+ ----------------------------------------
      0s    0,0+ 
      0s    0,0+ Current time (UTC): 2026-01-03 14:51:10 (UTC)
      0s    0,0+ Current local time: 2026-01-03 15:51:10 (+01:00)
      0s    0,0+ 
      0s    0,0+ ----------------------------------------
      0s    0,0+ 
      0s    0,0+ System Info:
      0s    0,0+ 
      0s    0,0+ Machine Name:         GENJU
      0s    0,0+ Operating System      Microsoft Windows 10.0.26100
      0s    0,0+ Version:              Microsoft Windows NT 10.0.26100.0
      0s    0,0+ OS Architecture:      X64
      0s    0,0+ Proc Architecture:    X64
      0s    0,0+ 64 Bit OS:            Yes
      0s    0,0+ 64 Bit Process:       Yes
      0s    0,0+ Processor Count:      24
      0s    0,0+ Working Set:          27MB
      0s    0,0+ C# Framework:         .NET 9.0.11
      0s    0,0+ C# CLR Version:       9.0.11
      0s    0,0+ PicoGK Path:          picogk.1.7
      0s    0,0+ Command Line:         C:\Users\hakan\Documents\C#\CEM\MyFirstApp\bin\Debug\net9.0-windows\MyFirstApp.dll
      0s    0,0+ 
      0s    0,0+ ----------------------------------------
      0s    0,0+ 
      0s    0,0+ Welcome to PicoGK
      0s    0,0+ Creating Viewer
      0s    0,2+ PicoGK:    PicoGK Core Library
      0s    0,0+            1.7.1
      0s    0,0+            2024-08-03 22:17:59 picogk.1.7
      0s    0,0+ 
      0s    0,0+ VoxelSize: 3 (mm)
      0s    0,0+ Happy Computational Engineering!
      0s    0,0+ 
      0s    0,0+ 
      0s    0,0+ Loading lights embedded environment
      0s    0,0+ Starting tasks.
      0s    0,0+ 
      0s    0,0+ Loading Lights
     19s   18,5+ --- Generating BWB Multi-Section ---
     26s    7,7+ --- Generating BWB Multi-Section ---
     29s    2,7+ --- Generating BWB Multi-Section ---
     32s    2,8+ --- Generating BWB Multi-Section ---
     33s    1,2+ --- Generating BWB Multi-Section ---
     37s    3,6+ --- Generating BWB Multi-Section ---
     46s    9,8+ --- Generating BWB Multi-Section ---
     50s    3,9+ --- Generating BWB Multi-Section ---
     52s    1,3+ --- Generating BWB Multi-Section ---
     54s    2,0+ --- Generating BWB Multi-Section ---
     60s    6,1+ --- Generating BWB Multi-Section ---
     65s    5,3+ --- Generating BWB Multi-Section ---
     75s    9,8+ --- Generating BWB Multi-Section ---
     81s    6,3+ --- Generating BWB Multi-Section ---
     84s    2,9+ --- Generating BWB Multi-Section ---
     97s   13,0+ --- Generating BWB Multi-Section ---
    102s    4,7+ --- Generating BWB Multi-Section ---
    113s   11,3+ --- Generating BWB Multi-Section ---
    119s    5,4+ --- Generating BWB Multi-Section ---
    124s    5,0+ --- Generating BWB Multi-Section ---
    126s    2,9+ --- Generating BWB Multi-Section ---
    137s   10,8+ --- Generating BWB Multi-Section ---
    150s   13,2+ --- Generating BWB Multi-Section ---
    158s    7,4+ --- Generating BWB Multi-Section ---
    173s   15,3+ --- Generating BWB Multi-Section ---
    179s    5,4+ --- Generating BWB Multi-Section ---
    185s    6,8+ --- Generating BWB Multi-Section ---
    195s   10,1+ --- Generating BWB Multi-Section ---
    217s   22,1+ --- Generating BWB Multi-Section ---
