      0s    0,0+ Opened C:\Users\hakan\Documents\C#\CEM\MyFirstApp\bin\Debug\net9.0-windows\Log\2026-01-06_13-21-01\PicoGK.log
      0s    0,0+ 
      0s    0,0+ ----------------------------------------
      0s    0,0+ 
      0s    0,0+ Current time (UTC): 2026-01-06 12:21:01 (UTC)
      0s    0,0+ Current local time: 2026-01-06 13:21:01 (+01:00)
      0s    0,0+ 
      0s    0,0+ ----------------------------------------
      0s    0,0+ 
      0s    0,0+ System Info:
      0s    0,0+ 
      0s    0,0+ Machine Name:         GENJU
      0s    0,0+ Operating System      Microsoft Windows 10.0.26100
      0s    0,0+ Version:              Microsoft Windows NT 10.0.26100.0
      0s    0,0+ OS Architecture:      X64
      0s    0,0+ Proc Architecture:    X64
      0s    0,0+ 64 Bit OS:            Yes
      0s    0,0+ 64 Bit Process:       Yes
      0s    0,0+ Processor Count:      24
      0s    0,0+ Working Set:          27MB
      0s    0,0+ C# Framework:         .NET 9.0.11
      0s    0,0+ C# CLR Version:       9.0.11
      0s    0,0+ PicoGK Path:          picogk.1.7
      0s    0,0+ Command Line:         C:\Users\hakan\Documents\C#\CEM\MyFirstApp\bin\Debug\net9.0-windows\MyFirstApp.dll
      0s    0,0+ 
      0s    0,0+ ----------------------------------------
      0s    0,0+ 
      0s    0,0+ Welcome to PicoGK
      0s    0,0+ Creating Viewer
      0s    0,1+ PicoGK:    PicoGK Core Library
      0s    0,0+            1.7.1
      0s    0,0+            2024-08-03 22:17:59 picogk.1.7
      0s    0,0+ 
      0s    0,0+ VoxelSize: 1 (mm)
      0s    0,0+ Happy Computational Engineering!
      0s    0,0+ 
      0s    0,0+ 
      0s    0,0+ Loading lights embedded environment
      0s    0,0+ Starting tasks.
      0s    0,0+ 
      0s    0,0+ Loading Lights
     42s   41,7+ [..] Generating Coils...
     43s    1,5+ [OK] Generating Coils: 1518ms
     43s    0,0+ [..] Generating Housing...
     44s    0,3+ [OK] Generating Housing: 262ms
     44s    0,0+ [..] Generating Hub...
     44s    0,2+ [OK] Generating Hub: 226ms
    115s   71,5+ [..] Generating Coils...
    117s    1,4+ [OK] Generating Coils: 1415ms
    117s    0,0+ [..] Generating Housing...
    117s    0,3+ [OK] Generating Housing: 270ms
    117s    0,0+ [..] Generating Hub...
    117s    0,3+ [OK] Generating Hub: 271ms
    126s    8,4+ [..] Generating Coils...
    127s    0,8+ [OK] Generating Coils: 807ms
    127s    0,0+ [..] Generating Housing...
    127s    0,3+ [OK] Generating Housing: 289ms
    127s    0,0+ [..] Generating Hub...
    127s    0,3+ [OK] Generating Hub: 319ms
