      0s    0,0+ Opened C:\Users\hakan\Documents\C#\CEM\MyFirstApp\bin\Debug\net9.0-windows\Log\2026-01-02_14-24-21\PicoGK.log
      0s    0,0+ 
      0s    0,0+ ----------------------------------------
      0s    0,0+ 
      0s    0,0+ Current time (UTC): 2026-01-02 13:24:21 (UTC)
      0s    0,0+ Current local time: 2026-01-02 14:24:21 (+01:00)
      0s    0,0+ 
      0s    0,0+ ----------------------------------------
      0s    0,0+ 
      0s    0,0+ System Info:
      0s    0,0+ 
      0s    0,0+ Machine Name:         GENJU
      0s    0,0+ Operating System      Microsoft Windows 10.0.26100
      0s    0,0+ Version:              Microsoft Windows NT 10.0.26100.0
      0s    0,0+ OS Architecture:      X64
      0s    0,0+ Proc Architecture:    X64
      0s    0,0+ 64 Bit OS:            Yes
      0s    0,0+ 64 Bit Process:       Yes
      0s    0,0+ Processor Count:      24
      0s    0,0+ Working Set:          27MB
      0s    0,0+ C# Framework:         .NET 9.0.11
      0s    0,0+ C# CLR Version:       9.0.11
      0s    0,0+ PicoGK Path:          picogk.1.7
      0s    0,0+ Command Line:         C:\Users\hakan\Documents\C#\CEM\MyFirstApp\bin\Debug\net9.0-windows\MyFirstApp.dll
      0s    0,0+ 
      0s    0,0+ ----------------------------------------
      0s    0,0+ 
      0s    0,0+ Welcome to PicoGK
      0s    0,0+ Creating Viewer
      0s    0,2+ PicoGK:    PicoGK Core Library
      0s    0,0+            1.7.1
      0s    0,0+            2024-08-03 22:17:59 picogk.1.7
      0s    0,0+ 
      0s    0,0+ VoxelSize: 1 (mm)
      0s    0,0+ Happy Computational Engineering!
      0s    0,0+ 
      0s    0,0+ 
      0s    0,0+ Loading lights embedded environment
      0s    0,0+ Starting tasks.
      0s    0,0+ 
      0s    0,0+ Loading Lights
      7s    6,4+ 
      7s    6,4+ --- Starting Implicit Polygon Injector ---
      7s    0,0+ Rendering implicit polygon field...
     10s    3,1+ Polygon plate constructed.
     13s    2,9+ --- Injector Construction Complete ---
     22s    9,1+ 
     22s    9,1+ --- Starting Implicit Polygon Injector ---
     22s    0,0+ Rendering implicit polygon field...
     23s    1,6+ Polygon plate constructed.
     25s    1,5+ --- Injector Construction Complete ---
     27s    1,9+ 
     27s    1,9+ --- Starting Implicit Polygon Injector ---
     27s    0,0+ Rendering implicit polygon field...
     27s    0,9+ Polygon plate constructed.
     28s    0,8+ --- Injector Construction Complete ---
     36s    8,2+ 
     36s    8,2+ --- Starting Implicit Polygon Injector ---
     36s    0,0+ Rendering implicit polygon field...
     39s    2,5+ Polygon plate constructed.
     40s    1,0+ --- Injector Construction Complete ---
     45s    5,0+ 
     45s    5,0+ --- Starting Implicit Polygon Injector ---
     45s    0,0+ Rendering implicit polygon field...
     47s    2,5+ Polygon plate constructed.
     48s    1,0+ --- Injector Construction Complete ---
     50s    2,0+ 
     50s    2,0+ --- Starting Implicit Polygon Injector ---
     50s    0,0+ Rendering implicit polygon field...
     53s    2,5+ Polygon plate constructed.
     54s    1,0+ --- Injector Construction Complete ---
     56s    1,8+ 
     56s    1,8+ --- Starting Implicit Polygon Injector ---
     56s    0,0+ Rendering implicit polygon field...
     58s    2,5+ Polygon plate constructed.
     59s    1,0+ --- Injector Construction Complete ---
    123s   63,8+ 
    123s   63,8+ --- Starting Implicit Polygon Injector ---
    123s    0,0+ Rendering implicit polygon field...
    144s   21,3+ Polygon plate constructed.
    158s   13,9+ --- Injector Construction Complete ---
