      0s    0,0+ Opened C:\Users\hakan\Documents\C#\CEM\MyFirstApp\bin\Debug\net9.0-windows\Log\2026-01-06_15-45-13\PicoGK.log
      0s    0,0+ 
      0s    0,0+ ----------------------------------------
      0s    0,0+ 
      0s    0,0+ Current time (UTC): 2026-01-06 14:45:13 (UTC)
      0s    0,0+ Current local time: 2026-01-06 15:45:13 (+01:00)
      0s    0,0+ 
      0s    0,0+ ----------------------------------------
      0s    0,0+ 
      0s    0,0+ System Info:
      0s    0,0+ 
      0s    0,0+ Machine Name:         GENJU
      0s    0,0+ Operating System      Microsoft Windows 10.0.26100
      0s    0,0+ Version:              Microsoft Windows NT 10.0.26100.0
      0s    0,0+ OS Architecture:      X64
      0s    0,0+ Proc Architecture:    X64
      0s    0,0+ 64 Bit OS:            Yes
      0s    0,0+ 64 Bit Process:       Yes
      0s    0,0+ Processor Count:      24
      0s    0,0+ Working Set:          27MB
      0s    0,0+ C# Framework:         .NET 9.0.11
      0s    0,0+ C# CLR Version:       9.0.11
      0s    0,0+ PicoGK Path:          picogk.1.7
      0s    0,0+ Command Line:         C:\Users\hakan\Documents\C#\CEM\MyFirstApp\bin\Debug\net9.0-windows\MyFirstApp.dll
      0s    0,0+ 
      0s    0,0+ ----------------------------------------
      0s    0,0+ 
      0s    0,0+ Welcome to PicoGK
      0s    0,0+ Creating Viewer
      0s    0,1+ PicoGK:    PicoGK Core Library
      0s    0,0+            1.7.1
      0s    0,0+            2024-08-03 22:17:59 picogk.1.7
      0s    0,0+ 
      0s    0,0+ VoxelSize: 0,5 (mm)
      0s    0,0+ Happy Computational Engineering!
      0s    0,0+ 
      0s    0,0+ 
      0s    0,0+ Loading lights embedded environment
      0s    0,0+ Starting tasks.
      0s    0,0+ 
      0s    0,0+ Loading Lights
     16s   15,8+ [..] Populating Design Space...
     18s    2,1+ [OK] Populating Design Space: 2088ms
     18s    0,0+ [..] Generating Housing...
     19s    1,4+ [OK] Generating Housing: 1379ms
     66s   46,6+ [..] Populating Design Space...
     70s    3,7+ [OK] Populating Design Space: 3667ms
     70s    0,0+ [..] Generating Housing...
     71s    1,4+ [OK] Generating Housing: 1405ms
    137s   65,5+ [..] Populating Design Space...
    142s    5,0+ [OK] Populating Design Space: 4992ms
    142s    0,0+ [..] Generating Housing...
    143s    1,4+ [OK] Generating Housing: 1449ms
    161s   17,7+ [..] Populating Design Space...
    163s    1,8+ [OK] Populating Design Space: 1780ms
    163s    0,0+ [..] Generating Housing...
    164s    1,5+ [OK] Generating Housing: 1509ms
    176s   12,1+ [..] Populating Design Space...
    178s    1,8+ [OK] Populating Design Space: 1799ms
    178s    0,0+ [..] Generating Housing...
    180s    1,5+ [OK] Generating Housing: 1506ms
