      0s    0,0+ Opened C:\Users\hakan\Documents\C#\CEM\MyFirstApp\bin\Debug\net9.0-windows\Log\2026-01-05_18-37-35\PicoGK.log
      0s    0,0+ 
      0s    0,0+ ----------------------------------------
      0s    0,0+ 
      0s    0,0+ Current time (UTC): 2026-01-05 17:37:36 (UTC)
      0s    0,0+ Current local time: 2026-01-05 18:37:36 (+01:00)
      0s    0,0+ 
      0s    0,0+ ----------------------------------------
      0s    0,0+ 
      0s    0,0+ System Info:
      0s    0,0+ 
      0s    0,0+ Machine Name:         GENJU
      0s    0,0+ Operating System      Microsoft Windows 10.0.26100
      0s    0,0+ Version:              Microsoft Windows NT 10.0.26100.0
      0s    0,0+ OS Architecture:      X64
      0s    0,0+ Proc Architecture:    X64
      0s    0,0+ 64 Bit OS:            Yes
      0s    0,0+ 64 Bit Process:       Yes
      0s    0,0+ Processor Count:      24
      0s    0,0+ Working Set:          27MB
      0s    0,0+ C# Framework:         .NET 9.0.11
      0s    0,0+ C# CLR Version:       9.0.11
      0s    0,0+ PicoGK Path:          picogk.1.7
      0s    0,0+ Command Line:         C:\Users\hakan\Documents\C#\CEM\MyFirstApp\bin\Debug\net9.0-windows\MyFirstApp.dll
      0s    0,0+ 
      0s    0,0+ ----------------------------------------
      0s    0,0+ 
      0s    0,0+ Welcome to PicoGK
      0s    0,0+ Creating Viewer
      0s    0,2+ PicoGK:    PicoGK Core Library
      0s    0,0+            1.7.1
      0s    0,0+            2024-08-03 22:17:59 picogk.1.7
      0s    0,0+ 
      0s    0,0+ VoxelSize: 1 (mm)
      0s    0,0+ Happy Computational Engineering!
      0s    0,0+ 
      0s    0,0+ 
      0s    0,0+ Loading lights embedded environment
      0s    0,0+ Starting tasks.
      0s    0,0+ 
      0s    0,0+ Loading Lights
    128s  127,8+ [..] START: Full Generation
    128s    0,0+ [..] START: Base Hull Mesh
    135s    7,1+ [OK] DONE : Base Hull Mesh (Took 7,1s)
    135s    0,0+ [..] START: Zones & Cargo Bay
    171s   36,1+ [OK] DONE : Zones & Cargo Bay (Took 36,1s)
    171s    0,0+ [..] START: Smart Flow Lattice
    188s   16,4+ [OK] DONE : Smart Flow Lattice (Took 16,4s)
    188s    0,0+ [..] START: Final Assembly
    217s   29,7+ [OK] DONE : Final Assembly (Took 29,7s)
    217s    0,0+ [OK] DONE : Full Generation (Took 89,4s)
    234s   16,2+ [..] START: Full Generation
    234s    0,0+ [..] START: Base Hull Mesh
    241s    7,7+ [OK] DONE : Base Hull Mesh (Took 7,7s)
    241s    0,0+ [OK] DONE : Full Generation (Took 7,7s)
    264s   22,7+ [..] START: Full Generation
    264s    0,0+ [..] START: Base Hull Mesh
    271s    7,0+ [OK] DONE : Base Hull Mesh (Took 7,0s)
    271s    0,0+ [..] START: Zones & Cargo Bay
    313s   41,6+ [OK] DONE : Zones & Cargo Bay (Took 41,6s)
    313s    0,0+ [..] START: Smart Flow Lattice
    329s   16,8+ [OK] DONE : Smart Flow Lattice (Took 16,8s)
    329s    0,0+ [..] START: Final Assembly
    370s   40,5+ [OK] DONE : Final Assembly (Took 40,5s)
    370s    0,0+ [OK] DONE : Full Generation (Took 105,9s)
    387s   17,1+ [..] START: Full Generation
    387s    0,0+ [..] START: Base Hull Mesh
    399s   12,1+ [OK] DONE : Base Hull Mesh (Took 12,1s)
    399s    0,0+ [OK] DONE : Full Generation (Took 12,1s)
