      0s    0,0+ Opened C:\Users\hakan\Documents\C#\CEM\MyFirstApp\bin\Debug\net9.0-windows\Log\2026-01-04_08-17-06\PicoGK.log
      0s    0,0+ 
      0s    0,0+ ----------------------------------------
      0s    0,0+ 
      0s    0,0+ Current time (UTC): 2026-01-04 07:17:06 (UTC)
      0s    0,0+ Current local time: 2026-01-04 08:17:06 (+01:00)
      0s    0,0+ 
      0s    0,0+ ----------------------------------------
      0s    0,0+ 
      0s    0,0+ System Info:
      0s    0,0+ 
      0s    0,0+ Machine Name:         GENJU
      0s    0,0+ Operating System      Microsoft Windows 10.0.26100
      0s    0,0+ Version:              Microsoft Windows NT 10.0.26100.0
      0s    0,0+ OS Architecture:      X64
      0s    0,0+ Proc Architecture:    X64
      0s    0,0+ 64 Bit OS:            Yes
      0s    0,0+ 64 Bit Process:       Yes
      0s    0,0+ Processor Count:      24
      0s    0,0+ Working Set:          27MB
      0s    0,0+ C# Framework:         .NET 9.0.11
      0s    0,0+ C# CLR Version:       9.0.11
      0s    0,0+ PicoGK Path:          picogk.1.7
      0s    0,0+ Command Line:         C:\Users\hakan\Documents\C#\CEM\MyFirstApp\bin\Debug\net9.0-windows\MyFirstApp.dll
      0s    0,0+ 
      0s    0,0+ ----------------------------------------
      0s    0,0+ 
      0s    0,0+ Welcome to PicoGK
      0s    0,0+ Creating Viewer
      0s    0,1+ PicoGK:    PicoGK Core Library
      0s    0,0+            1.7.1
      0s    0,0+            2024-08-03 22:17:59 picogk.1.7
      0s    0,0+ 
      0s    0,0+ VoxelSize: 3 (mm)
      0s    0,0+ Happy Computational Engineering!
      0s    0,0+ 
      0s    0,0+ 
      0s    0,0+ Loading lights embedded environment
      0s    0,0+ Starting tasks.
      0s    0,0+ 
      0s    0,0+ Loading Lights
     31s   30,5+ --- Generating Conformal BWB ---
     92s   61,2+ --- Generating Conformal BWB ---
    194s  101,8+ --- Generating Conformal BWB ---
    329s  135,7+ --- Generating Conformal BWB ---
    746s  416,3+ --- Generating Conformal BWB ---
    761s   15,4+ --- Generating Conformal BWB ---
    839s   78,2+ --- Generating Conformal BWB ---
    849s   10,3+ --- Generating Conformal BWB ---
    862s   12,5+ --- Generating Conformal BWB ---
    892s   30,4+ --- Generating Conformal BWB ---
    907s   14,2+ --- Generating Conformal BWB ---
    917s   11,0+ --- Generating Conformal BWB ---
    936s   18,7+ --- Generating Conformal BWB ---
    953s   17,1+ --- Generating Conformal BWB ---
    973s   19,2+ --- Generating Conformal BWB ---
    995s   22,8+ --- Generating Conformal BWB ---
   1008s   12,3+ --- Generating Conformal BWB ---
   1019s   11,6+ --- Generating Conformal BWB ---
   1037s   17,7+ --- Generating Conformal BWB ---
   1090s   52,6+ --- Generating Conformal BWB ---
   1136s   46,5+ --- Generating Conformal BWB ---
