      0s    0,0+ Opened C:\Users\hakan\Documents\C#\CEM\MyFirstApp\bin\Debug\net9.0-windows\Log\2026-02-10_16-27-22\PicoGK.log
      0s    0,0+ 
      0s    0,0+ ----------------------------------------
      0s    0,0+ 
      0s    0,0+ Current time (UTC): 2026-02-10 15:27:22 (UTC)
      0s    0,0+ Current local time: 2026-02-10 16:27:22 (+01:00)
      0s    0,0+ 
      0s    0,0+ ----------------------------------------
      0s    0,0+ 
      0s    0,0+ System Info:
      0s    0,0+ 
      0s    0,0+ Machine Name:         GENJU
      0s    0,0+ Operating System      Microsoft Windows 10.0.26100
      0s    0,0+ Version:              Microsoft Windows NT 10.0.26100.0
      0s    0,0+ OS Architecture:      X64
      0s    0,0+ Proc Architecture:    X64
      0s    0,0+ 64 Bit OS:            Yes
      0s    0,0+ 64 Bit Process:       Yes
      0s    0,0+ Processor Count:      24
      0s    0,0+ Working Set:          22MB
      0s    0,0+ C# Framework:         .NET 9.0.12
      0s    0,0+ C# CLR Version:       9.0.12
      0s    0,0+ PicoGK Path:          picogk.1.7
      0s    0,0+ Command Line:         C:\Users\hakan\Documents\C#\CEM\MyFirstApp\bin\Debug\net9.0-windows\MyFirstApp.dll
      0s    0,0+ 
      0s    0,0+ ----------------------------------------
      0s    0,0+ 
      0s    0,0+ Welcome to PicoGK
      0s    0,0+ Creating Viewer
      0s    0,2+ PicoGK:    PicoGK Core Library
      0s    0,0+            1.7.1
      0s    0,0+            2024-08-03 22:17:59 picogk.1.7
      0s    0,0+ 
      0s    0,0+ VoxelSize: 0,5 (mm)
      0s    0,0+ Happy Computational Engineering!
      0s    0,0+ 
      0s    0,0+ 
      0s    0,0+ Loading lights embedded environment
      0s    0,0+ Starting tasks.
      0s    0,0+ 
      0s    0,0+ Loading Lights
    134s  133,6+ 
    134s  133,6+ --- Starting Cellular Automata Construction ---
    134s    0,0+ Iteration 1 complete.
    134s    0,0+ Iteration 2 complete.
    134s    0,0+ Iteration 3 complete.
    134s    0,0+ Iteration 4 complete.
    134s    0,0+ Iteration 5 complete.
    134s    0,0+ Iteration 6 complete.
    134s    0,0+ Iteration 7 complete.
    134s    0,0+ Iteration 8 complete.
    134s    0,0+ Iteration 9 complete.
    134s    0,0+ Iteration 10 complete.
    134s    0,0+ Constructing voxels from final grid...
    134s    0,1+ --- Cellular Automata Construction Complete ---
    149s   15,3+ 
    149s   15,3+ --- Starting True Voronoi Injector ---
    149s    0,0+ 100 seed points generated.
    149s    0,0+ Rendering Voronoi field...
    160s   10,7+ Voronoi plate constructed.
    164s    4,4+ --- Injector Construction Complete ---
