      0s    0,0+ Opened C:\Users\hakan\Documents\C#\CEM\MyFirstApp\bin\Debug\net9.0-windows\Log\2026-01-06_08-35-56\PicoGK.log
      0s    0,0+ 
      0s    0,0+ ----------------------------------------
      0s    0,0+ 
      0s    0,0+ Current time (UTC): 2026-01-06 07:35:56 (UTC)
      0s    0,0+ Current local time: 2026-01-06 08:35:56 (+01:00)
      0s    0,0+ 
      0s    0,0+ ----------------------------------------
      0s    0,0+ 
      0s    0,0+ System Info:
      0s    0,0+ 
      0s    0,0+ Machine Name:         GENJU
      0s    0,0+ Operating System      Microsoft Windows 10.0.26100
      0s    0,0+ Version:              Microsoft Windows NT 10.0.26100.0
      0s    0,0+ OS Architecture:      X64
      0s    0,0+ Proc Architecture:    X64
      0s    0,0+ 64 Bit OS:            Yes
      0s    0,0+ 64 Bit Process:       Yes
      0s    0,0+ Processor Count:      24
      0s    0,0+ Working Set:          27MB
      0s    0,0+ C# Framework:         .NET 9.0.11
      0s    0,0+ C# CLR Version:       9.0.11
      0s    0,0+ PicoGK Path:          picogk.1.7
      0s    0,0+ Command Line:         C:\Users\hakan\Documents\C#\CEM\MyFirstApp\bin\Debug\net9.0-windows\MyFirstApp.dll
      0s    0,0+ 
      0s    0,0+ ----------------------------------------
      0s    0,0+ 
      0s    0,0+ Welcome to PicoGK
      0s    0,0+ Creating Viewer
      0s    0,1+ PicoGK:    PicoGK Core Library
      0s    0,0+            1.7.1
      0s    0,0+            2024-08-03 22:17:59 picogk.1.7
      0s    0,0+ 
      0s    0,0+ VoxelSize: 1 (mm)
      0s    0,0+ Happy Computational Engineering!
      0s    0,0+ 
      0s    0,0+ 
      0s    0,0+ Loading lights embedded environment
      0s    0,0+ Starting tasks.
      0s    0,0+ 
      0s    0,0+ Loading Lights
     50s   50,1+ [..] START: Full Generation
     50s    0,0+ [..] START: Base Hull Mesh
     57s    6,9+ [OK] DONE : Base Hull Mesh (Took 6,9s)
     57s    0,0+ [..] START: Engines
     85s   28,3+ [OK] DONE : Engines (Took 28,3s)
     85s    0,0+ [..] START: Zones & Cargo Bay
    123s   37,1+ [OK] DONE : Zones & Cargo Bay (Took 37,1s)
    123s    0,0+ [..] START: Smart Flow Lattice
    139s   16,5+ [OK] DONE : Smart Flow Lattice (Took 16,5s)
    139s    0,0+ [..] START: Final Assembly
    139s    0,0+ [OK] DONE : Final Assembly (Took 0,0s)
    139s    0,0+ [OK] DONE : Full Generation (Took 88,8s)
    707s  567,5+ Generation Paused. Click 'GENERATE GEOMETRY' to build.
    771s   64,1+ Generation Paused. Click 'GENERATE GEOMETRY' to build.
    772s    1,6+ Generation Paused. Click 'GENERATE GEOMETRY' to build.
    780s    7,9+ [..] START: Full Generation
    780s    0,0+ [..] START: Base Hull Mesh
    788s    7,6+ [OK] DONE : Base Hull Mesh (Took 7,6s)
    788s    0,0+ [..] START: Engines
    841s   53,7+ [OK] DONE : Engines (Took 53,7s)
    841s    0,0+ [..] START: Zones & Cargo Bay
    897s   56,0+ [OK] DONE : Zones & Cargo Bay (Took 56,0s)
    897s    0,0+ [..] START: Smart Flow Lattice
    917s   19,1+ [OK] DONE : Smart Flow Lattice (Took 19,1s)
    917s    0,0+ [..] START: Final Assembly
    917s    0,0+ [OK] DONE : Final Assembly (Took 0,0s)
    917s    0,0+ [OK] DONE : Full Generation (Took 136,5s)
    957s   40,2+ [..] START: Full Generation
    957s    0,0+ [..] START: Base Hull Mesh
    964s    7,4+ [OK] DONE : Base Hull Mesh (Took 7,4s)
    964s    0,0+ [..] START: Engines
   1024s   60,2+ [OK] DONE : Engines (Took 60,2s)
   1024s    0,0+ [..] START: Zones & Cargo Bay
   1064s   39,6+ [OK] DONE : Zones & Cargo Bay (Took 39,6s)
   1064s    0,0+ [..] START: Smart Flow Lattice
   1082s   18,3+ [OK] DONE : Smart Flow Lattice (Took 18,3s)
   1082s    0,0+ [..] START: Final Assembly
   1082s    0,0+ [OK] DONE : Final Assembly (Took 0,0s)
   1082s    0,0+ [OK] DONE : Full Generation (Took 125,7s)
   1106s   24,0+ [..] START: Full Generation
   1106s    0,0+ [..] START: Base Hull Mesh
