      0s    0,0+ Opened C:\Users\hakan\Documents\C#\CEM\MyFirstApp\bin\Debug\net9.0-windows\Log\2026-01-03_06-44-15\PicoGK.log
      0s    0,0+ 
      0s    0,0+ ----------------------------------------
      0s    0,0+ 
      0s    0,0+ Current time (UTC): 2026-01-03 05:44:15 (UTC)
      0s    0,0+ Current local time: 2026-01-03 06:44:15 (+01:00)
      0s    0,0+ 
      0s    0,0+ ----------------------------------------
      0s    0,0+ 
      0s    0,0+ System Info:
      0s    0,0+ 
      0s    0,0+ Machine Name:         GENJU
      0s    0,0+ Operating System      Microsoft Windows 10.0.26100
      0s    0,0+ Version:              Microsoft Windows NT 10.0.26100.0
      0s    0,0+ OS Architecture:      X64
      0s    0,0+ Proc Architecture:    X64
      0s    0,0+ 64 Bit OS:            Yes
      0s    0,0+ 64 Bit Process:       Yes
      0s    0,0+ Processor Count:      24
      0s    0,0+ Working Set:          27MB
      0s    0,0+ C# Framework:         .NET 9.0.11
      0s    0,0+ C# CLR Version:       9.0.11
      0s    0,0+ PicoGK Path:          picogk.1.7
      0s    0,0+ Command Line:         C:\Users\hakan\Documents\C#\CEM\MyFirstApp\bin\Debug\net9.0-windows\MyFirstApp.dll
      0s    0,0+ 
      0s    0,0+ ----------------------------------------
      0s    0,0+ 
      0s    0,0+ Welcome to PicoGK
      0s    0,0+ Creating Viewer
      0s    0,1+ PicoGK:    PicoGK Core Library
      0s    0,0+            1.7.1
      0s    0,0+            2024-08-03 22:17:59 picogk.1.7
      0s    0,0+ 
      0s    0,0+ VoxelSize: 1 (mm)
      0s    0,0+ Happy Computational Engineering!
      0s    0,0+ 
      0s    0,0+ 
      0s    0,0+ Loading lights embedded environment
      0s    0,0+ Starting tasks.
      0s    0,0+ 
      0s    0,0+ Loading Lights
     11s   10,8+ 
     11s   10,8+ --- Starting Generative Airframe Construction ---
     15s    4,6+ --- Construction Complete ---
     33s   17,8+ 
     33s   17,8+ --- Starting Generative Airframe Construction ---
     38s    4,6+ --- Construction Complete ---
     53s   14,7+ 
     53s   14,7+ --- Starting Generative Airframe Construction ---
     58s    5,0+ --- Construction Complete ---
     61s    3,5+ 
     61s    3,5+ --- Starting Generative Airframe Construction ---
     67s    5,5+ --- Construction Complete ---
     75s    7,8+ 
     75s    7,8+ --- Starting Generative Airframe Construction ---
     81s    6,5+ --- Construction Complete ---
     84s    3,0+ 
     84s    3,0+ --- Starting Generative Airframe Construction ---
     91s    7,3+ --- Construction Complete ---
     93s    1,4+ 
     93s    1,4+ --- Starting Generative Airframe Construction ---
    101s    8,4+ --- Construction Complete ---
    108s    7,0+ 
    108s    7,0+ --- Starting Generative Airframe Construction ---
    116s    7,8+ --- Construction Complete ---
    120s    3,7+ 
    120s    3,7+ --- Starting Generative Airframe Construction ---
    129s    9,0+ --- Construction Complete ---
    132s    3,4+ 
    132s    3,4+ --- Starting Generative Airframe Construction ---
    141s    8,8+ --- Construction Complete ---
    143s    2,3+ 
    143s    2,3+ --- Starting Generative Airframe Construction ---
    151s    7,9+ --- Construction Complete ---
    153s    2,4+ 
    153s    2,4+ --- Starting Generative Airframe Construction ---
    163s    9,9+ --- Construction Complete ---
    171s    7,6+ 
    171s    7,6+ --- Starting Generative Airframe Construction ---
    176s    5,5+ --- Construction Complete ---
    188s   11,1+ 
    188s   11,1+ --- Starting Generative Airframe Construction ---
    194s    6,8+ --- Construction Complete ---
    205s   10,5+ 
    205s   10,5+ --- Starting Generative Airframe Construction ---
    215s   10,1+ --- Construction Complete ---
