      0s    0,0+ Opened C:\Users\hakan\Documents\C#\CEM\MyFirstApp\bin\Debug\net9.0-windows\Log\2026-01-02_14-07-33\PicoGK.log
      0s    0,0+ 
      0s    0,0+ ----------------------------------------
      0s    0,0+ 
      0s    0,0+ Current time (UTC): 2026-01-02 13:07:33 (UTC)
      0s    0,0+ Current local time: 2026-01-02 14:07:33 (+01:00)
      0s    0,0+ 
      0s    0,0+ ----------------------------------------
      0s    0,0+ 
      0s    0,0+ System Info:
      0s    0,0+ 
      0s    0,0+ Machine Name:         GENJU
      0s    0,0+ Operating System      Microsoft Windows 10.0.26100
      0s    0,0+ Version:              Microsoft Windows NT 10.0.26100.0
      0s    0,0+ OS Architecture:      X64
      0s    0,0+ Proc Architecture:    X64
      0s    0,0+ 64 Bit OS:            Yes
      0s    0,0+ 64 Bit Process:       Yes
      0s    0,0+ Processor Count:      24
      0s    0,0+ Working Set:          27MB
      0s    0,0+ C# Framework:         .NET 9.0.11
      0s    0,0+ C# CLR Version:       9.0.11
      0s    0,0+ PicoGK Path:          picogk.1.7
      0s    0,0+ Command Line:         C:\Users\hakan\Documents\C#\CEM\MyFirstApp\bin\Debug\net9.0-windows\MyFirstApp.dll
      0s    0,0+ 
      0s    0,0+ ----------------------------------------
      0s    0,0+ 
      0s    0,0+ Welcome to PicoGK
      0s    0,0+ Creating Viewer
      0s    0,2+ PicoGK:    PicoGK Core Library
      0s    0,0+            1.7.1
      0s    0,0+            2024-08-03 22:17:59 picogk.1.7
      0s    0,0+ 
      0s    0,0+ VoxelSize: 1 (mm)
      0s    0,0+ Happy Computational Engineering!
      0s    0,0+ 
      0s    0,0+ 
      0s    0,0+ Loading lights embedded environment
      0s    0,0+ Starting tasks.
      0s    0,0+ 
      0s    0,0+ Loading Lights
      6s    6,0+ 
      6s    6,0+ --- Starting Phyllotactic Injector Construction ---
      6s    0,0+ 150 injector points generated.
      8s    2,0+ 150 hexagonal cells created.
      8s    0,3+ --- Injector Construction Complete ---
     17s    9,0+ 
     17s    9,0+ --- Starting Phyllotactic Injector Construction ---
     17s    0,0+ 103 injector points generated.
     19s    1,4+ 103 hexagonal cells created.
     19s    0,3+ --- Injector Construction Complete ---
     22s    2,9+ 
     22s    2,9+ --- Starting Phyllotactic Injector Construction ---
     22s    0,0+ 103 injector points generated.
     23s    1,5+ 103 hexagonal cells created.
     24s    0,2+ --- Injector Construction Complete ---
     27s    3,3+ 
     27s    3,3+ --- Starting Phyllotactic Injector Construction ---
     27s    0,0+ 103 injector points generated.
     29s    1,7+ 103 hexagonal cells created.
     29s    0,3+ --- Injector Construction Complete ---
     32s    3,5+ 
     32s    3,5+ --- Starting Phyllotactic Injector Construction ---
     32s    0,0+ 103 injector points generated.
     34s    1,5+ 103 hexagonal cells created.
     34s    0,3+ --- Injector Construction Complete ---
     36s    1,9+ 
     36s    1,9+ --- Starting Phyllotactic Injector Construction ---
     36s    0,0+ 264 injector points generated.
     41s    4,6+ 264 hexagonal cells created.
     41s    0,5+ --- Injector Construction Complete ---
     43s    1,7+ 
     43s    1,7+ --- Starting Phyllotactic Injector Construction ---
     43s    0,0+ 50 injector points generated.
     44s    1,3+ 50 hexagonal cells created.
     45s    0,4+ --- Injector Construction Complete ---
