      0s    0,0+ Opened C:\Users\hakan\Documents\C#\CEM\MyFirstApp\bin\Debug\net9.0-windows\Log\2026-01-04_05-46-58\PicoGK.log
      0s    0,0+ 
      0s    0,0+ ----------------------------------------
      0s    0,0+ 
      0s    0,0+ Current time (UTC): 2026-01-04 04:46:58 (UTC)
      0s    0,0+ Current local time: 2026-01-04 05:46:58 (+01:00)
      0s    0,0+ 
      0s    0,0+ ----------------------------------------
      0s    0,0+ 
      0s    0,0+ System Info:
      0s    0,0+ 
      0s    0,0+ Machine Name:         GENJU
      0s    0,0+ Operating System      Microsoft Windows 10.0.26100
      0s    0,0+ Version:              Microsoft Windows NT 10.0.26100.0
      0s    0,0+ OS Architecture:      X64
      0s    0,0+ Proc Architecture:    X64
      0s    0,0+ 64 Bit OS:            Yes
      0s    0,0+ 64 Bit Process:       Yes
      0s    0,0+ Processor Count:      24
      0s    0,0+ Working Set:          27MB
      0s    0,0+ C# Framework:         .NET 9.0.11
      0s    0,0+ C# CLR Version:       9.0.11
      0s    0,0+ PicoGK Path:          picogk.1.7
      0s    0,0+ Command Line:         C:\Users\hakan\Documents\C#\CEM\MyFirstApp\bin\Debug\net9.0-windows\MyFirstApp.dll
      0s    0,0+ 
      0s    0,0+ ----------------------------------------
      0s    0,0+ 
      0s    0,0+ Welcome to PicoGK
      0s    0,1+ Creating Viewer
      0s    0,2+ PicoGK:    PicoGK Core Library
      0s    0,0+            1.7.1
      0s    0,0+            2024-08-03 22:17:59 picogk.1.7
      0s    0,0+ 
      0s    0,0+ VoxelSize: 3 (mm)
      0s    0,0+ Happy Computational Engineering!
      0s    0,0+ 
      0s    0,0+ 
      0s    0,0+ Loading lights embedded environment
      0s    0,0+ Starting tasks.
      0s    0,0+ 
      0s    0,0+ Loading Lights
     22s   21,8+ --- Generating B-21 Submerged Engines ---
     56s   33,9+ --- Generating B-21 Submerged Engines ---
    107s   51,3+ --- Generating B-21 Submerged Engines ---
    141s   33,4+ --- Generating B-21 Submerged Engines ---
    210s   69,3+ --- Generating B-21 Submerged Engines ---
    232s   21,5+ --- Generating B-21 Submerged Engines ---
    256s   24,0+ --- Generating B-21 Submerged Engines ---
    265s    9,9+ --- Generating B-21 Submerged Engines ---
    294s   28,3+ --- Generating B-21 Submerged Engines ---
    310s   16,0+ --- Generating B-21 Submerged Engines ---
    323s   13,7+ --- Generating B-21 Submerged Engines ---
    336s   12,8+ --- Generating B-21 Submerged Engines ---
    349s   13,0+ --- Generating B-21 Submerged Engines ---
    363s   13,8+ --- Generating B-21 Submerged Engines ---
    404s   41,2+ --- Generating B-21 Submerged Engines ---
    430s   25,5+ --- Generating B-21 Submerged Engines ---
    450s   20,1+ --- Generating B-21 Submerged Engines ---
    543s   92,9+ --- Generating B-21 Submerged Engines ---
