      0s    0,0+ Opened C:\Users\hakan\Documents\C#\CEM\MyFirstApp\bin\Debug\net9.0-windows\Log\2026-01-06_09-42-25\PicoGK.log
      0s    0,0+ 
      0s    0,0+ ----------------------------------------
      0s    0,0+ 
      0s    0,0+ Current time (UTC): 2026-01-06 08:42:25 (UTC)
      0s    0,0+ Current local time: 2026-01-06 09:42:25 (+01:00)
      0s    0,0+ 
      0s    0,0+ ----------------------------------------
      0s    0,0+ 
      0s    0,0+ System Info:
      0s    0,0+ 
      0s    0,0+ Machine Name:         GENJU
      0s    0,0+ Operating System      Microsoft Windows 10.0.26100
      0s    0,0+ Version:              Microsoft Windows NT 10.0.26100.0
      0s    0,0+ OS Architecture:      X64
      0s    0,0+ Proc Architecture:    X64
      0s    0,0+ 64 Bit OS:            Yes
      0s    0,0+ 64 Bit Process:       Yes
      0s    0,0+ Processor Count:      24
      0s    0,0+ Working Set:          27MB
      0s    0,0+ C# Framework:         .NET 9.0.11
      0s    0,0+ C# CLR Version:       9.0.11
      0s    0,0+ PicoGK Path:          picogk.1.7
      0s    0,0+ Command Line:         C:\Users\hakan\Documents\C#\CEM\MyFirstApp\bin\Debug\net9.0-windows\MyFirstApp.dll
      0s    0,0+ 
      0s    0,0+ ----------------------------------------
      0s    0,0+ 
      0s    0,0+ Welcome to PicoGK
      0s    0,0+ Creating Viewer
      0s    0,1+ PicoGK:    PicoGK Core Library
      0s    0,0+            1.7.1
      0s    0,0+            2024-08-03 22:17:59 picogk.1.7
      0s    0,0+ 
      0s    0,0+ VoxelSize: 1 (mm)
      0s    0,0+ Happy Computational Engineering!
      0s    0,0+ 
      0s    0,0+ 
      0s    0,0+ Loading lights embedded environment
      0s    0,0+ Starting tasks.
      0s    0,0+ 
      0s    0,0+ Loading Lights
    263s  263,2+ [..] START: Full Generation
    263s    0,0+ [..] START: Base Hull Mesh
    272s    8,4+ [OK] DONE : Base Hull Mesh (Took 8,4s)
    272s    0,0+ [..] START: Engines
    305s   33,1+ [OK] DONE : Engines (Took 33,1s)
    338s   33,2+ [..] START: Smart Flow Lattice
    357s   18,9+ [OK] DONE : Smart Flow Lattice (Took 18,9s)
    357s    0,0+ [OK] DONE : Full Generation (Took 93,6s)
    781s  423,6+ [..] START: Full Generation
    781s    0,0+ [..] START: Base Hull Mesh
    788s    7,0+ [OK] DONE : Base Hull Mesh (Took 7,0s)
    788s    0,0+ [..] START: Engines
    824s   36,2+ [OK] DONE : Engines (Took 36,2s)
    859s   34,8+ [..] START: Smart Flow Lattice
    877s   18,7+ [OK] DONE : Smart Flow Lattice (Took 18,7s)
    877s    0,0+ [OK] DONE : Full Generation (Took 96,7s)
   1002s  124,4+ [..] START: Full Generation
   1002s    0,0+ [..] START: Base Hull Mesh
   1010s    8,2+ [OK] DONE : Base Hull Mesh (Took 8,2s)
   1010s    0,0+ [..] START: Engines
   1059s   48,7+ [OK] DONE : Engines (Took 48,7s)
