      0s    0,0+ Opened C:\Users\hakan\Documents\C#\CEM\MyFirstApp\bin\Debug\net9.0-windows\Log\2026-01-02_03-24-56\PicoGK.log
      0s    0,0+ 
      0s    0,0+ ----------------------------------------
      0s    0,0+ 
      0s    0,0+ Current time (UTC): 2026-01-02 02:24:56 (UTC)
      0s    0,0+ Current local time: 2026-01-02 03:24:56 (+01:00)
      0s    0,0+ 
      0s    0,0+ ----------------------------------------
      0s    0,0+ 
      0s    0,0+ System Info:
      0s    0,0+ 
      0s    0,0+ Machine Name:         GENJU
      0s    0,0+ Operating System      Microsoft Windows 10.0.26100
      0s    0,0+ Version:              Microsoft Windows NT 10.0.26100.0
      0s    0,0+ OS Architecture:      X64
      0s    0,0+ Proc Architecture:    X64
      0s    0,0+ 64 Bit OS:            Yes
      0s    0,0+ 64 Bit Process:       Yes
      0s    0,0+ Processor Count:      24
      0s    0,0+ Working Set:          27MB
      0s    0,0+ C# Framework:         .NET 9.0.11
      0s    0,0+ C# CLR Version:       9.0.11
      0s    0,0+ PicoGK Path:          picogk.1.7
      0s    0,0+ Command Line:         C:\Users\hakan\Documents\C#\CEM\MyFirstApp\bin\Debug\net9.0-windows\MyFirstApp.dll
      0s    0,0+ 
      0s    0,0+ ----------------------------------------
      0s    0,0+ 
      0s    0,0+ Welcome to PicoGK
      0s    0,0+ Creating Viewer
      0s    0,2+ PicoGK:    PicoGK Core Library
      0s    0,0+            1.7.1
      0s    0,0+            2024-08-03 22:17:59 picogk.1.7
      0s    0,0+ 
      0s    0,0+ VoxelSize: 1 (mm)
      0s    0,0+ Happy Computational Engineering!
      0s    0,0+ 
      0s    0,0+ 
      0s    0,0+ Loading lights embedded environment
      0s    0,0+ Starting tasks.
      0s    0,0+ 
      0s    0,0+ Loading Lights
      8s    7,9+ --- Starting Component-Based UCAV Construction ---
      8s    0,0+ Constructing Fuselage...
      9s    0,9+ Fuselage constructed.
      9s    0,0+ Constructing Right Wing...
      9s    0,1+ Right Wing constructed.
      9s    0,0+ Assembling components...
      9s    0,2+ Blending components with smoothing...
     18s    8,9+ Shelling final airframe...
     23s    4,9+ --- OnConstruct Finished Successfully ---
     40s   16,5+ --- Starting Component-Based UCAV Construction ---
     40s    0,0+ Constructing Fuselage...
     41s    1,1+ Fuselage constructed.
     41s    0,0+ Constructing Right Wing...
     41s    0,1+ Right Wing constructed.
     41s    0,0+ Assembling components...
     41s    0,4+ Blending components with smoothing...
     50s    8,8+ Shelling final airframe...
     55s    5,0+ --- OnConstruct Finished Successfully ---
     59s    3,9+ --- Starting Component-Based UCAV Construction ---
     59s    0,0+ Constructing Fuselage...
     60s    1,4+ Fuselage constructed.
     60s    0,0+ Constructing Right Wing...
     60s    0,1+ Right Wing constructed.
     60s    0,0+ Assembling components...
     61s    0,5+ Blending components with smoothing...
     70s    9,6+ Shelling final airframe...
     75s    4,9+ --- OnConstruct Finished Successfully ---
