      0s    0,0+ Opened C:\Users\hakan\Documents\C#\CEM\MyFirstApp\bin\Debug\net9.0-windows\Log\2026-01-03_10-03-24\PicoGK.log
      0s    0,0+ 
      0s    0,0+ ----------------------------------------
      0s    0,0+ 
      0s    0,0+ Current time (UTC): 2026-01-03 09:03:24 (UTC)
      0s    0,0+ Current local time: 2026-01-03 10:03:24 (+01:00)
      0s    0,0+ 
      0s    0,0+ ----------------------------------------
      0s    0,0+ 
      0s    0,0+ System Info:
      0s    0,0+ 
      0s    0,0+ Machine Name:         GENJU
      0s    0,0+ Operating System      Microsoft Windows 10.0.26100
      0s    0,0+ Version:              Microsoft Windows NT 10.0.26100.0
      0s    0,0+ OS Architecture:      X64
      0s    0,0+ Proc Architecture:    X64
      0s    0,0+ 64 Bit OS:            Yes
      0s    0,0+ 64 Bit Process:       Yes
      0s    0,0+ Processor Count:      24
      0s    0,0+ Working Set:          27MB
      0s    0,0+ C# Framework:         .NET 9.0.11
      0s    0,0+ C# CLR Version:       9.0.11
      0s    0,0+ PicoGK Path:          picogk.1.7
      0s    0,0+ Command Line:         C:\Users\hakan\Documents\C#\CEM\MyFirstApp\bin\Debug\net9.0-windows\MyFirstApp.dll
      0s    0,0+ 
      0s    0,0+ ----------------------------------------
      0s    0,0+ 
      0s    0,0+ Welcome to PicoGK
      0s    0,0+ Creating Viewer
      0s    0,2+ PicoGK:    PicoGK Core Library
      0s    0,0+            1.7.1
      0s    0,0+            2024-08-03 22:17:59 picogk.1.7
      0s    0,0+ 
      0s    0,0+ VoxelSize: 3 (mm)
      0s    0,0+ Happy Computational Engineering!
      0s    0,0+ 
      0s    0,0+ 
      0s    0,0+ Loading lights embedded environment
      0s    0,0+ Starting tasks.
      0s    0,0+ 
      0s    0,0+ Loading Lights
      5s    4,5+ 
      5s    4,5+ --- Starting Explicit BWB Lofting (Corrected) ---
      5s    0,0+ Constructing skin mesh explicitly...
      7s    2,6+ 
      7s    2,6+ --- Starting Explicit BWB Lofting (Corrected) ---
      7s    0,0+ Constructing skin mesh explicitly...
     10s    2,8+ 
     10s    2,8+ --- Starting Explicit BWB Lofting (Corrected) ---
     10s    0,0+ Constructing skin mesh explicitly...
     11s    0,9+ 
     11s    0,9+ --- Starting Explicit BWB Lofting (Corrected) ---
     11s    0,0+ Constructing skin mesh explicitly...
     13s    1,9+ 
     13s    1,9+ --- Starting Explicit BWB Lofting (Corrected) ---
     13s    0,0+ Constructing skin mesh explicitly...
     14s    1,0+ 
     14s    1,0+ --- Starting Explicit BWB Lofting (Corrected) ---
     14s    0,0+ Constructing skin mesh explicitly...
     17s    3,1+ 
     17s    3,1+ --- Starting Explicit BWB Lofting (Corrected) ---
     17s    0,0+ Constructing skin mesh explicitly...
     19s    2,1+ 
     19s    2,1+ --- Starting Explicit BWB Lofting (Corrected) ---
     19s    0,0+ Constructing skin mesh explicitly...
     21s    2,0+ 
     21s    2,0+ --- Starting Explicit BWB Lofting (Corrected) ---
     21s    0,0+ Constructing skin mesh explicitly...
