      0s    0,0+ Opened C:\Users\hakan\Documents\C#\CEM\MyFirstApp\bin\Debug\net9.0-windows\Log\2026-01-03_09-19-46\PicoGK.log
      0s    0,0+ 
      0s    0,0+ ----------------------------------------
      0s    0,0+ 
      0s    0,0+ Current time (UTC): 2026-01-03 08:19:46 (UTC)
      0s    0,0+ Current local time: 2026-01-03 09:19:46 (+01:00)
      0s    0,0+ 
      0s    0,0+ ----------------------------------------
      0s    0,0+ 
      0s    0,0+ System Info:
      0s    0,0+ 
      0s    0,0+ Machine Name:         GENJU
      0s    0,0+ Operating System      Microsoft Windows 10.0.26100
      0s    0,0+ Version:              Microsoft Windows NT 10.0.26100.0
      0s    0,0+ OS Architecture:      X64
      0s    0,0+ Proc Architecture:    X64
      0s    0,0+ 64 Bit OS:            Yes
      0s    0,0+ 64 Bit Process:       Yes
      0s    0,0+ Processor Count:      24
      0s    0,0+ Working Set:          27MB
      0s    0,0+ C# Framework:         .NET 9.0.11
      0s    0,0+ C# CLR Version:       9.0.11
      0s    0,0+ PicoGK Path:          picogk.1.7
      0s    0,0+ Command Line:         C:\Users\hakan\Documents\C#\CEM\MyFirstApp\bin\Debug\net9.0-windows\MyFirstApp.dll
      0s    0,0+ 
      0s    0,0+ ----------------------------------------
      0s    0,0+ 
      0s    0,0+ Welcome to PicoGK
      0s    0,0+ Creating Viewer
      0s    0,1+ PicoGK:    PicoGK Core Library
      0s    0,0+            1.7.1
      0s    0,0+            2024-08-03 22:17:59 picogk.1.7
      0s    0,0+ 
      0s    0,0+ VoxelSize: 3 (mm)
      0s    0,0+ Happy Computational Engineering!
      0s    0,0+ 
      0s    0,0+ 
      0s    0,0+ Loading lights embedded environment
      0s    0,0+ Starting tasks.
      0s    0,0+ 
      0s    0,0+ Loading Lights
      5s    5,0+ 
      5s    5,0+ --- Starting Final Diagnostic Test: Simple Wing ---
      5s    0,0+ Generating Root Rib...
      5s    0,0+ Root Rib Point 0: <0. 0. -15>
      5s    0,0+ Root Rib Point 1: <200. 0. -15>
      5s    0,0+ Root Rib Point 2: <200. 0. 15>
      5s    0,0+ Root Rib Point 3: <0. 0. 15>
      5s    0,0+ Generating Tip Rib...
      5s    0,0+ Tip Rib Point 0: <0. 500. -15>
      5s    0,0+ Tip Rib Point 1: <200. 500. -15>
      5s    0,0+ Tip Rib Point 2: <200. 500. 15>
      5s    0,0+ Tip Rib Point 3: <0. 500. 15>
      5s    0,0+ Constructing skin mesh...
      5s    0,0+ Mesh created. Triangle count: 12
      5s    0,0+ Voxelizing...
      5s    0,1+ --- Construction Complete ---
