      0s    0,0+ Opened C:\Users\hakan\Documents\C#\CEM\MyFirstApp\bin\Debug\net9.0-windows\Log\2026-01-02_05-01-04\PicoGK.log
      0s    0,0+ 
      0s    0,0+ ----------------------------------------
      0s    0,0+ 
      0s    0,0+ Current time (UTC): 2026-01-02 04:01:04 (UTC)
      0s    0,0+ Current local time: 2026-01-02 05:01:04 (+01:00)
      0s    0,0+ 
      0s    0,0+ ----------------------------------------
      0s    0,0+ 
      0s    0,0+ System Info:
      0s    0,0+ 
      0s    0,0+ Machine Name:         GENJU
      0s    0,0+ Operating System      Microsoft Windows 10.0.26100
      0s    0,0+ Version:              Microsoft Windows NT 10.0.26100.0
      0s    0,0+ OS Architecture:      X64
      0s    0,0+ Proc Architecture:    X64
      0s    0,0+ 64 Bit OS:            Yes
      0s    0,0+ 64 Bit Process:       Yes
      0s    0,0+ Processor Count:      24
      0s    0,0+ Working Set:          27MB
      0s    0,0+ C# Framework:         .NET 9.0.11
      0s    0,0+ C# CLR Version:       9.0.11
      0s    0,0+ PicoGK Path:          picogk.1.7
      0s    0,0+ Command Line:         C:\Users\hakan\Documents\C#\CEM\MyFirstApp\bin\Debug\net9.0-windows\MyFirstApp.dll
      0s    0,0+ 
      0s    0,0+ ----------------------------------------
      0s    0,0+ 
      0s    0,0+ Welcome to PicoGK
      0s    0,0+ Creating Viewer
      0s    0,1+ PicoGK:    PicoGK Core Library
      0s    0,0+            1.7.1
      0s    0,0+            2024-08-03 22:17:59 picogk.1.7
      0s    0,0+ 
      0s    0,0+ VoxelSize: 1 (mm)
      0s    0,0+ Happy Computational Engineering!
      0s    0,0+ 
      0s    0,0+ 
      0s    0,0+ Loading lights embedded environment
      0s    0,0+ Starting tasks.
      0s    0,0+ 
      0s    0,0+ Loading Lights
     15s   14,6+ 
     15s   14,6+ --- Starting Deformed Pipe BWB Construction ---
     15s    0,0+ Spine created.
     15s    0,0+ BasePipe primitive created.
     15s    0,0+ Transformation function defined.
     15s    0,0+ Constructing right half of BWB...
     15s    0,4+ Mesh created with 722308 triangles.
     15s    0,1+ Voxelizing...
     36s   20,8+ Shelling final airframe...
     42s    6,0+ --- BWB Construction Complete ---
     83s   40,9+ 
     83s   40,9+ --- Starting Deformed Pipe BWB Construction ---
     83s    0,0+ Spine created.
     83s    0,0+ BasePipe primitive created.
     83s    0,0+ Transformation function defined.
     83s    0,0+ Constructing right half of BWB...
     83s    0,4+ Mesh created with 722308 triangles.
     83s    0,1+ Voxelizing...
