      0s    0,0+ Opened C:\Users\hakan\Documents\C#\CEM\MyFirstApp\bin\Debug\net9.0-windows\Log\2026-01-02_09-11-24\PicoGK.log
      0s    0,0+ 
      0s    0,0+ ----------------------------------------
      0s    0,0+ 
      0s    0,0+ Current time (UTC): 2026-01-02 08:11:24 (UTC)
      0s    0,0+ Current local time: 2026-01-02 09:11:24 (+01:00)
      0s    0,0+ 
      0s    0,0+ ----------------------------------------
      0s    0,0+ 
      0s    0,0+ System Info:
      0s    0,0+ 
      0s    0,0+ Machine Name:         GENJU
      0s    0,0+ Operating System      Microsoft Windows 10.0.26100
      0s    0,0+ Version:              Microsoft Windows NT 10.0.26100.0
      0s    0,0+ OS Architecture:      X64
      0s    0,0+ Proc Architecture:    X64
      0s    0,0+ 64 Bit OS:            Yes
      0s    0,0+ 64 Bit Process:       Yes
      0s    0,0+ Processor Count:      24
      0s    0,0+ Working Set:          27MB
      0s    0,0+ C# Framework:         .NET 9.0.11
      0s    0,0+ C# CLR Version:       9.0.11
      0s    0,0+ PicoGK Path:          picogk.1.7
      0s    0,0+ Command Line:         C:\Users\hakan\Documents\C#\CEM\MyFirstApp\bin\Debug\net9.0-windows\MyFirstApp.dll
      0s    0,0+ 
      0s    0,0+ ----------------------------------------
      0s    0,0+ 
      0s    0,0+ Welcome to PicoGK
      0s    0,0+ Creating Viewer
      0s    0,2+ PicoGK:    PicoGK Core Library
      0s    0,0+            1.7.1
      0s    0,0+            2024-08-03 22:17:59 picogk.1.7
      0s    0,0+ 
      0s    0,0+ VoxelSize: 1 (mm)
      0s    0,0+ Happy Computational Engineering!
      0s    0,0+ 
      0s    0,0+ 
      0s    0,0+ Loading lights embedded environment
      0s    0,0+ Starting tasks.
      0s    0,0+ 
      0s    0,0+ Loading Lights
      7s    7,2+ 
      7s    7,2+ --- Starting L-System Construction ---
      7s    0,0+ Generating string for 5 iterations...
      7s    0,0+ String generated with length: 6263
      7s    0,0+ Turtle interpretation complete.
      9s    1,9+ --- L-System Construction Complete ---
     18s    8,2+ 
     18s    8,2+ --- Starting L-System Construction ---
     18s    0,0+ Generating string for 5 iterations...
     18s    0,0+ String generated with length: 6263
     18s    0,0+ Turtle interpretation complete.
     23s    5,0+ --- L-System Construction Complete ---
     29s    6,2+ 
     29s    6,2+ --- Starting L-System Construction ---
     29s    0,0+ Generating string for 5 iterations...
     29s    0,0+ String generated with length: 6263
     29s    0,0+ Turtle interpretation complete.
     61s   32,1+ --- L-System Construction Complete ---
     65s    4,1+ 
     65s    4,1+ --- Starting L-System Construction ---
     65s    0,0+ Generating string for 1 iterations...
     65s    0,0+ String generated with length: 18
     65s    0,0+ Turtle interpretation complete.
     66s    0,9+ --- L-System Construction Complete ---
     74s    8,0+ 
     74s    8,0+ --- Starting L-System Construction ---
     74s    0,0+ Generating string for 1 iterations...
     74s    0,0+ String generated with length: 18
     74s    0,0+ Turtle interpretation complete.
     75s    1,0+ --- L-System Construction Complete ---
     78s    2,8+ 
     78s    2,8+ --- Starting L-System Construction ---
     78s    0,0+ Generating string for 4 iterations...
     78s    0,0+ String generated with length: 1551
     78s    0,0+ Turtle interpretation complete.
     82s    3,9+ --- L-System Construction Complete ---
     86s    4,5+ 
     86s    4,5+ --- Starting L-System Construction ---
     86s    0,0+ Generating string for 4 iterations...
     86s    0,0+ String generated with length: 1551
     86s    0,0+ Turtle interpretation complete.
     90s    4,4+ --- L-System Construction Complete ---
     97s    6,7+ 
     97s    6,7+ --- Starting L-System Construction ---
     97s    0,0+ Generating string for 4 iterations...
     97s    0,0+ String generated with length: 1551
     97s    0,0+ Turtle interpretation complete.
    101s    4,2+ --- L-System Construction Complete ---
