      0s    0,0+ Opened C:\Users\hakan\Documents\C#\CEM\MyFirstApp\bin\Debug\net9.0-windows\Log\2026-01-02_13-56-08\PicoGK.log
      0s    0,0+ 
      0s    0,0+ ----------------------------------------
      0s    0,0+ 
      0s    0,0+ Current time (UTC): 2026-01-02 12:56:08 (UTC)
      0s    0,0+ Current local time: 2026-01-02 13:56:08 (+01:00)
      0s    0,0+ 
      0s    0,0+ ----------------------------------------
      0s    0,0+ 
      0s    0,0+ System Info:
      0s    0,0+ 
      0s    0,0+ Machine Name:         GENJU
      0s    0,0+ Operating System      Microsoft Windows 10.0.26100
      0s    0,0+ Version:              Microsoft Windows NT 10.0.26100.0
      0s    0,0+ OS Architecture:      X64
      0s    0,0+ Proc Architecture:    X64
      0s    0,0+ 64 Bit OS:            Yes
      0s    0,0+ 64 Bit Process:       Yes
      0s    0,0+ Processor Count:      24
      0s    0,0+ Working Set:          23MB
      0s    0,0+ C# Framework:         .NET 9.0.11
      0s    0,0+ C# CLR Version:       9.0.11
      0s    0,0+ PicoGK Path:          picogk.1.7
      0s    0,0+ Command Line:         C:\Users\hakan\Documents\C#\CEM\MyFirstApp\bin\Debug\net9.0-windows\MyFirstApp.dll
      0s    0,0+ 
      0s    0,0+ ----------------------------------------
      0s    0,0+ 
      0s    0,0+ Welcome to PicoGK
      0s    0,0+ Creating Viewer
      0s    0,2+ PicoGK:    PicoGK Core Library
      0s    0,0+            1.7.1
      0s    0,0+            2024-08-03 22:17:59 picogk.1.7
      0s    0,0+ 
      0s    0,0+ VoxelSize: 1 (mm)
      0s    0,0+ Happy Computational Engineering!
      0s    0,0+ 
      0s    0,0+ 
      0s    0,0+ Loading lights embedded environment
      0s    0,0+ Starting tasks.
      0s    0,0+ 
      0s    0,0+ Loading Lights
      5s    4,6+ 
      5s    4,6+ --- Starting Cellular Automata Construction ---
      5s    0,0+ Iteration 1 complete.
      5s    0,0+ Iteration 2 complete.
      5s    0,0+ Iteration 3 complete.
      5s    0,0+ Iteration 4 complete.
      5s    0,0+ Iteration 5 complete.
      5s    0,0+ Iteration 6 complete.
      5s    0,0+ Iteration 7 complete.
      5s    0,0+ Iteration 8 complete.
      5s    0,0+ Iteration 9 complete.
      5s    0,0+ Iteration 10 complete.
      5s    0,0+ Constructing voxels from final grid...
      5s    0,0+ --- Cellular Automata Construction Complete ---
     11s    6,5+ 
     11s    6,5+ --- Starting Cellular Automata Construction ---
     11s    0,0+ Iteration 1 complete.
     11s    0,0+ Iteration 2 complete.
     11s    0,0+ Iteration 3 complete.
     11s    0,0+ Iteration 4 complete.
     11s    0,0+ Iteration 5 complete.
     11s    0,0+ Iteration 6 complete.
     11s    0,0+ Iteration 7 complete.
     12s    0,0+ Iteration 8 complete.
     12s    0,0+ Iteration 9 complete.
     12s    0,0+ Iteration 10 complete.
     12s    0,0+ Constructing voxels from final grid...
     12s    0,0+ --- Cellular Automata Construction Complete ---
     12s    0,9+ 
     12s    0,9+ --- Starting Cellular Automata Construction ---
     12s    0,0+ Iteration 1 complete.
     12s    0,0+ Iteration 2 complete.
     12s    0,0+ Iteration 3 complete.
     12s    0,0+ Iteration 4 complete.
     12s    0,0+ Iteration 5 complete.
     12s    0,0+ Iteration 6 complete.
     12s    0,0+ Iteration 7 complete.
     12s    0,0+ Iteration 8 complete.
     12s    0,0+ Iteration 9 complete.
     12s    0,0+ Iteration 10 complete.
     12s    0,0+ Constructing voxels from final grid...
     13s    0,0+ --- Cellular Automata Construction Complete ---
     13s    0,7+ 
     13s    0,7+ --- Starting Cellular Automata Construction ---
     13s    0,0+ Iteration 1 complete.
     13s    0,0+ Iteration 2 complete.
     13s    0,0+ Iteration 3 complete.
     13s    0,0+ Iteration 4 complete.
     13s    0,0+ Iteration 5 complete.
     13s    0,0+ Iteration 6 complete.
     13s    0,0+ Iteration 7 complete.
     13s    0,0+ Iteration 8 complete.
     13s    0,0+ Iteration 9 complete.
     13s    0,0+ Iteration 10 complete.
     13s    0,0+ Constructing voxels from final grid...
     13s    0,0+ --- Cellular Automata Construction Complete ---
     14s    0,9+ 
     14s    0,9+ --- Starting Cellular Automata Construction ---
     14s    0,0+ Iteration 1 complete.
     14s    0,0+ Iteration 2 complete.
     14s    0,0+ Iteration 3 complete.
     14s    0,0+ Iteration 4 complete.
     14s    0,0+ Iteration 5 complete.
     14s    0,0+ Iteration 6 complete.
     14s    0,0+ Iteration 7 complete.
     14s    0,0+ Iteration 8 complete.
     14s    0,0+ Iteration 9 complete.
     14s    0,0+ Iteration 10 complete.
     14s    0,0+ Constructing voxels from final grid...
     14s    0,0+ --- Cellular Automata Construction Complete ---
     15s    1,1+ 
     15s    1,1+ --- Starting Cellular Automata Construction ---
     15s    0,0+ Iteration 1 complete.
     15s    0,0+ Iteration 2 complete.
     15s    0,0+ Iteration 3 complete.
     15s    0,0+ Iteration 4 complete.
     15s    0,0+ Iteration 5 complete.
     15s    0,0+ Iteration 6 complete.
     15s    0,0+ Iteration 7 complete.
     15s    0,0+ Iteration 8 complete.
     15s    0,0+ Iteration 9 complete.
     15s    0,0+ Iteration 10 complete.
     15s    0,0+ Constructing voxels from final grid...
     15s    0,0+ --- Cellular Automata Construction Complete ---
     16s    0,8+ 
     16s    0,8+ --- Starting Cellular Automata Construction ---
     16s    0,0+ Iteration 1 complete.
     16s    0,0+ Iteration 2 complete.
     16s    0,0+ Iteration 3 complete.
     16s    0,0+ Iteration 4 complete.
     16s    0,0+ Iteration 5 complete.
     16s    0,0+ Iteration 6 complete.
     16s    0,0+ Iteration 7 complete.
     16s    0,0+ Iteration 8 complete.
     16s    0,0+ Iteration 9 complete.
     16s    0,0+ Iteration 10 complete.
     16s    0,0+ Constructing voxels from final grid...
     16s    0,0+ --- Cellular Automata Construction Complete ---
     17s    0,8+ 
     17s    0,8+ --- Starting Cellular Automata Construction ---
     17s    0,0+ Iteration 1 complete.
     17s    0,0+ Iteration 2 complete.
     17s    0,0+ Iteration 3 complete.
     17s    0,0+ Iteration 4 complete.
     17s    0,0+ Iteration 5 complete.
     17s    0,0+ Iteration 6 complete.
     17s    0,0+ Iteration 7 complete.
     17s    0,0+ Iteration 8 complete.
     17s    0,0+ Iteration 9 complete.
     17s    0,0+ Iteration 10 complete.
     17s    0,0+ Constructing voxels from final grid...
     17s    0,0+ --- Cellular Automata Construction Complete ---
     18s    1,0+ 
     18s    1,0+ --- Starting Cellular Automata Construction ---
     18s    0,0+ Iteration 1 complete.
     18s    0,0+ Iteration 2 complete.
     18s    0,0+ Iteration 3 complete.
     18s    0,0+ Iteration 4 complete.
     18s    0,0+ Iteration 5 complete.
     18s    0,0+ Iteration 6 complete.
     18s    0,0+ Iteration 7 complete.
     18s    0,0+ Iteration 8 complete.
     18s    0,0+ Iteration 9 complete.
     18s    0,0+ Iteration 10 complete.
     18s    0,0+ Constructing voxels from final grid...
     18s    0,0+ --- Cellular Automata Construction Complete ---
     19s    0,8+ 
     19s    0,8+ --- Starting Cellular Automata Construction ---
     19s    0,0+ Iteration 1 complete.
     19s    0,0+ Iteration 2 complete.
     19s    0,0+ Iteration 3 complete.
     19s    0,0+ Iteration 4 complete.
     19s    0,0+ Iteration 5 complete.
     19s    0,0+ Iteration 6 complete.
     19s    0,0+ Iteration 7 complete.
     19s    0,0+ Iteration 8 complete.
     19s    0,0+ Iteration 9 complete.
     19s    0,0+ Iteration 10 complete.
     19s    0,0+ Constructing voxels from final grid...
     19s    0,1+ --- Cellular Automata Construction Complete ---
     21s    1,2+ 
     21s    1,2+ --- Starting Cellular Automata Construction ---
     21s    0,0+ Iteration 1 complete.
     21s    0,0+ Iteration 2 complete.
     21s    0,0+ Iteration 3 complete.
     21s    0,0+ Iteration 4 complete.
     21s    0,0+ Iteration 5 complete.
     21s    0,0+ Iteration 6 complete.
     21s    0,0+ Iteration 7 complete.
     21s    0,0+ Iteration 8 complete.
     21s    0,0+ Iteration 9 complete.
     21s    0,0+ Iteration 10 complete.
     21s    0,0+ Constructing voxels from final grid...
     21s    0,2+ --- Cellular Automata Construction Complete ---
     24s    3,3+ 
     24s    3,3+ --- Starting Cellular Automata Construction ---
     24s    0,0+ Iteration 1 complete.
     25s    0,0+ Iteration 2 complete.
     25s    0,0+ Iteration 3 complete.
     25s    0,0+ Iteration 4 complete.
     25s    0,0+ Iteration 5 complete.
     25s    0,0+ Constructing voxels from final grid...
     25s    0,3+ --- Cellular Automata Construction Complete ---
     27s    1,7+ 
     27s    1,7+ --- Starting Cellular Automata Construction ---
     27s    0,0+ Iteration 1 complete.
     27s    0,0+ Iteration 2 complete.
     27s    0,0+ Iteration 3 complete.
     27s    0,0+ Iteration 4 complete.
     27s    0,0+ Iteration 5 complete.
     27s    0,0+ Iteration 6 complete.
     27s    0,0+ Iteration 7 complete.
     27s    0,0+ Iteration 8 complete.
     27s    0,0+ Iteration 9 complete.
     27s    0,0+ Iteration 10 complete.
     27s    0,0+ Iteration 11 complete.
     27s    0,0+ Iteration 12 complete.
     27s    0,0+ Iteration 13 complete.
     27s    0,0+ Iteration 14 complete.
     27s    0,0+ Iteration 15 complete.
     27s    0,0+ Iteration 16 complete.
     27s    0,0+ Iteration 17 complete.
     27s    0,0+ Iteration 18 complete.
     27s    0,0+ Iteration 19 complete.
     27s    0,0+ Iteration 20 complete.
     27s    0,0+ Iteration 21 complete.
     27s    0,0+ Iteration 22 complete.
     27s    0,0+ Constructing voxels from final grid...
     28s    0,0+ --- Cellular Automata Construction Complete ---
     33s    5,0+ 
     33s    5,0+ --- Starting Space Colonization ---
     33s    0,0+ Iteration 0: 300 attractors remaining.
     33s    0,0+ Iteration 1: 300 attractors remaining.
     33s    0,0+ Iteration 2: 300 attractors remaining.
     33s    0,0+ Iteration 3: 300 attractors remaining.
     33s    0,0+ Iteration 4: 300 attractors remaining.
     33s    0,0+ Iteration 5: 299 attractors remaining.
     33s    0,0+ Iteration 6: 297 attractors remaining.
     33s    0,0+ Iteration 7: 296 attractors remaining.
     33s    0,0+ Iteration 8: 296 attractors remaining.
     33s    0,0+ Iteration 9: 295 attractors remaining.
     33s    0,0+ Iteration 10: 295 attractors remaining.
     33s    0,0+ Iteration 11: 292 attractors remaining.
     33s    0,0+ Iteration 12: 290 attractors remaining.
     33s    0,0+ Iteration 13: 287 attractors remaining.
     33s    0,0+ Iteration 14: 285 attractors remaining.
     33s    0,0+ Iteration 15: 284 attractors remaining.
     33s    0,0+ Iteration 16: 279 attractors remaining.
     33s    0,0+ Iteration 17: 272 attractors remaining.
     33s    0,0+ Iteration 18: 266 attractors remaining.
     33s    0,0+ Iteration 19: 261 attractors remaining.
     33s    0,0+ Iteration 20: 254 attractors remaining.
     33s    0,0+ Iteration 21: 250 attractors remaining.
     33s    0,0+ Iteration 22: 243 attractors remaining.
     33s    0,0+ Iteration 23: 232 attractors remaining.
     33s    0,0+ Iteration 24: 223 attractors remaining.
     33s    0,0+ --- Space Colonization Complete ---
     46s   12,9+ 
     46s   12,9+ --- Starting Space Colonization ---
     46s    0,0+ Iteration 0: 332 attractors remaining.
     46s    0,0+ Iteration 1: 332 attractors remaining.
     46s    0,0+ Iteration 2: 331 attractors remaining.
     46s    0,0+ Iteration 3: 329 attractors remaining.
     46s    0,0+ Iteration 4: 328 attractors remaining.
     46s    0,0+ Iteration 5: 328 attractors remaining.
     46s    0,0+ Iteration 6: 326 attractors remaining.
     46s    0,0+ Iteration 7: 326 attractors remaining.
     46s    0,0+ Iteration 8: 324 attractors remaining.
     46s    0,0+ Iteration 9: 320 attractors remaining.
     46s    0,0+ Iteration 10: 319 attractors remaining.
     46s    0,0+ Iteration 11: 316 attractors remaining.
     46s    0,0+ Iteration 12: 316 attractors remaining.
     46s    0,0+ Iteration 13: 312 attractors remaining.
     46s    0,0+ Iteration 14: 303 attractors remaining.
     46s    0,0+ Iteration 15: 298 attractors remaining.
     46s    0,0+ Iteration 16: 293 attractors remaining.
     46s    0,0+ Iteration 17: 283 attractors remaining.
     46s    0,0+ Iteration 18: 277 attractors remaining.
     46s    0,0+ Iteration 19: 273 attractors remaining.
     46s    0,0+ Iteration 20: 259 attractors remaining.
     46s    0,0+ Iteration 21: 249 attractors remaining.
     46s    0,0+ Iteration 22: 243 attractors remaining.
     46s    0,0+ Iteration 23: 240 attractors remaining.
     46s    0,0+ Iteration 24: 235 attractors remaining.
     46s    0,0+ --- Space Colonization Complete ---
     46s    0,8+ 
     46s    0,8+ --- Starting Space Colonization ---
     46s    0,0+ Iteration 0: 393 attractors remaining.
     46s    0,0+ Iteration 1: 391 attractors remaining.
     46s    0,0+ Iteration 2: 389 attractors remaining.
     46s    0,0+ Iteration 3: 388 attractors remaining.
     46s    0,0+ Iteration 4: 385 attractors remaining.
     46s    0,0+ Iteration 5: 384 attractors remaining.
     46s    0,0+ Iteration 6: 381 attractors remaining.
     46s    0,0+ Iteration 7: 377 attractors remaining.
     46s    0,0+ Iteration 8: 372 attractors remaining.
     46s    0,0+ Iteration 9: 369 attractors remaining.
     46s    0,0+ Iteration 10: 367 attractors remaining.
     46s    0,0+ Iteration 11: 361 attractors remaining.
     46s    0,0+ Iteration 12: 358 attractors remaining.
     46s    0,0+ Iteration 13: 350 attractors remaining.
     46s    0,0+ Iteration 14: 344 attractors remaining.
     46s    0,0+ Iteration 15: 334 attractors remaining.
     46s    0,0+ Iteration 16: 324 attractors remaining.
     46s    0,0+ Iteration 17: 307 attractors remaining.
     46s    0,0+ Iteration 18: 296 attractors remaining.
     46s    0,0+ Iteration 19: 288 attractors remaining.
     46s    0,0+ Iteration 20: 271 attractors remaining.
     46s    0,0+ Iteration 21: 266 attractors remaining.
     46s    0,0+ Iteration 22: 254 attractors remaining.
     46s    0,0+ Iteration 23: 243 attractors remaining.
     46s    0,0+ Iteration 24: 227 attractors remaining.
     46s    0,1+ --- Space Colonization Complete ---
     47s    1,0+ 
     47s    1,0+ --- Starting Space Colonization ---
     47s    0,0+ Iteration 0: 445 attractors remaining.
     47s    0,0+ Iteration 1: 444 attractors remaining.
     47s    0,0+ Iteration 2: 443 attractors remaining.
     47s    0,0+ Iteration 3: 442 attractors remaining.
     47s    0,0+ Iteration 4: 441 attractors remaining.
     47s    0,0+ Iteration 5: 440 attractors remaining.
     47s    0,0+ Iteration 6: 438 attractors remaining.
     47s    0,0+ Iteration 7: 437 attractors remaining.
     47s    0,0+ Iteration 8: 434 attractors remaining.
     47s    0,0+ Iteration 9: 431 attractors remaining.
     47s    0,0+ Iteration 10: 427 attractors remaining.
     47s    0,0+ Iteration 11: 425 attractors remaining.
     47s    0,0+ Iteration 12: 418 attractors remaining.
     47s    0,0+ Iteration 13: 413 attractors remaining.
     47s    0,0+ Iteration 14: 406 attractors remaining.
     47s    0,0+ Iteration 15: 397 attractors remaining.
     47s    0,0+ Iteration 16: 393 attractors remaining.
     47s    0,0+ Iteration 17: 386 attractors remaining.
     47s    0,0+ Iteration 18: 371 attractors remaining.
     47s    0,0+ Iteration 19: 364 attractors remaining.
     48s    0,0+ Iteration 20: 354 attractors remaining.
     48s    0,0+ Iteration 21: 340 attractors remaining.
     48s    0,0+ Iteration 22: 331 attractors remaining.
     48s    0,0+ Iteration 23: 324 attractors remaining.
     48s    0,0+ Iteration 24: 316 attractors remaining.
     48s    0,1+ --- Space Colonization Complete ---
     51s    3,9+ 
     51s    3,9+ --- Starting Phyllotaxis Construction ---
     51s    0,0+ 500 spheres added to lattice.
     51s    0,0+ --- Phyllotaxis Construction Complete ---
     59s    7,3+ 
     59s    7,3+ --- Starting Phyllotaxis Construction ---
     59s    0,0+ 692 spheres added to lattice.
     59s    0,0+ --- Phyllotaxis Construction Complete ---
     60s    0,8+ 
     60s    0,8+ --- Starting Phyllotaxis Construction ---
     60s    0,0+ 2000 spheres added to lattice.
     60s    0,1+ --- Phyllotaxis Construction Complete ---
     61s    1,4+ 
     61s    1,4+ --- Starting Phyllotaxis Construction ---
     61s    0,0+ 2000 spheres added to lattice.
     61s    0,1+ --- Phyllotaxis Construction Complete ---
     62s    0,7+ 
     62s    0,7+ --- Starting Phyllotaxis Construction ---
     62s    0,0+ 2000 spheres added to lattice.
     62s    0,1+ --- Phyllotaxis Construction Complete ---
     64s    1,9+ 
     64s    1,9+ --- Starting Phyllotaxis Construction ---
     64s    0,0+ 2000 spheres added to lattice.
     64s    0,1+ --- Phyllotaxis Construction Complete ---
     65s    0,8+ 
     65s    0,8+ --- Starting Phyllotaxis Construction ---
     65s    0,0+ 2000 spheres added to lattice.
     65s    0,1+ --- Phyllotaxis Construction Complete ---
     66s    0,9+ 
     66s    0,9+ --- Starting Phyllotaxis Construction ---
     66s    0,0+ 2000 spheres added to lattice.
     66s    0,1+ --- Phyllotaxis Construction Complete ---
     71s    4,5+ 
     71s    4,5+ --- Starting Phyllotaxis Construction ---
     71s    0,0+ 2000 spheres added to lattice.
     71s    0,1+ --- Phyllotaxis Construction Complete ---
     72s    1,1+ 
     72s    1,1+ --- Starting Phyllotaxis Construction ---
     72s    0,0+ 2000 spheres added to lattice.
     72s    0,1+ --- Phyllotaxis Construction Complete ---
     75s    2,9+ 
     75s    2,9+ --- Starting Phyllotaxis Construction ---
     75s    0,0+ 2000 spheres added to lattice.
     75s    0,1+ --- Phyllotaxis Construction Complete ---
     76s    0,8+ 
     76s    0,8+ --- Starting Phyllotaxis Construction ---
     76s    0,0+ 2000 spheres added to lattice.
     76s    0,1+ --- Phyllotaxis Construction Complete ---
     76s    0,7+ 
     76s    0,7+ --- Starting Phyllotaxis Construction ---
     76s    0,0+ 2000 spheres added to lattice.
     76s    0,1+ --- Phyllotaxis Construction Complete ---
     92s   15,8+ 
     92s   15,8+ --- Starting Phyllotaxis Construction ---
     92s    0,0+ 2000 spheres added to lattice.
     92s    0,1+ --- Phyllotaxis Construction Complete ---
     94s    1,3+ 
     94s    1,3+ --- Starting Phyllotaxis Construction ---
     94s    0,0+ 2000 spheres added to lattice.
     94s    0,1+ --- Phyllotaxis Construction Complete ---
     95s    0,8+ 
     95s    0,8+ --- Starting Phyllotaxis Construction ---
     95s    0,0+ 2000 spheres added to lattice.
     95s    0,1+ --- Phyllotaxis Construction Complete ---
     96s    1,0+ 
     96s    1,0+ --- Starting Phyllotaxis Construction ---
     96s    0,0+ 2000 spheres added to lattice.
     96s    0,1+ --- Phyllotaxis Construction Complete ---
     97s    0,7+ 
     97s    0,7+ --- Starting Phyllotaxis Construction ---
     97s    0,0+ 2000 spheres added to lattice.
     97s    0,1+ --- Phyllotaxis Construction Complete ---
    144s   47,5+ 
    144s   47,5+ --- Starting Phyllotaxis Construction ---
    144s    0,0+ 2000 spheres added to lattice.
    144s    0,1+ --- Phyllotaxis Construction Complete ---
    145s    0,5+ 
    145s    0,5+ --- Starting Phyllotaxis Construction ---
    145s    0,0+ 2000 spheres added to lattice.
    145s    0,1+ --- Phyllotaxis Construction Complete ---
    146s    0,9+ 
    146s    0,9+ --- Starting Phyllotaxis Construction ---
    146s    0,0+ 2000 spheres added to lattice.
    146s    0,1+ --- Phyllotaxis Construction Complete ---
    146s    0,5+ 
    146s    0,5+ --- Starting Phyllotaxis Construction ---
    146s    0,0+ 2000 spheres added to lattice.
    146s    0,1+ --- Phyllotaxis Construction Complete ---
    148s    1,4+ 
    148s    1,4+ --- Starting Phyllotaxis Construction ---
    148s    0,0+ 2000 spheres added to lattice.
    148s    0,1+ --- Phyllotaxis Construction Complete ---
    149s    0,6+ 
    149s    0,6+ --- Starting Phyllotaxis Construction ---
    149s    0,0+ 2000 spheres added to lattice.
    149s    0,1+ --- Phyllotaxis Construction Complete ---
    150s    1,0+ 
    150s    1,0+ --- Starting Phyllotaxis Construction ---
    150s    0,0+ 1878 spheres added to lattice.
    150s    0,1+ --- Phyllotaxis Construction Complete ---
    150s    0,6+ 
    150s    0,6+ --- Starting Phyllotaxis Construction ---
    150s    0,0+ 1460 spheres added to lattice.
    151s    0,1+ --- Phyllotaxis Construction Complete ---
    152s    1,6+ 
    152s    1,6+ --- Starting Phyllotaxis Construction ---
    152s    0,0+ 1188 spheres added to lattice.
    152s    0,1+ --- Phyllotaxis Construction Complete ---
    154s    1,6+ 
    154s    1,6+ --- Starting Phyllotaxis Construction ---
    154s    0,0+ 100 spheres added to lattice.
    154s    0,0+ --- Phyllotaxis Construction Complete ---
    158s    4,0+ 
    158s    4,0+ --- Starting Phyllotaxis Construction ---
    158s    0,0+ 2000 spheres added to lattice.
    158s    0,1+ --- Phyllotaxis Construction Complete ---
