      0s    0,0+ Opened C:\Users\hakan\Documents\C#\CEM\MyFirstApp\bin\Debug\net9.0-windows\Log\2026-01-03_09-29-31\PicoGK.log
      0s    0,0+ 
      0s    0,0+ ----------------------------------------
      0s    0,0+ 
      0s    0,0+ Current time (UTC): 2026-01-03 08:29:31 (UTC)
      0s    0,0+ Current local time: 2026-01-03 09:29:31 (+01:00)
      0s    0,0+ 
      0s    0,0+ ----------------------------------------
      0s    0,0+ 
      0s    0,0+ System Info:
      0s    0,0+ 
      0s    0,0+ Machine Name:         GENJU
      0s    0,0+ Operating System      Microsoft Windows 10.0.26100
      0s    0,0+ Version:              Microsoft Windows NT 10.0.26100.0
      0s    0,0+ OS Architecture:      X64
      0s    0,0+ Proc Architecture:    X64
      0s    0,0+ 64 Bit OS:            Yes
      0s    0,0+ 64 Bit Process:       Yes
      0s    0,0+ Processor Count:      24
      0s    0,0+ Working Set:          27MB
      0s    0,0+ C# Framework:         .NET 9.0.11
      0s    0,0+ C# CLR Version:       9.0.11
      0s    0,0+ PicoGK Path:          picogk.1.7
      0s    0,0+ Command Line:         C:\Users\hakan\Documents\C#\CEM\MyFirstApp\bin\Debug\net9.0-windows\MyFirstApp.dll
      0s    0,0+ 
      0s    0,0+ ----------------------------------------
      0s    0,0+ 
      0s    0,0+ Welcome to PicoGK
      0s    0,0+ Creating Viewer
      0s    0,1+ PicoGK:    PicoGK Core Library
      0s    0,0+            1.7.1
      0s    0,0+            2024-08-03 22:17:59 picogk.1.7
      0s    0,0+ 
      0s    0,0+ VoxelSize: 3 (mm)
      0s    0,0+ Happy Computational Engineering!
      0s    0,0+ 
      0s    0,0+ 
      0s    0,0+ Loading lights embedded environment
      0s    0,0+ Starting tasks.
      0s    0,0+ 
      0s    0,0+ Loading Lights
      6s    5,8+ 
      6s    5,8+ --- Starting Surface-First BWB Construction ---
      6s    0,0+ Generating surfaces from point grids...
      6s    0,0+ Stitching trailing edge...
      6s    0,0+ Voxelizing final airframe...
      6s    0,2+ --- Surface-First BWB Construction Complete ---
     17s   10,7+ 
     17s   10,7+ --- Starting Surface-First BWB Construction ---
     17s    0,0+ Generating surfaces from point grids...
     17s    0,0+ Stitching trailing edge...
     17s    0,0+ Voxelizing final airframe...
     17s    0,2+ --- Surface-First BWB Construction Complete ---
     20s    2,6+ 
     20s    2,6+ --- Starting Surface-First BWB Construction ---
     20s    0,0+ Generating surfaces from point grids...
     20s    0,0+ Stitching trailing edge...
     20s    0,0+ Voxelizing final airframe...
     20s    0,3+ --- Surface-First BWB Construction Complete ---
     21s    0,6+ 
     21s    0,6+ --- Starting Surface-First BWB Construction ---
     21s    0,0+ Generating surfaces from point grids...
     21s    0,0+ Stitching trailing edge...
     21s    0,0+ Voxelizing final airframe...
     21s    0,3+ --- Surface-First BWB Construction Complete ---
     21s    0,6+ 
     21s    0,6+ --- Starting Surface-First BWB Construction ---
     21s    0,0+ Generating surfaces from point grids...
     21s    0,0+ Stitching trailing edge...
     21s    0,0+ Voxelizing final airframe...
     22s    0,3+ --- Surface-First BWB Construction Complete ---
