      0s    0,0+ Opened C:\Users\hakan\Documents\C#\CEM\MyFirstApp\bin\Debug\net9.0-windows\Log\2026-01-07_20-13-12\PicoGK.log
      0s    0,0+ 
      0s    0,0+ ----------------------------------------
      0s    0,0+ 
      0s    0,0+ Current time (UTC): 2026-01-07 19:13:12 (UTC)
      0s    0,0+ Current local time: 2026-01-07 20:13:12 (+01:00)
      0s    0,0+ 
      0s    0,0+ ----------------------------------------
      0s    0,0+ 
      0s    0,0+ System Info:
      0s    0,0+ 
      0s    0,0+ Machine Name:         GENJU
      0s    0,0+ Operating System      Microsoft Windows 10.0.26100
      0s    0,0+ Version:              Microsoft Windows NT 10.0.26100.0
      0s    0,0+ OS Architecture:      X64
      0s    0,0+ Proc Architecture:    X64
      0s    0,0+ 64 Bit OS:            Yes
      0s    0,0+ 64 Bit Process:       Yes
      0s    0,0+ Processor Count:      24
      0s    0,0+ Working Set:          22MB
      0s    0,0+ C# Framework:         .NET 9.0.11
      0s    0,0+ C# CLR Version:       9.0.11
      0s    0,0+ PicoGK Path:          picogk.1.7
      0s    0,0+ Command Line:         C:\Users\hakan\Documents\C#\CEM\MyFirstApp\bin\Debug\net9.0-windows\MyFirstApp.dll
      0s    0,0+ 
      0s    0,0+ ----------------------------------------
      0s    0,0+ 
      0s    0,0+ Welcome to PicoGK
      0s    0,0+ Creating Viewer
      0s    0,2+ PicoGK:    PicoGK Core Library
      0s    0,0+            1.7.1
      0s    0,0+            2024-08-03 22:17:59 picogk.1.7
      0s    0,0+ 
      0s    0,0+ VoxelSize: 1 (mm)
      0s    0,0+ Happy Computational Engineering!
      0s    0,0+ 
      0s    0,0+ 
      0s    0,0+ Loading lights embedded environment
      0s    0,0+ Starting tasks.
      0s    0,0+ 
      0s    0,0+ Loading Lights
    226s  226,1+ 
    226s  226,1+ --- Starting True Voronoi Injector ---
    226s    0,0+ 100 seed points generated.
    226s    0,0+ Rendering Voronoi field...
    228s    1,5+ Voronoi plate constructed.
    229s    1,6+ --- Injector Construction Complete ---
    245s   15,2+ 
    245s   15,2+ --- Starting Cellular Automata Construction ---
    245s    0,0+ Iteration 1 complete.
    245s    0,0+ Iteration 2 complete.
    245s    0,0+ Iteration 3 complete.
    245s    0,0+ Iteration 4 complete.
    245s    0,0+ Iteration 5 complete.
    245s    0,0+ Iteration 6 complete.
    245s    0,0+ Iteration 7 complete.
    245s    0,0+ Iteration 8 complete.
    245s    0,0+ Iteration 9 complete.
    245s    0,0+ Iteration 10 complete.
    245s    0,0+ Constructing voxels from final grid...
    245s    0,0+ --- Cellular Automata Construction Complete ---
    282s   37,0+ [..] START: Full Generation
    282s    0,0+ [..] START: Base Hull Mesh
    289s    6,8+ [OK] DONE : Base Hull Mesh (Took 6,8s)
    289s    0,0+ [..] START: Engines
    293s    4,7+ [OK] DONE : Engines (Took 4,7s)
    332s   38,7+ [..] START: Smart Flow Lattice
    352s   19,8+ [OK] DONE : Smart Flow Lattice (Took 19,8s)
    352s    0,0+ [OK] DONE : Full Generation (Took 70,0s)
