      0s    0,0+ Opened C:\Users\hakan\Documents\C#\CEM\MyFirstApp\bin\Debug\net9.0-windows\Log\2026-01-06_15-00-17\PicoGK.log
      0s    0,0+ 
      0s    0,0+ ----------------------------------------
      0s    0,0+ 
      0s    0,0+ Current time (UTC): 2026-01-06 14:00:17 (UTC)
      0s    0,0+ Current local time: 2026-01-06 15:00:17 (+01:00)
      0s    0,0+ 
      0s    0,0+ ----------------------------------------
      0s    0,0+ 
      0s    0,0+ System Info:
      0s    0,0+ 
      0s    0,0+ Machine Name:         GENJU
      0s    0,0+ Operating System      Microsoft Windows 10.0.26100
      0s    0,0+ Version:              Microsoft Windows NT 10.0.26100.0
      0s    0,0+ OS Architecture:      X64
      0s    0,0+ Proc Architecture:    X64
      0s    0,0+ 64 Bit OS:            Yes
      0s    0,0+ 64 Bit Process:       Yes
      0s    0,0+ Processor Count:      24
      0s    0,0+ Working Set:          27MB
      0s    0,0+ C# Framework:         .NET 9.0.11
      0s    0,0+ C# CLR Version:       9.0.11
      0s    0,0+ PicoGK Path:          picogk.1.7
      0s    0,0+ Command Line:         C:\Users\hakan\Documents\C#\CEM\MyFirstApp\bin\Debug\net9.0-windows\MyFirstApp.dll
      0s    0,0+ 
      0s    0,0+ ----------------------------------------
      0s    0,0+ 
      0s    0,0+ Welcome to PicoGK
      0s    0,0+ Creating Viewer
      0s    0,1+ PicoGK:    PicoGK Core Library
      0s    0,0+            1.7.1
      0s    0,0+            2024-08-03 22:17:59 picogk.1.7
      0s    0,0+ 
      0s    0,0+ VoxelSize: 0,5 (mm)
      0s    0,0+ Happy Computational Engineering!
      0s    0,0+ 
      0s    0,0+ 
      0s    0,0+ Loading lights embedded environment
      0s    0,0+ Starting tasks.
      0s    0,0+ 
      0s    0,0+ Loading Lights
      5s    4,3+ [PHYSICS] Optimized: 14 Poles -> 15 Slots.
      5s    0,4+ [PHYSICS] Optimized: 14 Poles -> 15 Slots.
     29s   24,0+ [PHYSICS] Optimized: 14 Poles -> 15 Slots.
     29s    0,4+ [PHYSICS] Optimized: 14 Poles -> 15 Slots.
     29s    0,0+ [..] Generating Lattice Hairpins...
     32s    2,6+ [OK] Generating Lattice Hairpins: 2577ms
     32s    0,0+ [..] Generating Stator...
     33s    0,6+ [OK] Generating Stator: 646ms
     33s    0,0+ [..] Generating Magnets...
     33s    0,1+ [OK] Generating Magnets: 115ms
     33s    0,2+ [PHYSICS] Optimized: 14 Poles -> 15 Slots.
     55s   21,7+ [PHYSICS] Optimized: 14 Poles -> 15 Slots.
     55s    0,0+ [PHYSICS] Optimized: 14 Poles -> 15 Slots.
     55s    0,0+ [PHYSICS] Optimized: 16 Poles -> 15 Slots.
     55s    0,0+ [PHYSICS] Optimized: 16 Poles -> 15 Slots.
     55s    0,0+ [PHYSICS] Optimized: 18 Poles -> 15 Slots.
     55s    0,0+ [PHYSICS] Optimized: 20 Poles -> 21 Slots.
     55s    0,0+ [PHYSICS] Optimized: 22 Poles -> 21 Slots.
     55s    0,0+ [PHYSICS] Optimized: 24 Poles -> 21 Slots.
     55s    0,0+ [PHYSICS] Optimized: 26 Poles -> 27 Slots.
     55s    0,0+ [PHYSICS] Optimized: 30 Poles -> 27 Slots.
     55s    0,0+ [PHYSICS] Optimized: 32 Poles -> 33 Slots.
     55s    0,0+ [PHYSICS] Optimized: 36 Poles -> 33 Slots.
     55s    0,0+ [PHYSICS] Optimized: 38 Poles -> 39 Slots.
     55s    0,0+ [PHYSICS] Optimized: 40 Poles -> 39 Slots.
     55s    0,5+ [PHYSICS] Optimized: 40 Poles -> 39 Slots.
     56s    1,2+ [PHYSICS] Optimized: 40 Poles -> 39 Slots.
     59s    2,5+ [PHYSICS] Optimized: 40 Poles -> 39 Slots.
     60s    1,2+ [PHYSICS] Optimized: 40 Poles -> 39 Slots.
     60s    0,0+ [..] Generating Lattice Hairpins...
     66s    6,3+ [OK] Generating Lattice Hairpins: 6340ms
     66s    0,0+ [..] Generating Stator...
     67s    0,7+ [OK] Generating Stator: 656ms
     67s    0,0+ [..] Generating Magnets...
     68s    0,4+ [OK] Generating Magnets: 410ms
     68s    0,2+ [PHYSICS] Optimized: 40 Poles -> 39 Slots.
