      0s    0,0+ Opened C:\Users\hakan\Documents\C#\CEM\MyFirstApp\bin\Debug\net9.0-windows\Log\2026-01-02_08-04-18\PicoGK.log
      0s    0,0+ 
      0s    0,0+ ----------------------------------------
      0s    0,0+ 
      0s    0,0+ Current time (UTC): 2026-01-02 07:04:18 (UTC)
      0s    0,0+ Current local time: 2026-01-02 08:04:18 (+01:00)
      0s    0,0+ 
      0s    0,0+ ----------------------------------------
      0s    0,0+ 
      0s    0,0+ System Info:
      0s    0,0+ 
      0s    0,0+ Machine Name:         GENJU
      0s    0,0+ Operating System      Microsoft Windows 10.0.26100
      0s    0,0+ Version:              Microsoft Windows NT 10.0.26100.0
      0s    0,0+ OS Architecture:      X64
      0s    0,0+ Proc Architecture:    X64
      0s    0,0+ 64 Bit OS:            Yes
      0s    0,0+ 64 Bit Process:       Yes
      0s    0,0+ Processor Count:      8
      0s    0,0+ Working Set:          27MB
      0s    0,0+ C# Framework:         .NET 9.0.11
      0s    0,0+ C# CLR Version:       9.0.11
      0s    0,0+ PicoGK Path:          picogk.1.7
      0s    0,0+ Command Line:         C:\Users\hakan\Documents\C#\CEM\MyFirstApp\bin\Debug\net9.0-windows\MyFirstApp.dll
      0s    0,0+ 
      0s    0,0+ ----------------------------------------
      0s    0,0+ 
      0s    0,0+ Welcome to PicoGK
      0s    0,0+ Creating Viewer
      0s    0,3+ PicoGK:    PicoGK Core Library
      0s    0,0+            1.7.1
      0s    0,0+            2024-08-03 22:17:59 picogk.1.7
      0s    0,0+ 
      0s    0,0+ VoxelSize: 1 (mm)
      0s    0,0+ Happy Computational Engineering!
      0s    0,0+ 
      0s    0,0+ 
      0s    0,0+ Loading lights embedded environment
      0s    0,0+ Starting tasks.
      0s    0,0+ 
      0s    0,0+ Loading Lights
    163s  162,9+ 
    163s  162,9+ --- Starting Supershape Construction ---
    163s    0,0+ Constructing Supershape...
    164s    1,0+ --- Supershape Construction Complete ---
    225s   60,3+ 
    225s   60,3+ --- Starting Supershape Construction ---
    225s    0,0+ Constructing Supershape...
    226s    1,2+ --- Supershape Construction Complete ---
    821s  595,1+ 
    821s  595,1+ --- Starting Supershape Construction ---
    821s    0,0+ Constructing Supershape...
    822s    1,1+ --- Supershape Construction Complete ---
    828s    6,3+ 
    828s    6,3+ --- Starting Supershape Construction ---
    828s    0,0+ Constructing Supershape...
    829s    1,1+ --- Supershape Construction Complete ---
    832s    2,6+ 
    832s    2,6+ --- Starting Supershape Construction ---
    832s    0,0+ Constructing Supershape...
    833s    1,1+ --- Supershape Construction Complete ---
   1404s  570,7+ 
   1404s  570,7+ --- Starting Supershape Construction ---
   1404s    0,0+ Constructing Supershape...
   1405s    1,1+ --- Supershape Construction Complete ---
   1410s    5,0+ 
   1410s    5,0+ --- Starting Supershape Construction ---
   1410s    0,0+ Constructing Supershape...
