      0s    0,0+ Opened C:\Users\hakan\Documents\C#\CEM\MyFirstApp\bin\Debug\net9.0-windows\Log\2026-01-03_10-15-38\PicoGK.log
      0s    0,0+ 
      0s    0,0+ ----------------------------------------
      0s    0,0+ 
      0s    0,0+ Current time (UTC): 2026-01-03 09:15:38 (UTC)
      0s    0,0+ Current local time: 2026-01-03 10:15:38 (+01:00)
      0s    0,0+ 
      0s    0,0+ ----------------------------------------
      0s    0,0+ 
      0s    0,0+ System Info:
      0s    0,0+ 
      0s    0,0+ Machine Name:         GENJU
      0s    0,0+ Operating System      Microsoft Windows 10.0.26100
      0s    0,0+ Version:              Microsoft Windows NT 10.0.26100.0
      0s    0,0+ OS Architecture:      X64
      0s    0,0+ Proc Architecture:    X64
      0s    0,0+ 64 Bit OS:            Yes
      0s    0,0+ 64 Bit Process:       Yes
      0s    0,0+ Processor Count:      24
      0s    0,0+ Working Set:          27MB
      0s    0,0+ C# Framework:         .NET 9.0.11
      0s    0,0+ C# CLR Version:       9.0.11
      0s    0,0+ PicoGK Path:          picogk.1.7
      0s    0,0+ Command Line:         C:\Users\hakan\Documents\C#\CEM\MyFirstApp\bin\Debug\net9.0-windows\MyFirstApp.dll
      0s    0,0+ 
      0s    0,0+ ----------------------------------------
      0s    0,0+ 
      0s    0,0+ Welcome to PicoGK
      0s    0,0+ Creating Viewer
      0s    0,1+ PicoGK:    PicoGK Core Library
      0s    0,0+            1.7.1
      0s    0,0+            2024-08-03 22:17:59 picogk.1.7
      0s    0,0+ 
      0s    0,0+ VoxelSize: 3 (mm)
      0s    0,0+ Happy Computational Engineering!
      0s    0,0+ 
      0s    0,0+ 
      0s    0,0+ Loading lights embedded environment
      0s    0,0+ Starting tasks.
      0s    0,0+ 
      0s    0,0+ Loading Lights
      8s    8,2+ 
      8s    8,2+ --- Starting Generative Airframe Construction ---
     12s    3,7+ --- Construction Complete ---
     15s    2,9+ 
     15s    2,9+ --- Starting Generative Airframe Construction ---
     18s    3,5+ --- Construction Complete ---
     21s    2,9+ 
     21s    2,9+ --- Starting Generative Airframe Construction ---
     25s    3,6+ --- Construction Complete ---
     29s    3,7+ 
     29s    3,7+ --- Starting Generative Airframe Construction ---
     34s    5,2+ --- Construction Complete ---
     36s    1,8+ 
     36s    1,8+ --- Starting Generative Airframe Construction ---
     40s    3,9+ --- Construction Complete ---
     42s    2,6+ 
     42s    2,6+ --- Starting Generative Airframe Construction ---
     46s    3,8+ --- Construction Complete ---
     48s    2,4+ 
     48s    2,4+ --- Starting Generative Airframe Construction ---
     52s    3,7+ --- Construction Complete ---
     54s    2,0+ 
     54s    2,0+ --- Starting Generative Airframe Construction ---
     58s    3,7+ --- Construction Complete ---
     64s    6,0+ 
     64s    6,0+ --- Starting Generative Airframe Construction ---
     67s    3,6+ --- Construction Complete ---
     69s    1,5+ 
     69s    1,5+ --- Starting Generative Airframe Construction ---
     73s    3,6+ --- Construction Complete ---
     74s    1,3+ 
     74s    1,3+ --- Starting Generative Airframe Construction ---
     77s    3,6+ --- Construction Complete ---
