      0s    0,0+ Opened C:\Users\hakan\Documents\C#\CEM\MyFirstApp\bin\Debug\net9.0-windows\Log\2026-01-03_21-54-55\PicoGK.log
      0s    0,0+ 
      0s    0,0+ ----------------------------------------
      0s    0,0+ 
      0s    0,0+ Current time (UTC): 2026-01-03 20:54:55 (UTC)
      0s    0,0+ Current local time: 2026-01-03 21:54:55 (+01:00)
      0s    0,0+ 
      0s    0,0+ ----------------------------------------
      0s    0,0+ 
      0s    0,0+ System Info:
      0s    0,0+ 
      0s    0,0+ Machine Name:         GENJU
      0s    0,0+ Operating System      Microsoft Windows 10.0.26100
      0s    0,0+ Version:              Microsoft Windows NT 10.0.26100.0
      0s    0,0+ OS Architecture:      X64
      0s    0,0+ Proc Architecture:    X64
      0s    0,0+ 64 Bit OS:            Yes
      0s    0,0+ 64 Bit Process:       Yes
      0s    0,0+ Processor Count:      24
      0s    0,0+ Working Set:          27MB
      0s    0,0+ C# Framework:         .NET 9.0.11
      0s    0,0+ C# CLR Version:       9.0.11
      0s    0,0+ PicoGK Path:          picogk.1.7
      0s    0,0+ Command Line:         C:\Users\hakan\Documents\C#\CEM\MyFirstApp\bin\Debug\net9.0-windows\MyFirstApp.dll
      0s    0,0+ 
      0s    0,0+ ----------------------------------------
      0s    0,0+ 
      0s    0,0+ Welcome to PicoGK
      0s    0,0+ Creating Viewer
      0s    0,1+ PicoGK:    PicoGK Core Library
      0s    0,0+            1.7.1
      0s    0,0+            2024-08-03 22:17:59 picogk.1.7
      0s    0,0+ 
      0s    0,0+ VoxelSize: 3 (mm)
      0s    0,0+ Happy Computational Engineering!
      0s    0,0+ 
      0s    0,0+ 
      0s    0,0+ Loading lights embedded environment
      0s    0,0+ Starting tasks.
      0s    0,0+ 
      0s    0,0+ Loading Lights
     12s   11,5+ --- Generating B-21 Submerged Engines ---
     66s   54,3+ --- Generating B-21 Submerged Engines ---
     88s   22,2+ --- Generating B-21 Submerged Engines ---
    108s   19,6+ --- Generating B-21 Submerged Engines ---
    128s   20,3+ --- Generating B-21 Submerged Engines ---
    152s   23,5+ --- Generating B-21 Submerged Engines ---
    194s   42,8+ --- Generating B-21 Submerged Engines ---
    232s   37,8+ --- Generating B-21 Submerged Engines ---
    251s   18,5+ --- Generating B-21 Submerged Engines ---
    279s   28,0+ --- Generating B-21 Submerged Engines ---
    296s   17,0+ --- Generating B-21 Submerged Engines ---
    326s   30,8+ --- Generating B-21 Submerged Engines ---
    350s   23,1+ --- Generating B-21 Submerged Engines ---
    447s   97,1+ --- Generating B-21 Submerged Engines ---
    490s   43,3+ --- Generating B-21 Submerged Engines ---
    712s  222,5+ --- Generating B-21 Submerged Engines ---
    734s   21,1+ --- Generating B-21 Submerged Engines ---
