      0s    0,0+ Opened C:\Users\hakan\Documents\C#\CEM\MyFirstApp\bin\Debug\net9.0-windows\Log\2026-01-02_04-26-18\PicoGK.log
      0s    0,0+ 
      0s    0,0+ ----------------------------------------
      0s    0,0+ 
      0s    0,0+ Current time (UTC): 2026-01-02 03:26:18 (UTC)
      0s    0,0+ Current local time: 2026-01-02 04:26:18 (+01:00)
      0s    0,0+ 
      0s    0,0+ ----------------------------------------
      0s    0,0+ 
      0s    0,0+ System Info:
      0s    0,0+ 
      0s    0,0+ Machine Name:         GENJU
      0s    0,0+ Operating System      Microsoft Windows 10.0.26100
      0s    0,0+ Version:              Microsoft Windows NT 10.0.26100.0
      0s    0,0+ OS Architecture:      X64
      0s    0,0+ Proc Architecture:    X64
      0s    0,0+ 64 Bit OS:            Yes
      0s    0,0+ 64 Bit Process:       Yes
      0s    0,0+ Processor Count:      24
      0s    0,0+ Working Set:          22MB
      0s    0,0+ C# Framework:         .NET 9.0.11
      0s    0,0+ C# CLR Version:       9.0.11
      0s    0,0+ PicoGK Path:          picogk.1.7
      0s    0,0+ Command Line:         C:\Users\hakan\Documents\C#\CEM\MyFirstApp\bin\Debug\net9.0-windows\MyFirstApp.dll
      0s    0,0+ 
      0s    0,0+ ----------------------------------------
      0s    0,0+ 
      0s    0,0+ Welcome to PicoGK
      0s    0,0+ Creating Viewer
      0s    0,2+ PicoGK:    PicoGK Core Library
      0s    0,0+            1.7.1
      0s    0,0+            2024-08-03 22:17:59 picogk.1.7
      0s    0,0+ 
      0s    0,0+ VoxelSize: 3 (mm)
      0s    0,0+ Happy Computational Engineering!
      0s    0,0+ 
      0s    0,0+ 
      0s    0,0+ Loading lights embedded environment
      0s    0,0+ Starting tasks.
      0s    0,0+ 
      0s    0,0+ Loading Lights
      5s    4,4+ 
      5s    4,4+ --- Starting Parametric BWB Construction ---
      5s    0,0+ Grid created with 31 blended cross-sections.
      5s    0,0+ Constructing mesh from grid...
      5s    0,0+ Voxelizing...
      5s    0,3+ Shelling final airframe...
      5s    0,1+ --- BWB Construction Complete ---
     14s    8,6+ 
     14s    8,6+ --- Starting Parametric BWB Construction ---
     14s    0,0+ Grid created with 31 blended cross-sections.
     14s    0,0+ Constructing mesh from grid...
     14s    0,0+ Voxelizing...
     14s    0,3+ Shelling final airframe...
     14s    0,1+ --- BWB Construction Complete ---
     17s    3,0+ 
     17s    3,0+ --- Starting Parametric BWB Construction ---
     17s    0,0+ Grid created with 31 blended cross-sections.
     17s    0,0+ Constructing mesh from grid...
     17s    0,0+ Voxelizing...
     17s    0,3+ Shelling final airframe...
     17s    0,0+ --- BWB Construction Complete ---
     19s    2,0+ 
     19s    2,0+ --- Starting Parametric BWB Construction ---
     19s    0,0+ Grid created with 31 blended cross-sections.
     19s    0,0+ Constructing mesh from grid...
     19s    0,0+ Voxelizing...
     19s    0,2+ Shelling final airframe...
     20s    0,0+ --- BWB Construction Complete ---
     23s    3,2+ 
     23s    3,2+ --- Starting Parametric BWB Construction ---
     23s    0,0+ Grid created with 31 blended cross-sections.
     23s    0,0+ Constructing mesh from grid...
     23s    0,0+ Voxelizing...
     23s    0,2+ Shelling final airframe...
     23s    0,0+ --- BWB Construction Complete ---
     26s    2,9+ 
     26s    2,9+ --- Starting Parametric BWB Construction ---
     26s    0,0+ Grid created with 31 blended cross-sections.
     26s    0,0+ Constructing mesh from grid...
     26s    0,0+ Voxelizing...
     26s    0,2+ Shelling final airframe...
     26s    0,0+ --- BWB Construction Complete ---
     30s    3,6+ 
     30s    3,6+ --- Starting Parametric BWB Construction ---
     30s    0,0+ Grid created with 31 blended cross-sections.
     30s    0,0+ Constructing mesh from grid...
     30s    0,0+ Voxelizing...
     30s    0,2+ Shelling final airframe...
     30s    0,0+ --- BWB Construction Complete ---
     33s    3,6+ 
     33s    3,6+ --- Starting Parametric BWB Construction ---
     33s    0,0+ Grid created with 31 blended cross-sections.
     33s    0,0+ Constructing mesh from grid...
     33s    0,0+ Voxelizing...
     34s    0,2+ Shelling final airframe...
     34s    0,0+ --- BWB Construction Complete ---
     36s    2,5+ 
     36s    2,5+ --- Starting Parametric BWB Construction ---
     36s    0,0+ Grid created with 31 blended cross-sections.
     36s    0,0+ Constructing mesh from grid...
     36s    0,0+ Voxelizing...
     36s    0,2+ Shelling final airframe...
     36s    0,0+ --- BWB Construction Complete ---
     38s    1,6+ 
     38s    1,6+ --- Starting Parametric BWB Construction ---
     38s    0,0+ Grid created with 31 blended cross-sections.
     38s    0,0+ Constructing mesh from grid...
     38s    0,0+ Voxelizing...
     38s    0,2+ Shelling final airframe...
     38s    0,0+ --- BWB Construction Complete ---
     41s    2,7+ 
     41s    2,7+ --- Starting Parametric BWB Construction ---
     41s    0,0+ Grid created with 31 blended cross-sections.
     41s    0,0+ Constructing mesh from grid...
     41s    0,0+ Voxelizing...
     41s    0,3+ Shelling final airframe...
     41s    0,0+ --- BWB Construction Complete ---
     43s    1,9+ 
     43s    1,9+ --- Starting Parametric BWB Construction ---
     43s    0,0+ Grid created with 31 blended cross-sections.
     43s    0,0+ Constructing mesh from grid...
     43s    0,0+ Voxelizing...
     43s    0,3+ Shelling final airframe...
     43s    0,0+ --- BWB Construction Complete ---
     46s    2,3+ 
     46s    2,3+ --- Starting Parametric BWB Construction ---
     46s    0,0+ Grid created with 31 blended cross-sections.
     46s    0,0+ Constructing mesh from grid...
     46s    0,0+ Voxelizing...
     46s    0,5+ Shelling final airframe...
     46s    0,1+ --- BWB Construction Complete ---
     47s    0,9+ 
     47s    0,9+ --- Starting Parametric BWB Construction ---
     47s    0,0+ Grid created with 31 blended cross-sections.
     47s    0,0+ Constructing mesh from grid...
     47s    0,0+ Voxelizing...
     47s    0,3+ Shelling final airframe...
     48s    0,0+ --- BWB Construction Complete ---
     49s    1,5+ 
     49s    1,5+ --- Starting Parametric BWB Construction ---
     49s    0,0+ Grid created with 31 blended cross-sections.
     49s    0,0+ Constructing mesh from grid...
     49s    0,0+ Voxelizing...
     49s    0,4+ Shelling final airframe...
     49s    0,1+ --- BWB Construction Complete ---
     52s    2,2+ 
     52s    2,2+ --- Starting Parametric BWB Construction ---
     52s    0,0+ Grid created with 31 blended cross-sections.
     52s    0,0+ Constructing mesh from grid...
     52s    0,0+ Voxelizing...
     52s    0,4+ Shelling final airframe...
     52s    0,1+ --- BWB Construction Complete ---
     54s    1,6+ 
     54s    1,6+ --- Starting Parametric BWB Construction ---
     54s    0,0+ Grid created with 31 blended cross-sections.
     54s    0,0+ Constructing mesh from grid...
     54s    0,0+ Voxelizing...
     54s    0,4+ Shelling final airframe...
     54s    0,1+ --- BWB Construction Complete ---
