      0s    0,0+ Opened C:\Users\hakan\Documents\C#\CEM\MyFirstApp\bin\Debug\net9.0-windows\Log\2026-01-03_16-55-36\PicoGK.log
      0s    0,0+ 
      0s    0,0+ ----------------------------------------
      0s    0,0+ 
      0s    0,0+ Current time (UTC): 2026-01-03 15:55:36 (UTC)
      0s    0,0+ Current local time: 2026-01-03 16:55:36 (+01:00)
      0s    0,0+ 
      0s    0,0+ ----------------------------------------
      0s    0,0+ 
      0s    0,0+ System Info:
      0s    0,0+ 
      0s    0,0+ Machine Name:         GENJU
      0s    0,0+ Operating System      Microsoft Windows 10.0.26100
      0s    0,0+ Version:              Microsoft Windows NT 10.0.26100.0
      0s    0,0+ OS Architecture:      X64
      0s    0,0+ Proc Architecture:    X64
      0s    0,0+ 64 Bit OS:            Yes
      0s    0,0+ 64 Bit Process:       Yes
      0s    0,0+ Processor Count:      24
      0s    0,0+ Working Set:          27MB
      0s    0,0+ C# Framework:         .NET 9.0.11
      0s    0,0+ C# CLR Version:       9.0.11
      0s    0,0+ PicoGK Path:          picogk.1.7
      0s    0,0+ Command Line:         C:\Users\hakan\Documents\C#\CEM\MyFirstApp\bin\Debug\net9.0-windows\MyFirstApp.dll
      0s    0,0+ 
      0s    0,0+ ----------------------------------------
      0s    0,0+ 
      0s    0,0+ Welcome to PicoGK
      0s    0,0+ Creating Viewer
      0s    0,2+ PicoGK:    PicoGK Core Library
      0s    0,0+            1.7.1
      0s    0,0+            2024-08-03 22:17:59 picogk.1.7
      0s    0,0+ 
      0s    0,0+ VoxelSize: 3 (mm)
      0s    0,0+ Happy Computational Engineering!
      0s    0,0+ 
      0s    0,0+ 
      0s    0,0+ Loading lights embedded environment
      0s    0,0+ Starting tasks.
      0s    0,0+ 
      0s    0,0+ Loading Lights
      6s    6,1+ --- Generating BWB Multi-Section ---
     15s    8,6+ --- Generating BWB Multi-Section ---
     26s   11,2+ --- Generating BWB Multi-Section ---
     28s    1,7+ --- Generating BWB Multi-Section ---
     29s    1,2+ --- Generating BWB Multi-Section ---
     30s    1,3+ --- Generating BWB Multi-Section ---
     33s    2,5+ --- Generating BWB Multi-Section ---
     35s    2,0+ --- Generating BWB Multi-Section ---
     37s    1,9+ --- Generating BWB Multi-Section ---
     40s    3,4+ --- Generating BWB Multi-Section ---
     43s    3,0+ --- Generating BWB Multi-Section ---
     45s    1,9+ --- Generating BWB Multi-Section ---
     60s   14,9+ --- Generating BWB Multi-Section ---
     62s    1,7+ --- Generating BWB Multi-Section ---
     64s    2,0+ --- Generating BWB Multi-Section ---
     66s    2,3+ --- Generating BWB Multi-Section ---
    438s  371,8+ --- Generating BWB Multi-Section ---
    441s    3,4+ --- Generating BWB Multi-Section ---
    443s    1,6+ --- Generating BWB Multi-Section ---
    444s    1,4+ --- Generating BWB Multi-Section ---
