      0s    0,0+ Opened C:\Users\hakan\Documents\C#\CEM\MyFirstApp\bin\Debug\net9.0-windows\Log\2026-01-04_07-05-32\PicoGK.log
      0s    0,0+ 
      0s    0,0+ ----------------------------------------
      0s    0,0+ 
      0s    0,0+ Current time (UTC): 2026-01-04 06:05:32 (UTC)
      0s    0,0+ Current local time: 2026-01-04 07:05:32 (+01:00)
      0s    0,0+ 
      0s    0,0+ ----------------------------------------
      0s    0,0+ 
      0s    0,0+ System Info:
      0s    0,0+ 
      0s    0,0+ Machine Name:         GENJU
      0s    0,0+ Operating System      Microsoft Windows 10.0.26100
      0s    0,0+ Version:              Microsoft Windows NT 10.0.26100.0
      0s    0,0+ OS Architecture:      X64
      0s    0,0+ Proc Architecture:    X64
      0s    0,0+ 64 Bit OS:            Yes
      0s    0,0+ 64 Bit Process:       Yes
      0s    0,0+ Processor Count:      24
      0s    0,0+ Working Set:          27MB
      0s    0,0+ C# Framework:         .NET 9.0.11
      0s    0,0+ C# CLR Version:       9.0.11
      0s    0,0+ PicoGK Path:          picogk.1.7
      0s    0,0+ Command Line:         C:\Users\hakan\Documents\C#\CEM\MyFirstApp\bin\Debug\net9.0-windows\MyFirstApp.dll
      0s    0,0+ 
      0s    0,0+ ----------------------------------------
      0s    0,0+ 
      0s    0,0+ Welcome to PicoGK
      0s    0,0+ Creating Viewer
      0s    0,1+ PicoGK:    PicoGK Core Library
      0s    0,0+            1.7.1
      0s    0,0+            2024-08-03 22:17:59 picogk.1.7
      0s    0,0+ 
      0s    0,0+ VoxelSize: 3 (mm)
      0s    0,0+ Happy Computational Engineering!
      0s    0,0+ 
      0s    0,0+ 
      0s    0,0+ Loading lights embedded environment
      0s    0,0+ Starting tasks.
      0s    0,0+ 
      0s    0,0+ Loading Lights
      6s    5,8+ --- Generating B-21 Generative Design ---
     40s   33,8+ --- Generating B-21 Generative Design ---
     55s   15,5+ --- Generating B-21 Generative Design ---
    102s   47,0+ --- Generating B-21 Generative Design ---
    134s   32,1+ --- Generating B-21 Generative Design ---
    166s   31,4+ --- Generating B-21 Generative Design ---
    206s   40,4+ --- Generating B-21 Generative Design ---
    232s   26,2+ --- Generating B-21 Generative Design ---
    327s   94,9+ --- Generating B-21 Generative Design ---
    410s   82,8+ --- Generating B-21 Generative Design ---
    434s   23,6+ --- Generating B-21 Generative Design ---
    514s   80,5+ --- Generating B-21 Generative Design ---
    664s  149,6+ --- Generating B-21 Generative Design ---
    683s   19,0+ --- Generating B-21 Generative Design ---
    712s   29,0+ --- Generating B-21 Generative Design ---
    937s  225,0+ --- Generating B-21 Generative Design ---
    972s   35,2+ --- Generating B-21 Generative Design ---
